2025-07-03 04:31:57,844 - alert_routes - INFO - [alert_routes.py:531] - Started ACL monitoring
2025-07-03 04:32:57,500 - alert_routes - INFO - [alert_routes.py:96] - Created alert configuration 1: per
2025-07-03 04:38:44,563 - alert_routes - INFO - [alert_routes.py:531] - Started ACL monitoring
2025-07-03 04:58:29,520 - alert_routes - INFO - [alert_routes.py:531] - Started ACL monitoring
2025-07-03 05:03:01,697 - alert_routes - INFO - [alert_routes.py:549] - Stopped ACL monitoring
2025-07-03 15:02:42,743 - alert_routes - INFO - [alert_routes.py:531] - Started ACL monitoring
2025-07-03 15:39:30,430 - alert_routes - INFO - [alert_routes.py:531] - Started ACL monitoring
2025-07-03 15:59:46,059 - alert_routes - INFO - [alert_routes.py:531] - Started ACL monitoring
2025-07-03 16:35:07,043 - alert_routes - INFO - [alert_routes.py:531] - Started ACL monitoring
2025-07-03 16:37:58,457 - alert_routes - INFO - [alert_routes.py:531] - Started ACL monitoring
2025-07-03 16:43:06,400 - alert_routes - INFO - [alert_routes.py:531] - Started ACL monitoring
2025-07-03 16:51:57,446 - alert_routes - INFO - [alert_routes.py:531] - Started ACL monitoring
2025-07-03 17:04:49,310 - alert_routes - INFO - [alert_routes.py:549] - Stopped ACL monitoring
2025-07-03 17:04:51,795 - alert_routes - INFO - [alert_routes.py:531] - Started ACL monitoring
2025-07-03 17:29:31,278 - alert_routes - INFO - [alert_routes.py:534] - Auto-detected scan target paths: ['C:\\ShareGuardTest\\IT', 'C:\\ShareGuardTest\\Finance', 'C:\\ShareGuardTestData', 'C:\\ShareGuardTest']
2025-07-03 17:29:31,279 - alert_routes - INFO - [alert_routes.py:539] - Started ACL monitoring on 4 paths
2025-07-03 17:29:38,137 - alert_routes - INFO - [alert_routes.py:534] - Auto-detected scan target paths: ['C:\\ShareGuardTest\\IT', 'C:\\ShareGuardTest\\Finance', 'C:\\ShareGuardTestData', 'C:\\ShareGuardTest']
2025-07-03 17:29:38,140 - alert_routes - INFO - [alert_routes.py:539] - Started ACL monitoring on 4 paths
2025-07-03 17:29:38,144 - alert_routes - INFO - [alert_routes.py:534] - Auto-detected scan target paths: ['C:\\ShareGuardTest\\IT', 'C:\\ShareGuardTest\\Finance', 'C:\\ShareGuardTestData', 'C:\\ShareGuardTest']
2025-07-03 17:29:38,145 - alert_routes - INFO - [alert_routes.py:539] - Started ACL monitoring on 4 paths
2025-07-03 17:33:21,612 - alert_routes - INFO - [alert_routes.py:97] - Created alert configuration 3: Medmium
2025-07-03 17:33:38,105 - alert_routes - INFO - [alert_routes.py:97] - Created alert configuration 4: Critical
2025-07-03 17:48:25,629 - alert_routes - INFO - [alert_routes.py:534] - Auto-detected scan target paths: ['C:\\ShareGuardTest\\IT', 'C:\\ShareGuardTest\\Finance', 'C:\\ShareGuardTestData', 'C:\\ShareGuardTest']
2025-07-03 17:48:25,633 - alert_routes - INFO - [alert_routes.py:539] - Started ACL monitoring on 4 paths
2025-07-03 18:01:17,668 - alert_routes - INFO - [alert_routes.py:534] - Auto-detected scan target paths: ['C:\\ShareGuardTest\\IT', 'C:\\ShareGuardTest\\Finance', 'C:\\ShareGuardTestData', 'C:\\ShareGuardTest']
2025-07-03 18:01:17,669 - alert_routes - INFO - [alert_routes.py:539] - Started ACL monitoring on 4 paths
2025-07-03 18:12:17,149 - alert_routes - INFO - [alert_routes.py:534] - Auto-detected scan target paths: ['C:\\ShareGuardTest\\IT', 'C:\\ShareGuardTest\\Finance', 'C:\\ShareGuardTestData', 'C:\\ShareGuardTest']
2025-07-03 18:12:17,150 - alert_routes - INFO - [alert_routes.py:539] - Started ACL monitoring on 4 paths
2025-07-03 18:12:18,654 - alert_routes - INFO - [alert_routes.py:534] - Auto-detected scan target paths: ['C:\\ShareGuardTest\\IT', 'C:\\ShareGuardTest\\Finance', 'C:\\ShareGuardTestData', 'C:\\ShareGuardTest']
2025-07-03 18:12:18,656 - alert_routes - INFO - [alert_routes.py:539] - Started ACL monitoring on 4 paths
