2025-04-13 08:21:29,137 - auth_routes - INFO - [auth_routes.py:81] - Login attempt for ShareGuardService@shareguard.com
2025-04-13 08:21:29,138 - auth_routes - DEBUG - [auth_routes.py:37] - Attempting Windows authentication for shareguard.com\ShareGuardService
2025-04-13 08:21:29,145 - auth_routes - WARNING - [auth_routes.py:47] - Windows authentication failed for shareguard.com\ShareGuardService: (1330, 'LogonUser', 'The password for this account has expired.')
2025-04-13 08:21:29,146 - auth_routes - WARNING - [auth_routes.py:85] - Invalid Windows credentials for ShareGuardService
2025-04-13 08:21:41,798 - auth_routes - INFO - [auth_routes.py:81] - Login attempt for ShareGuardService@shareguard.com
2025-04-13 08:21:41,798 - auth_routes - DEBUG - [auth_routes.py:37] - Attempting Windows authentication for shareguard.com\ShareGuardService
2025-04-13 08:21:41,804 - auth_routes - WARNING - [auth_routes.py:47] - Windows authentication failed for shareguard.com\ShareGuardService: (1330, 'LogonUser', 'The password for this account has expired.')
2025-04-13 08:21:41,804 - auth_routes - WARNING - [auth_routes.py:85] - Invalid Windows credentials for ShareGuardService
2025-04-13 08:22:36,473 - auth_routes - INFO - [auth_routes.py:81] - Login attempt for ShareGuardService@shareguard.com
2025-04-13 08:22:36,473 - auth_routes - DEBUG - [auth_routes.py:37] - Attempting Windows authentication for shareguard.com\ShareGuardService
2025-04-13 08:22:36,480 - auth_routes - WARNING - [auth_routes.py:47] - Windows authentication failed for shareguard.com\ShareGuardService: (1330, 'LogonUser', 'The password for this account has expired.')
2025-04-13 08:22:36,481 - auth_routes - WARNING - [auth_routes.py:85] - Invalid Windows credentials for ShareGuardService
2025-04-13 08:28:46,610 - auth_routes - INFO - [auth_routes.py:81] - Login attempt for ShareGuardService@shareguard.com
2025-04-13 08:28:46,610 - auth_routes - DEBUG - [auth_routes.py:37] - Attempting Windows authentication for shareguard.com\ShareGuardService
2025-04-13 08:28:46,616 - auth_routes - WARNING - [auth_routes.py:47] - Windows authentication failed for shareguard.com\ShareGuardService: (1330, 'LogonUser', 'The password for this account has expired.')
2025-04-13 08:28:46,617 - auth_routes - WARNING - [auth_routes.py:85] - Invalid Windows credentials for ShareGuardService
2025-04-13 08:31:08,747 - auth_routes - INFO - [auth_routes.py:81] - Login attempt for ShareGuardService@shareguard.com
2025-04-13 08:31:08,747 - auth_routes - DEBUG - [auth_routes.py:37] - Attempting Windows authentication for shareguard.com\ShareGuardService
2025-04-13 08:31:08,760 - auth_routes - WARNING - [auth_routes.py:47] - Windows authentication failed for shareguard.com\ShareGuardService: (1326, 'LogonUser', 'The user name or password is incorrect.')
2025-04-13 08:31:08,761 - auth_routes - WARNING - [auth_routes.py:85] - Invalid Windows credentials for ShareGuardService
2025-04-13 08:31:47,405 - auth_routes - INFO - [auth_routes.py:81] - Login attempt for ShareGuardService@shareguard.com
2025-04-13 08:31:47,405 - auth_routes - DEBUG - [auth_routes.py:37] - Attempting Windows authentication for shareguard.com\ShareGuardService
2025-04-13 08:31:47,417 - auth_routes - WARNING - [auth_routes.py:47] - Windows authentication failed for shareguard.com\ShareGuardService: (1326, 'LogonUser', 'The user name or password is incorrect.')
2025-04-13 08:31:47,417 - auth_routes - WARNING - [auth_routes.py:85] - Invalid Windows credentials for ShareGuardService
2025-04-13 08:31:48,632 - auth_routes - INFO - [auth_routes.py:81] - Login attempt for ShareGuardService@shareguard.com
2025-04-13 08:31:48,633 - auth_routes - DEBUG - [auth_routes.py:37] - Attempting Windows authentication for shareguard.com\ShareGuardService
2025-04-13 08:31:48,645 - auth_routes - WARNING - [auth_routes.py:47] - Windows authentication failed for shareguard.com\ShareGuardService: (1326, 'LogonUser', 'The user name or password is incorrect.')
2025-04-13 08:31:48,646 - auth_routes - WARNING - [auth_routes.py:85] - Invalid Windows credentials for ShareGuardService
2025-04-13 08:41:41,124 - auth_routes - INFO - [auth_routes.py:81] - Login attempt for ShareGuardService@shareguard.com
2025-04-13 08:41:41,125 - auth_routes - DEBUG - [auth_routes.py:37] - Attempting Windows authentication for shareguard.com\ShareGuardService
2025-04-13 08:41:41,137 - auth_routes - WARNING - [auth_routes.py:47] - Windows authentication failed for shareguard.com\ShareGuardService: (1326, 'LogonUser', 'The user name or password is incorrect.')
2025-04-13 08:41:41,138 - auth_routes - WARNING - [auth_routes.py:85] - Invalid Windows credentials for ShareGuardService
2025-04-13 08:42:33,411 - auth_routes - INFO - [auth_routes.py:81] - Login attempt for ShareGuardService@shareguard.com
2025-04-13 08:42:33,411 - auth_routes - DEBUG - [auth_routes.py:37] - Attempting Windows authentication for shareguard.com\ShareGuardService
2025-04-13 08:42:33,422 - auth_routes - WARNING - [auth_routes.py:47] - Windows authentication failed for shareguard.com\ShareGuardService: (1326, 'LogonUser', 'The user name or password is incorrect.')
2025-04-13 08:42:33,422 - auth_routes - WARNING - [auth_routes.py:85] - Invalid Windows credentials for ShareGuardService
2025-04-13 08:43:01,999 - auth_routes - INFO - [auth_routes.py:81] - Login attempt for ShareGuardService@shareguard.com
2025-04-13 08:43:01,999 - auth_routes - DEBUG - [auth_routes.py:37] - Attempting Windows authentication for shareguard.com\ShareGuardService
2025-04-13 08:43:02,013 - auth_routes - WARNING - [auth_routes.py:47] - Windows authentication failed for shareguard.com\ShareGuardService: (1326, 'LogonUser', 'The user name or password is incorrect.')
2025-04-13 08:43:02,014 - auth_routes - WARNING - [auth_routes.py:85] - Invalid Windows credentials for ShareGuardService
2025-04-13 08:43:22,287 - auth_routes - INFO - [auth_routes.py:81] - Login attempt for ShareGuardService@shareguard.com
2025-04-13 08:43:22,287 - auth_routes - DEBUG - [auth_routes.py:37] - Attempting Windows authentication for shareguard.com\ShareGuardService
2025-04-13 08:43:22,298 - auth_routes - WARNING - [auth_routes.py:47] - Windows authentication failed for shareguard.com\ShareGuardService: (1326, 'LogonUser', 'The user name or password is incorrect.')
2025-04-13 08:43:22,298 - auth_routes - WARNING - [auth_routes.py:85] - Invalid Windows credentials for ShareGuardService
2025-04-13 08:43:52,230 - auth_routes - INFO - [auth_routes.py:81] - Login attempt for ShareGuardService@shareguard.com
2025-04-13 08:43:52,231 - auth_routes - DEBUG - [auth_routes.py:37] - Attempting Windows authentication for shareguard.com\ShareGuardService
2025-04-13 08:43:52,244 - auth_routes - WARNING - [auth_routes.py:47] - Windows authentication failed for shareguard.com\ShareGuardService: (1326, 'LogonUser', 'The user name or password is incorrect.')
2025-04-13 08:43:52,244 - auth_routes - WARNING - [auth_routes.py:85] - Invalid Windows credentials for ShareGuardService
2025-04-13 08:48:19,771 - auth_routes - INFO - [auth_routes.py:81] - Login attempt for sashareguard@shareguard.com
2025-04-13 08:48:19,772 - auth_routes - DEBUG - [auth_routes.py:37] - Attempting Windows authentication for shareguard.com\sashareguard
2025-04-13 08:48:19,820 - auth_routes - WARNING - [auth_routes.py:99] - Service account not authorized: sashareguard
2025-04-13 08:54:09,845 - auth_routes - INFO - [auth_routes.py:81] - Login attempt for sashareguard@shareguard.com
2025-04-13 08:54:09,847 - auth_routes - DEBUG - [auth_routes.py:37] - Attempting Windows authentication for shareguard.com\sashareguard
2025-04-13 08:54:09,892 - auth_routes - DEBUG - [auth_routes.py:62] - Creating token with payload: {'sub': '2', 'name': 'shareguard.com\\sashareguard', 'exp': datetime.datetime(2025, 4, 14, 15, 54, 9, 892861), 'iat': datetime.datetime(2025, 4, 13, 15, 54, 9, 892885)}
2025-04-13 08:54:09,904 - auth_routes - INFO - [auth_routes.py:136] - Login successful for sashareguard
2025-04-13 08:54:50,592 - auth_routes - DEBUG - [auth_routes.py:201] - Processing token verification request
2025-04-13 08:54:50,594 - auth_routes - INFO - [auth_routes.py:225] - Token verified successfully for sashareguard
2025-04-13 08:54:50,613 - auth_routes - DEBUG - [auth_routes.py:201] - Processing token verification request
2025-04-13 08:54:50,617 - auth_routes - INFO - [auth_routes.py:225] - Token verified successfully for sashareguard
2025-04-13 08:55:33,479 - auth_routes - DEBUG - [auth_routes.py:201] - Processing token verification request
2025-04-13 08:55:33,481 - auth_routes - INFO - [auth_routes.py:225] - Token verified successfully for sashareguard
2025-04-13 08:55:33,496 - auth_routes - DEBUG - [auth_routes.py:201] - Processing token verification request
2025-04-13 08:55:33,498 - auth_routes - INFO - [auth_routes.py:225] - Token verified successfully for sashareguard
2025-04-13 08:55:49,994 - auth_routes - INFO - [auth_routes.py:175] - Processing logout request
2025-04-13 08:55:49,995 - auth_routes - DEBUG - [auth_routes.py:182] - Deactivating session 1002
2025-04-13 08:55:53,192 - auth_routes - INFO - [auth_routes.py:81] - Login attempt for sashareguard@shareguard.com
2025-04-13 08:55:53,193 - auth_routes - DEBUG - [auth_routes.py:37] - Attempting Windows authentication for shareguard.com\sashareguard
2025-04-13 08:55:53,202 - auth_routes - DEBUG - [auth_routes.py:62] - Creating token with payload: {'sub': '2', 'name': 'shareguard.com\\sashareguard', 'exp': datetime.datetime(2025, 4, 14, 15, 55, 53, 202304), 'iat': datetime.datetime(2025, 4, 13, 15, 55, 53, 202318)}
2025-04-13 08:55:53,205 - auth_routes - INFO - [auth_routes.py:136] - Login successful for sashareguard
2025-04-13 09:18:35,171 - auth_routes - DEBUG - [auth_routes.py:201] - Processing token verification request
2025-04-13 09:18:35,173 - auth_routes - INFO - [auth_routes.py:225] - Token verified successfully for sashareguard
2025-04-13 09:18:35,184 - auth_routes - DEBUG - [auth_routes.py:201] - Processing token verification request
2025-04-13 09:18:35,186 - auth_routes - INFO - [auth_routes.py:225] - Token verified successfully for sashareguard
2025-04-13 09:18:47,785 - auth_routes - DEBUG - [auth_routes.py:201] - Processing token verification request
2025-04-13 09:18:47,787 - auth_routes - INFO - [auth_routes.py:225] - Token verified successfully for sashareguard
2025-04-13 09:18:47,805 - auth_routes - DEBUG - [auth_routes.py:201] - Processing token verification request
2025-04-13 09:18:47,808 - auth_routes - INFO - [auth_routes.py:225] - Token verified successfully for sashareguard
2025-04-13 09:19:00,536 - auth_routes - DEBUG - [auth_routes.py:201] - Processing token verification request
2025-04-13 09:19:00,541 - auth_routes - INFO - [auth_routes.py:225] - Token verified successfully for sashareguard
2025-04-13 09:19:00,558 - auth_routes - DEBUG - [auth_routes.py:201] - Processing token verification request
2025-04-13 09:19:00,564 - auth_routes - INFO - [auth_routes.py:225] - Token verified successfully for sashareguard
2025-04-13 09:20:37,110 - auth_routes - DEBUG - [auth_routes.py:201] - Processing token verification request
2025-04-13 09:20:37,112 - auth_routes - INFO - [auth_routes.py:225] - Token verified successfully for sashareguard
2025-04-13 09:20:37,129 - auth_routes - DEBUG - [auth_routes.py:201] - Processing token verification request
2025-04-13 09:20:37,132 - auth_routes - INFO - [auth_routes.py:225] - Token verified successfully for sashareguard
2025-04-13 09:53:16,626 - auth_routes - DEBUG - [auth_routes.py:201] - Processing token verification request
2025-04-13 09:53:16,630 - auth_routes - INFO - [auth_routes.py:225] - Token verified successfully for sashareguard
2025-04-13 09:53:16,653 - auth_routes - DEBUG - [auth_routes.py:201] - Processing token verification request
2025-04-13 09:53:16,656 - auth_routes - INFO - [auth_routes.py:225] - Token verified successfully for sashareguard
2025-04-13 09:53:42,661 - auth_routes - DEBUG - [auth_routes.py:201] - Processing token verification request
2025-04-13 09:53:42,663 - auth_routes - INFO - [auth_routes.py:225] - Token verified successfully for sashareguard
2025-04-13 09:53:42,682 - auth_routes - DEBUG - [auth_routes.py:201] - Processing token verification request
2025-04-13 09:53:42,685 - auth_routes - INFO - [auth_routes.py:225] - Token verified successfully for sashareguard
2025-04-13 10:00:42,263 - auth_routes - DEBUG - [auth_routes.py:201] - Processing token verification request
2025-04-13 10:00:42,268 - auth_routes - INFO - [auth_routes.py:225] - Token verified successfully for sashareguard
2025-04-13 10:00:42,286 - auth_routes - DEBUG - [auth_routes.py:201] - Processing token verification request
2025-04-13 10:00:42,289 - auth_routes - INFO - [auth_routes.py:225] - Token verified successfully for sashareguard
2025-04-13 10:00:42,726 - auth_routes - DEBUG - [auth_routes.py:201] - Processing token verification request
2025-04-13 10:00:42,728 - auth_routes - INFO - [auth_routes.py:225] - Token verified successfully for sashareguard
2025-04-13 10:00:42,749 - auth_routes - DEBUG - [auth_routes.py:201] - Processing token verification request
2025-04-13 10:00:42,753 - auth_routes - INFO - [auth_routes.py:225] - Token verified successfully for sashareguard
2025-04-13 10:40:33,521 - auth_routes - DEBUG - [auth_routes.py:201] - Processing token verification request
2025-04-13 10:40:33,525 - auth_routes - INFO - [auth_routes.py:225] - Token verified successfully for sashareguard
2025-04-13 10:40:33,547 - auth_routes - DEBUG - [auth_routes.py:201] - Processing token verification request
2025-04-13 10:40:33,551 - auth_routes - INFO - [auth_routes.py:225] - Token verified successfully for sashareguard
2025-04-13 10:41:06,726 - auth_routes - DEBUG - [auth_routes.py:201] - Processing token verification request
2025-04-13 10:41:06,729 - auth_routes - INFO - [auth_routes.py:225] - Token verified successfully for sashareguard
2025-04-13 10:41:06,745 - auth_routes - DEBUG - [auth_routes.py:201] - Processing token verification request
2025-04-13 10:41:06,751 - auth_routes - INFO - [auth_routes.py:225] - Token verified successfully for sashareguard
2025-04-13 11:15:35,490 - auth_routes - DEBUG - [auth_routes.py:201] - Processing token verification request
2025-04-13 11:15:35,493 - auth_routes - INFO - [auth_routes.py:225] - Token verified successfully for sashareguard
2025-04-13 11:15:35,513 - auth_routes - DEBUG - [auth_routes.py:201] - Processing token verification request
2025-04-13 11:15:35,516 - auth_routes - INFO - [auth_routes.py:225] - Token verified successfully for sashareguard
2025-04-13 11:16:37,261 - auth_routes - DEBUG - [auth_routes.py:201] - Processing token verification request
2025-04-13 11:16:37,263 - auth_routes - INFO - [auth_routes.py:225] - Token verified successfully for sashareguard
2025-04-13 11:16:37,286 - auth_routes - DEBUG - [auth_routes.py:201] - Processing token verification request
2025-04-13 11:16:37,290 - auth_routes - INFO - [auth_routes.py:225] - Token verified successfully for sashareguard
2025-04-13 11:25:36,286 - auth_routes - DEBUG - [auth_routes.py:201] - Processing token verification request
2025-04-13 11:25:36,288 - auth_routes - INFO - [auth_routes.py:225] - Token verified successfully for sashareguard
2025-04-13 11:25:36,308 - auth_routes - DEBUG - [auth_routes.py:201] - Processing token verification request
2025-04-13 11:25:36,310 - auth_routes - INFO - [auth_routes.py:225] - Token verified successfully for sashareguard
2025-04-13 11:26:07,565 - auth_routes - DEBUG - [auth_routes.py:201] - Processing token verification request
2025-04-13 11:26:07,569 - auth_routes - INFO - [auth_routes.py:225] - Token verified successfully for sashareguard
2025-04-13 11:26:07,585 - auth_routes - DEBUG - [auth_routes.py:201] - Processing token verification request
2025-04-13 11:26:07,588 - auth_routes - INFO - [auth_routes.py:225] - Token verified successfully for sashareguard
2025-04-13 11:27:50,708 - auth_routes - DEBUG - [auth_routes.py:201] - Processing token verification request
2025-04-13 11:27:50,710 - auth_routes - INFO - [auth_routes.py:225] - Token verified successfully for sashareguard
2025-04-13 11:27:50,724 - auth_routes - DEBUG - [auth_routes.py:201] - Processing token verification request
2025-04-13 11:27:50,726 - auth_routes - INFO - [auth_routes.py:225] - Token verified successfully for sashareguard
2025-04-13 11:28:37,842 - auth_routes - DEBUG - [auth_routes.py:201] - Processing token verification request
2025-04-13 11:28:37,845 - auth_routes - INFO - [auth_routes.py:225] - Token verified successfully for sashareguard
2025-04-13 11:28:37,861 - auth_routes - DEBUG - [auth_routes.py:201] - Processing token verification request
2025-04-13 11:28:37,865 - auth_routes - INFO - [auth_routes.py:225] - Token verified successfully for sashareguard
2025-04-13 11:29:38,521 - auth_routes - DEBUG - [auth_routes.py:201] - Processing token verification request
2025-04-13 11:29:38,525 - auth_routes - INFO - [auth_routes.py:225] - Token verified successfully for sashareguard
2025-04-13 11:29:38,541 - auth_routes - DEBUG - [auth_routes.py:201] - Processing token verification request
2025-04-13 11:29:38,544 - auth_routes - INFO - [auth_routes.py:225] - Token verified successfully for sashareguard
2025-04-13 11:43:16,992 - auth_routes - DEBUG - [auth_routes.py:201] - Processing token verification request
2025-04-13 11:43:16,995 - auth_routes - INFO - [auth_routes.py:225] - Token verified successfully for sashareguard
2025-04-13 11:43:17,017 - auth_routes - DEBUG - [auth_routes.py:201] - Processing token verification request
2025-04-13 11:43:17,019 - auth_routes - INFO - [auth_routes.py:225] - Token verified successfully for sashareguard
2025-04-13 11:46:09,640 - auth_routes - DEBUG - [auth_routes.py:201] - Processing token verification request
2025-04-13 11:46:09,642 - auth_routes - INFO - [auth_routes.py:225] - Token verified successfully for sashareguard
2025-04-13 11:46:09,655 - auth_routes - DEBUG - [auth_routes.py:201] - Processing token verification request
2025-04-13 11:46:09,660 - auth_routes - INFO - [auth_routes.py:225] - Token verified successfully for sashareguard
2025-04-13 11:47:08,053 - auth_routes - DEBUG - [auth_routes.py:201] - Processing token verification request
2025-04-13 11:47:08,056 - auth_routes - INFO - [auth_routes.py:225] - Token verified successfully for sashareguard
2025-04-13 11:47:08,070 - auth_routes - DEBUG - [auth_routes.py:201] - Processing token verification request
2025-04-13 11:47:08,073 - auth_routes - INFO - [auth_routes.py:225] - Token verified successfully for sashareguard
2025-04-13 11:53:02,381 - auth_routes - DEBUG - [auth_routes.py:201] - Processing token verification request
2025-04-13 11:53:02,388 - auth_routes - INFO - [auth_routes.py:225] - Token verified successfully for sashareguard
2025-04-13 11:53:02,411 - auth_routes - DEBUG - [auth_routes.py:201] - Processing token verification request
2025-04-13 11:53:02,414 - auth_routes - INFO - [auth_routes.py:225] - Token verified successfully for sashareguard
2025-04-13 11:56:24,262 - auth_routes - DEBUG - [auth_routes.py:201] - Processing token verification request
2025-04-13 11:56:24,265 - auth_routes - INFO - [auth_routes.py:225] - Token verified successfully for sashareguard
2025-04-13 11:56:24,288 - auth_routes - DEBUG - [auth_routes.py:201] - Processing token verification request
2025-04-13 11:56:24,290 - auth_routes - INFO - [auth_routes.py:225] - Token verified successfully for sashareguard
2025-04-13 11:56:50,842 - auth_routes - DEBUG - [auth_routes.py:201] - Processing token verification request
2025-04-13 11:56:50,846 - auth_routes - INFO - [auth_routes.py:225] - Token verified successfully for sashareguard
2025-04-13 11:56:50,869 - auth_routes - DEBUG - [auth_routes.py:201] - Processing token verification request
2025-04-13 11:56:50,871 - auth_routes - INFO - [auth_routes.py:225] - Token verified successfully for sashareguard
