2025-07-01 05:30:04,653 - change_monitor - INFO - [change_monitor.py:60] - ACL Change Monitor initialized
2025-07-01 05:30:51,738 - change_monitor - INFO - [change_monitor.py:78] - Starting ACL change monitoring for 3 paths
2025-07-01 05:30:51,739 - change_monitor - ERROR - [change_monitor.py:206] - Failed to initialize monitoring for C:\ShareGuardTest\IT: module 'win32file' has no attribute 'FILE_LIST_DIRECTORY'
2025-07-01 05:30:51,739 - change_monitor - INFO - [change_monitor.py:148] - Started monitoring path: C:\ShareGuardTest\IT
2025-07-01 05:30:51,740 - change_monitor - INFO - [change_monitor.py:213] - Stopped monitoring path: C:\ShareGuardTest\IT
2025-07-01 05:30:51,740 - change_monitor - ERROR - [change_monitor.py:206] - Failed to initialize monitoring for C:\ShareGuardTestData: module 'win32file' has no attribute 'FILE_LIST_DIRECTORY'
2025-07-01 05:30:51,741 - change_monitor - INFO - [change_monitor.py:148] - Started monitoring path: C:\ShareGuardTestData
2025-07-01 05:30:51,741 - change_monitor - INFO - [change_monitor.py:213] - Stopped monitoring path: C:\ShareGuardTestData
2025-07-01 05:30:51,742 - change_monitor - ERROR - [change_monitor.py:206] - Failed to initialize monitoring for C:\ShareGuardTest: module 'win32file' has no attribute 'FILE_LIST_DIRECTORY'
2025-07-01 05:30:51,742 - change_monitor - INFO - [change_monitor.py:148] - Started monitoring path: C:\ShareGuardTest
2025-07-01 05:30:51,742 - change_monitor - INFO - [change_monitor.py:213] - Stopped monitoring path: C:\ShareGuardTest
2025-07-01 05:30:51,743 - change_monitor - INFO - [change_monitor.py:660] - Group membership monitoring active
2025-07-01 05:30:51,743 - change_monitor - INFO - [change_monitor.py:652] - Started group membership monitoring
2025-07-01 05:30:51,744 - change_monitor - INFO - [change_monitor.py:90] - ACL change monitoring started successfully
2025-07-01 05:31:21,760 - change_monitor - ERROR - [change_monitor.py:675] - Error in group monitoring cycle: There is no current event loop in thread 'GroupMembershipMonitor'.
2025-07-01 05:31:32,009 - change_monitor - INFO - [change_monitor.py:102] - Stopping ACL change monitoring
2025-07-01 05:31:37,015 - change_monitor - INFO - [change_monitor.py:117] - ACL change monitoring stopped
2025-07-01 05:32:21,761 - change_monitor - INFO - [change_monitor.py:681] - Group membership monitoring stopped
2025-07-01 05:55:33,523 - change_monitor - INFO - [change_monitor.py:60] - ACL Change Monitor initialized
2025-07-01 05:55:47,498 - change_monitor - INFO - [change_monitor.py:60] - ACL Change Monitor initialized
2025-07-01 05:57:07,454 - change_monitor - INFO - [change_monitor.py:60] - ACL Change Monitor initialized
2025-07-01 05:59:25,204 - change_monitor - INFO - [change_monitor.py:60] - ACL Change Monitor initialized
2025-07-01 06:06:22,003 - change_monitor - INFO - [change_monitor.py:60] - ACL Change Monitor initialized
2025-07-01 06:06:30,451 - change_monitor - INFO - [change_monitor.py:60] - ACL Change Monitor initialized
2025-07-01 06:22:30,016 - change_monitor - INFO - [change_monitor.py:60] - ACL Change Monitor initialized
2025-07-01 06:22:36,563 - change_monitor - INFO - [change_monitor.py:60] - ACL Change Monitor initialized
2025-07-01 06:23:10,112 - change_monitor - INFO - [change_monitor.py:60] - ACL Change Monitor initialized
2025-07-01 06:23:19,770 - change_monitor - INFO - [change_monitor.py:60] - ACL Change Monitor initialized
2025-07-01 06:33:23,541 - change_monitor - INFO - [change_monitor.py:60] - ACL Change Monitor initialized
2025-07-01 06:54:21,518 - change_monitor - INFO - [change_monitor.py:60] - ACL Change Monitor initialized
2025-07-01 06:58:33,255 - change_monitor - INFO - [change_monitor.py:60] - ACL Change Monitor initialized
2025-07-01 06:58:42,665 - change_monitor - INFO - [change_monitor.py:60] - ACL Change Monitor initialized
2025-07-01 06:59:18,886 - change_monitor - INFO - [change_monitor.py:60] - ACL Change Monitor initialized
2025-07-01 06:59:56,651 - change_monitor - INFO - [change_monitor.py:60] - ACL Change Monitor initialized
2025-07-01 07:00:02,157 - change_monitor - INFO - [change_monitor.py:60] - ACL Change Monitor initialized
2025-07-01 07:00:07,708 - change_monitor - INFO - [change_monitor.py:60] - ACL Change Monitor initialized
2025-07-01 07:02:01,469 - change_monitor - INFO - [change_monitor.py:60] - ACL Change Monitor initialized
2025-07-01 09:10:09,331 - change_monitor - INFO - [change_monitor.py:60] - ACL Change Monitor initialized
2025-07-01 09:17:07,232 - change_monitor - INFO - [change_monitor.py:60] - ACL Change Monitor initialized
2025-07-01 09:35:48,517 - change_monitor - INFO - [change_monitor.py:60] - ACL Change Monitor initialized
2025-07-01 09:35:54,958 - change_monitor - INFO - [change_monitor.py:60] - ACL Change Monitor initialized
2025-07-01 09:36:08,881 - change_monitor - INFO - [change_monitor.py:60] - ACL Change Monitor initialized
2025-07-01 09:36:15,461 - change_monitor - INFO - [change_monitor.py:60] - ACL Change Monitor initialized
2025-07-01 09:49:15,379 - change_monitor - INFO - [change_monitor.py:60] - ACL Change Monitor initialized
2025-07-01 09:49:27,132 - change_monitor - INFO - [change_monitor.py:60] - ACL Change Monitor initialized
2025-07-01 09:49:33,693 - change_monitor - INFO - [change_monitor.py:60] - ACL Change Monitor initialized
2025-07-01 09:49:41,251 - change_monitor - INFO - [change_monitor.py:60] - ACL Change Monitor initialized
2025-07-01 09:53:01,277 - change_monitor - INFO - [change_monitor.py:60] - ACL Change Monitor initialized
2025-07-01 10:04:13,946 - change_monitor - INFO - [change_monitor.py:60] - ACL Change Monitor initialized
2025-07-01 10:07:52,169 - change_monitor - INFO - [change_monitor.py:60] - ACL Change Monitor initialized
2025-07-01 10:09:42,126 - change_monitor - INFO - [change_monitor.py:60] - ACL Change Monitor initialized
2025-07-01 10:18:41,604 - change_monitor - INFO - [change_monitor.py:60] - ACL Change Monitor initialized
2025-07-01 10:19:03,645 - change_monitor - INFO - [change_monitor.py:60] - ACL Change Monitor initialized
2025-07-01 10:20:01,895 - change_monitor - INFO - [change_monitor.py:60] - ACL Change Monitor initialized
2025-07-01 10:28:17,624 - change_monitor - INFO - [change_monitor.py:60] - ACL Change Monitor initialized
2025-07-01 10:33:44,850 - change_monitor - INFO - [change_monitor.py:60] - ACL Change Monitor initialized
2025-07-01 10:33:53,403 - change_monitor - INFO - [change_monitor.py:60] - ACL Change Monitor initialized
2025-07-01 10:34:05,062 - change_monitor - INFO - [change_monitor.py:60] - ACL Change Monitor initialized
2025-07-01 10:35:23,420 - change_monitor - INFO - [change_monitor.py:60] - ACL Change Monitor initialized
2025-07-01 13:02:27,102 - change_monitor - INFO - [change_monitor.py:60] - ACL Change Monitor initialized
2025-07-01 13:28:25,457 - change_monitor - INFO - [change_monitor.py:60] - ACL Change Monitor initialized
2025-07-01 13:35:02,046 - change_monitor - INFO - [change_monitor.py:60] - ACL Change Monitor initialized
2025-07-01 13:35:31,463 - change_monitor - INFO - [change_monitor.py:60] - ACL Change Monitor initialized
2025-07-01 13:35:50,552 - change_monitor - INFO - [change_monitor.py:60] - ACL Change Monitor initialized
2025-07-01 13:39:21,306 - change_monitor - INFO - [change_monitor.py:60] - ACL Change Monitor initialized
2025-07-01 13:48:07,224 - change_monitor - INFO - [change_monitor.py:60] - ACL Change Monitor initialized
2025-07-01 13:49:28,213 - change_monitor - INFO - [change_monitor.py:60] - ACL Change Monitor initialized
2025-07-01 14:02:23,216 - change_monitor - INFO - [change_monitor.py:60] - ACL Change Monitor initialized
2025-07-01 14:13:26,076 - change_monitor - INFO - [change_monitor.py:60] - ACL Change Monitor initialized
2025-07-01 14:14:49,663 - change_monitor - INFO - [change_monitor.py:60] - ACL Change Monitor initialized
2025-07-01 14:25:14,586 - change_monitor - INFO - [change_monitor.py:60] - ACL Change Monitor initialized
2025-07-01 14:25:24,099 - change_monitor - INFO - [change_monitor.py:60] - ACL Change Monitor initialized
2025-07-01 14:43:42,633 - change_monitor - INFO - [change_monitor.py:60] - ACL Change Monitor initialized
2025-07-01 14:44:38,684 - change_monitor - INFO - [change_monitor.py:60] - ACL Change Monitor initialized
2025-07-01 14:45:01,658 - change_monitor - INFO - [change_monitor.py:60] - ACL Change Monitor initialized
2025-07-01 14:45:21,612 - change_monitor - INFO - [change_monitor.py:60] - ACL Change Monitor initialized
2025-07-01 14:59:34,951 - change_monitor - INFO - [change_monitor.py:60] - ACL Change Monitor initialized
2025-07-01 15:05:55,210 - change_monitor - INFO - [change_monitor.py:60] - ACL Change Monitor initialized
2025-07-01 15:16:52,459 - change_monitor - INFO - [change_monitor.py:60] - ACL Change Monitor initialized
2025-07-01 15:18:16,319 - change_monitor - INFO - [change_monitor.py:60] - ACL Change Monitor initialized
2025-07-01 15:18:41,935 - change_monitor - INFO - [change_monitor.py:60] - ACL Change Monitor initialized
2025-07-01 15:19:41,426 - change_monitor - INFO - [change_monitor.py:60] - ACL Change Monitor initialized
2025-07-01 15:19:48,063 - change_monitor - INFO - [change_monitor.py:60] - ACL Change Monitor initialized
2025-07-01 15:24:28,480 - change_monitor - INFO - [change_monitor.py:60] - ACL Change Monitor initialized
2025-07-01 15:33:38,320 - change_monitor - INFO - [change_monitor.py:60] - ACL Change Monitor initialized
2025-07-01 15:35:29,275 - change_monitor - INFO - [change_monitor.py:60] - ACL Change Monitor initialized
2025-07-01 15:36:45,039 - change_monitor - INFO - [change_monitor.py:60] - ACL Change Monitor initialized
