2024-11-23 02:54:46,542 - group_resolver - INFO - Using domain controller: WIN-I2VDDDLDOUA
2024-11-23 02:54:46,543 - group_resolver - DEBUG - Could not get additional domain info: (1355, 'NetGetAnyDCName', 'The specified domain either does not exist or could not be contacted.')
2024-11-23 02:54:46,543 - group_resolver - INFO - GroupResolver initialized with TTL: 3600 seconds
2024-11-23 02:54:46,544 - group_resolver - INFO - Using domain controller: WIN-I2VDDDLDOUA
2024-11-23 02:54:46,545 - group_resolver - DEBUG - Could not get additional domain info: (1355, 'NetGetAnyDCName', 'The specified domain either does not exist or could not be contacted.')
2024-11-23 02:54:46,545 - group_resolver - INFO - GroupResolver initialized with TTL: 3600 seconds
2024-11-23 02:54:46,567 - group_resolver - INFO - Using domain controller: WIN-I2VDDDLDOUA
2024-11-23 02:54:46,567 - group_resolver - DEBUG - Could not get additional domain info: (1355, 'NetGetAnyDCName', 'The specified domain either does not exist or could not be contacted.')
2024-11-23 02:54:46,568 - group_resolver - INFO - GroupResolver initialized with TTL: 3600 seconds
2024-11-23 02:54:46,568 - group_resolver - INFO - Using domain controller: WIN-I2VDDDLDOUA
2024-11-23 02:54:46,569 - group_resolver - DEBUG - Could not get additional domain info: (1355, 'NetGetAnyDCName', 'The specified domain either does not exist or could not be contacted.')
2024-11-23 02:54:46,569 - group_resolver - INFO - GroupResolver initialized with TTL: 3600 seconds
2024-11-23 03:27:29,680 - group_resolver - INFO - Using domain controller: WIN-I2VDDDLDOUA
2024-11-23 03:27:29,681 - group_resolver - DEBUG - Could not get additional domain info: (1355, 'NetGetAnyDCName', 'The specified domain either does not exist or could not be contacted.')
2024-11-23 03:27:29,681 - group_resolver - INFO - GroupResolver initialized with TTL: 3600 seconds
2024-11-23 03:27:29,682 - group_resolver - INFO - Using domain controller: WIN-I2VDDDLDOUA
2024-11-23 03:27:29,683 - group_resolver - DEBUG - Could not get additional domain info: (1355, 'NetGetAnyDCName', 'The specified domain either does not exist or could not be contacted.')
2024-11-23 03:27:29,683 - group_resolver - INFO - GroupResolver initialized with TTL: 3600 seconds
2024-11-23 03:27:29,705 - group_resolver - INFO - Using domain controller: WIN-I2VDDDLDOUA
2024-11-23 03:27:29,706 - group_resolver - DEBUG - Could not get additional domain info: (1355, 'NetGetAnyDCName', 'The specified domain either does not exist or could not be contacted.')
2024-11-23 03:27:29,706 - group_resolver - INFO - GroupResolver initialized with TTL: 3600 seconds
2024-11-23 03:27:29,706 - group_resolver - INFO - Using domain controller: WIN-I2VDDDLDOUA
2024-11-23 03:27:29,707 - group_resolver - DEBUG - Could not get additional domain info: (1355, 'NetGetAnyDCName', 'The specified domain either does not exist or could not be contacted.')
2024-11-23 03:27:29,707 - group_resolver - INFO - GroupResolver initialized with TTL: 3600 seconds
2024-11-23 03:31:03,789 - group_resolver - INFO - Using domain controller: WIN-I2VDDDLDOUA
2024-11-23 03:31:03,790 - group_resolver - DEBUG - Could not get additional domain info: (1355, 'NetGetAnyDCName', 'The specified domain either does not exist or could not be contacted.')
2024-11-23 03:31:03,790 - group_resolver - INFO - GroupResolver initialized with TTL: 3600 seconds
2024-11-23 03:31:03,791 - group_resolver - INFO - Using domain controller: WIN-I2VDDDLDOUA
2024-11-23 03:31:03,792 - group_resolver - DEBUG - Could not get additional domain info: (1355, 'NetGetAnyDCName', 'The specified domain either does not exist or could not be contacted.')
2024-11-23 03:31:03,792 - group_resolver - INFO - GroupResolver initialized with TTL: 3600 seconds
2024-11-23 03:31:03,813 - group_resolver - INFO - Using domain controller: WIN-I2VDDDLDOUA
2024-11-23 03:31:03,814 - group_resolver - DEBUG - Could not get additional domain info: (1355, 'NetGetAnyDCName', 'The specified domain either does not exist or could not be contacted.')
2024-11-23 03:31:03,814 - group_resolver - INFO - GroupResolver initialized with TTL: 3600 seconds
2024-11-23 03:31:03,815 - group_resolver - INFO - Using domain controller: WIN-I2VDDDLDOUA
2024-11-23 03:31:03,816 - group_resolver - DEBUG - Could not get additional domain info: (1355, 'NetGetAnyDCName', 'The specified domain either does not exist or could not be contacted.')
2024-11-23 03:31:03,816 - group_resolver - INFO - GroupResolver initialized with TTL: 3600 seconds
2024-11-23 03:31:06,157 - group_resolver - INFO - Using domain controller: WIN-I2VDDDLDOUA
2024-11-23 03:31:06,157 - group_resolver - DEBUG - Could not get additional domain info: (1355, 'NetGetAnyDCName', 'The specified domain either does not exist or could not be contacted.')
2024-11-23 03:31:06,157 - group_resolver - INFO - GroupResolver initialized with TTL: 3600 seconds
2024-11-23 03:31:06,159 - group_resolver - INFO - Using domain controller: WIN-I2VDDDLDOUA
2024-11-23 03:31:06,159 - group_resolver - DEBUG - Could not get additional domain info: (1355, 'NetGetAnyDCName', 'The specified domain either does not exist or could not be contacted.')
2024-11-23 03:31:06,159 - group_resolver - INFO - GroupResolver initialized with TTL: 3600 seconds
2024-11-23 03:31:06,180 - group_resolver - INFO - Using domain controller: WIN-I2VDDDLDOUA
2024-11-23 03:31:06,181 - group_resolver - DEBUG - Could not get additional domain info: (1355, 'NetGetAnyDCName', 'The specified domain either does not exist or could not be contacted.')
2024-11-23 03:31:06,181 - group_resolver - INFO - GroupResolver initialized with TTL: 3600 seconds
2024-11-23 03:31:06,182 - group_resolver - INFO - Using domain controller: WIN-I2VDDDLDOUA
2024-11-23 03:31:06,183 - group_resolver - DEBUG - Could not get additional domain info: (1355, 'NetGetAnyDCName', 'The specified domain either does not exist or could not be contacted.')
2024-11-23 03:31:06,183 - group_resolver - INFO - GroupResolver initialized with TTL: 3600 seconds
2024-11-23 03:31:28,241 - group_resolver - INFO - Using domain controller: WIN-I2VDDDLDOUA
2024-11-23 03:31:28,242 - group_resolver - DEBUG - Could not get additional domain info: (1355, 'NetGetAnyDCName', 'The specified domain either does not exist or could not be contacted.')
2024-11-23 03:31:28,242 - group_resolver - INFO - GroupResolver initialized with TTL: 3600 seconds
2024-11-23 03:31:28,243 - group_resolver - INFO - Using domain controller: WIN-I2VDDDLDOUA
2024-11-23 03:31:28,243 - group_resolver - DEBUG - Could not get additional domain info: (1355, 'NetGetAnyDCName', 'The specified domain either does not exist or could not be contacted.')
2024-11-23 03:31:28,243 - group_resolver - INFO - GroupResolver initialized with TTL: 3600 seconds
2024-11-23 03:31:28,265 - group_resolver - INFO - Using domain controller: WIN-I2VDDDLDOUA
2024-11-23 03:31:28,266 - group_resolver - DEBUG - Could not get additional domain info: (1355, 'NetGetAnyDCName', 'The specified domain either does not exist or could not be contacted.')
2024-11-23 03:31:28,266 - group_resolver - INFO - GroupResolver initialized with TTL: 3600 seconds
2024-11-23 03:31:28,267 - group_resolver - INFO - Using domain controller: WIN-I2VDDDLDOUA
2024-11-23 03:31:28,268 - group_resolver - DEBUG - Could not get additional domain info: (1355, 'NetGetAnyDCName', 'The specified domain either does not exist or could not be contacted.')
2024-11-23 03:31:28,268 - group_resolver - INFO - GroupResolver initialized with TTL: 3600 seconds
2024-11-23 03:31:54,341 - group_resolver - INFO - Using domain controller: WIN-I2VDDDLDOUA
2024-11-23 03:31:54,342 - group_resolver - DEBUG - Could not get additional domain info: (1355, 'NetGetAnyDCName', 'The specified domain either does not exist or could not be contacted.')
2024-11-23 03:31:54,342 - group_resolver - INFO - GroupResolver initialized with TTL: 3600 seconds
2024-11-23 03:31:54,343 - group_resolver - INFO - Using domain controller: WIN-I2VDDDLDOUA
2024-11-23 03:31:54,344 - group_resolver - DEBUG - Could not get additional domain info: (1355, 'NetGetAnyDCName', 'The specified domain either does not exist or could not be contacted.')
2024-11-23 03:31:54,344 - group_resolver - INFO - GroupResolver initialized with TTL: 3600 seconds
2024-11-23 03:31:54,365 - group_resolver - INFO - Using domain controller: WIN-I2VDDDLDOUA
2024-11-23 03:31:54,365 - group_resolver - DEBUG - Could not get additional domain info: (1355, 'NetGetAnyDCName', 'The specified domain either does not exist or could not be contacted.')
2024-11-23 03:31:54,365 - group_resolver - INFO - GroupResolver initialized with TTL: 3600 seconds
2024-11-23 03:31:54,366 - group_resolver - INFO - Using domain controller: WIN-I2VDDDLDOUA
2024-11-23 03:31:54,367 - group_resolver - DEBUG - Could not get additional domain info: (1355, 'NetGetAnyDCName', 'The specified domain either does not exist or could not be contacted.')
2024-11-23 03:31:54,367 - group_resolver - INFO - GroupResolver initialized with TTL: 3600 seconds
2024-11-23 03:44:48,350 - group_resolver - INFO - Using domain controller: WIN-I2VDDDLDOUA
2024-11-23 03:44:48,351 - group_resolver - DEBUG - Could not get additional domain info: (1355, 'NetGetAnyDCName', 'The specified domain either does not exist or could not be contacted.')
2024-11-23 03:44:48,351 - group_resolver - INFO - GroupResolver initialized with TTL: 3600 seconds
2024-11-23 03:44:48,352 - group_resolver - INFO - Using domain controller: WIN-I2VDDDLDOUA
2024-11-23 03:44:48,352 - group_resolver - DEBUG - Could not get additional domain info: (1355, 'NetGetAnyDCName', 'The specified domain either does not exist or could not be contacted.')
2024-11-23 03:44:48,352 - group_resolver - INFO - GroupResolver initialized with TTL: 3600 seconds
2024-11-23 03:44:48,374 - group_resolver - INFO - Using domain controller: WIN-I2VDDDLDOUA
2024-11-23 03:44:48,374 - group_resolver - DEBUG - Could not get additional domain info: (1355, 'NetGetAnyDCName', 'The specified domain either does not exist or could not be contacted.')
2024-11-23 03:44:48,374 - group_resolver - INFO - GroupResolver initialized with TTL: 3600 seconds
2024-11-23 03:44:48,375 - group_resolver - INFO - Using domain controller: WIN-I2VDDDLDOUA
2024-11-23 03:44:48,376 - group_resolver - DEBUG - Could not get additional domain info: (1355, 'NetGetAnyDCName', 'The specified domain either does not exist or could not be contacted.')
2024-11-23 03:44:48,376 - group_resolver - INFO - GroupResolver initialized with TTL: 3600 seconds
2024-11-23 03:58:57,346 - group_resolver - INFO - [group_resolver.py:80] - Using domain controller: WIN-I2VDDDLDOUA
2024-11-23 03:58:57,347 - group_resolver - DEBUG - [group_resolver.py:94] - Could not get additional domain info: (1355, 'NetGetAnyDCName', 'The specified domain either does not exist or could not be contacted.')
2024-11-23 03:58:57,347 - group_resolver - INFO - [group_resolver.py:59] - GroupResolver initialized with TTL: 3600 seconds
2024-11-23 03:58:57,348 - group_resolver - INFO - [group_resolver.py:80] - Using domain controller: WIN-I2VDDDLDOUA
2024-11-23 03:58:57,349 - group_resolver - DEBUG - [group_resolver.py:94] - Could not get additional domain info: (1355, 'NetGetAnyDCName', 'The specified domain either does not exist or could not be contacted.')
2024-11-23 03:58:57,349 - group_resolver - INFO - [group_resolver.py:59] - GroupResolver initialized with TTL: 3600 seconds
2024-11-23 03:58:57,372 - group_resolver - INFO - [group_resolver.py:80] - Using domain controller: WIN-I2VDDDLDOUA
2024-11-23 03:58:57,373 - group_resolver - DEBUG - [group_resolver.py:94] - Could not get additional domain info: (1355, 'NetGetAnyDCName', 'The specified domain either does not exist or could not be contacted.')
2024-11-23 03:58:57,373 - group_resolver - INFO - [group_resolver.py:59] - GroupResolver initialized with TTL: 3600 seconds
2024-11-23 03:58:57,374 - group_resolver - INFO - [group_resolver.py:80] - Using domain controller: WIN-I2VDDDLDOUA
2024-11-23 03:58:57,375 - group_resolver - DEBUG - [group_resolver.py:94] - Could not get additional domain info: (1355, 'NetGetAnyDCName', 'The specified domain either does not exist or could not be contacted.')
2024-11-23 03:58:57,375 - group_resolver - INFO - [group_resolver.py:59] - GroupResolver initialized with TTL: 3600 seconds
2024-11-23 03:59:02,906 - group_resolver - INFO - [group_resolver.py:80] - Using domain controller: WIN-I2VDDDLDOUA
2024-11-23 03:59:02,907 - group_resolver - DEBUG - [group_resolver.py:94] - Could not get additional domain info: (1355, 'NetGetAnyDCName', 'The specified domain either does not exist or could not be contacted.')
2024-11-23 03:59:02,907 - group_resolver - INFO - [group_resolver.py:59] - GroupResolver initialized with TTL: 3600 seconds
2024-11-23 03:59:02,907 - group_resolver - INFO - [group_resolver.py:80] - Using domain controller: WIN-I2VDDDLDOUA
2024-11-23 03:59:02,908 - group_resolver - DEBUG - [group_resolver.py:94] - Could not get additional domain info: (1355, 'NetGetAnyDCName', 'The specified domain either does not exist or could not be contacted.')
2024-11-23 03:59:02,908 - group_resolver - INFO - [group_resolver.py:59] - GroupResolver initialized with TTL: 3600 seconds
2024-11-23 03:59:02,929 - group_resolver - INFO - [group_resolver.py:80] - Using domain controller: WIN-I2VDDDLDOUA
2024-11-23 03:59:02,930 - group_resolver - DEBUG - [group_resolver.py:94] - Could not get additional domain info: (1355, 'NetGetAnyDCName', 'The specified domain either does not exist or could not be contacted.')
2024-11-23 03:59:02,930 - group_resolver - INFO - [group_resolver.py:59] - GroupResolver initialized with TTL: 3600 seconds
2024-11-23 03:59:02,931 - group_resolver - INFO - [group_resolver.py:80] - Using domain controller: WIN-I2VDDDLDOUA
2024-11-23 03:59:02,931 - group_resolver - DEBUG - [group_resolver.py:94] - Could not get additional domain info: (1355, 'NetGetAnyDCName', 'The specified domain either does not exist or could not be contacted.')
2024-11-23 03:59:02,932 - group_resolver - INFO - [group_resolver.py:59] - GroupResolver initialized with TTL: 3600 seconds
2024-11-23 04:01:16,161 - group_resolver - INFO - [group_resolver.py:80] - Using domain controller: WIN-I2VDDDLDOUA
2024-11-23 04:01:16,162 - group_resolver - DEBUG - [group_resolver.py:94] - Could not get additional domain info: (1355, 'NetGetAnyDCName', 'The specified domain either does not exist or could not be contacted.')
2024-11-23 04:01:16,162 - group_resolver - INFO - [group_resolver.py:59] - GroupResolver initialized with TTL: 3600 seconds
2024-11-23 04:01:16,163 - group_resolver - INFO - [group_resolver.py:80] - Using domain controller: WIN-I2VDDDLDOUA
2024-11-23 04:01:16,163 - group_resolver - DEBUG - [group_resolver.py:94] - Could not get additional domain info: (1355, 'NetGetAnyDCName', 'The specified domain either does not exist or could not be contacted.')
2024-11-23 04:01:16,163 - group_resolver - INFO - [group_resolver.py:59] - GroupResolver initialized with TTL: 3600 seconds
2024-11-23 04:01:16,185 - group_resolver - INFO - [group_resolver.py:80] - Using domain controller: WIN-I2VDDDLDOUA
2024-11-23 04:01:16,186 - group_resolver - DEBUG - [group_resolver.py:94] - Could not get additional domain info: (1355, 'NetGetAnyDCName', 'The specified domain either does not exist or could not be contacted.')
2024-11-23 04:01:16,186 - group_resolver - INFO - [group_resolver.py:59] - GroupResolver initialized with TTL: 3600 seconds
2024-11-23 04:01:16,188 - group_resolver - INFO - [group_resolver.py:80] - Using domain controller: WIN-I2VDDDLDOUA
2024-11-23 04:01:16,189 - group_resolver - DEBUG - [group_resolver.py:94] - Could not get additional domain info: (1355, 'NetGetAnyDCName', 'The specified domain either does not exist or could not be contacted.')
2024-11-23 04:01:16,189 - group_resolver - INFO - [group_resolver.py:59] - GroupResolver initialized with TTL: 3600 seconds
2024-11-23 04:01:27,188 - group_resolver - INFO - [group_resolver.py:80] - Using domain controller: WIN-I2VDDDLDOUA
2024-11-23 04:01:27,189 - group_resolver - DEBUG - [group_resolver.py:94] - Could not get additional domain info: (1355, 'NetGetAnyDCName', 'The specified domain either does not exist or could not be contacted.')
2024-11-23 04:01:27,189 - group_resolver - INFO - [group_resolver.py:59] - GroupResolver initialized with TTL: 3600 seconds
2024-11-23 04:01:27,190 - group_resolver - INFO - [group_resolver.py:80] - Using domain controller: WIN-I2VDDDLDOUA
2024-11-23 04:01:27,191 - group_resolver - DEBUG - [group_resolver.py:94] - Could not get additional domain info: (1355, 'NetGetAnyDCName', 'The specified domain either does not exist or could not be contacted.')
2024-11-23 04:01:27,191 - group_resolver - INFO - [group_resolver.py:59] - GroupResolver initialized with TTL: 3600 seconds
2024-11-23 04:01:27,213 - group_resolver - INFO - [group_resolver.py:80] - Using domain controller: WIN-I2VDDDLDOUA
2024-11-23 04:01:27,214 - group_resolver - DEBUG - [group_resolver.py:94] - Could not get additional domain info: (1355, 'NetGetAnyDCName', 'The specified domain either does not exist or could not be contacted.')
2024-11-23 04:01:27,214 - group_resolver - INFO - [group_resolver.py:59] - GroupResolver initialized with TTL: 3600 seconds
2024-11-23 04:01:27,215 - group_resolver - INFO - [group_resolver.py:80] - Using domain controller: WIN-I2VDDDLDOUA
2024-11-23 04:01:27,216 - group_resolver - DEBUG - [group_resolver.py:94] - Could not get additional domain info: (1355, 'NetGetAnyDCName', 'The specified domain either does not exist or could not be contacted.')
2024-11-23 04:01:27,216 - group_resolver - INFO - [group_resolver.py:59] - GroupResolver initialized with TTL: 3600 seconds
2024-11-23 04:01:41,580 - group_resolver - INFO - [group_resolver.py:80] - Using domain controller: WIN-I2VDDDLDOUA
2024-11-23 04:01:41,581 - group_resolver - DEBUG - [group_resolver.py:94] - Could not get additional domain info: (1355, 'NetGetAnyDCName', 'The specified domain either does not exist or could not be contacted.')
2024-11-23 04:01:41,581 - group_resolver - INFO - [group_resolver.py:59] - GroupResolver initialized with TTL: 3600 seconds
2024-11-23 04:01:41,582 - group_resolver - INFO - [group_resolver.py:80] - Using domain controller: WIN-I2VDDDLDOUA
2024-11-23 04:01:41,582 - group_resolver - DEBUG - [group_resolver.py:94] - Could not get additional domain info: (1355, 'NetGetAnyDCName', 'The specified domain either does not exist or could not be contacted.')
2024-11-23 04:01:41,582 - group_resolver - INFO - [group_resolver.py:59] - GroupResolver initialized with TTL: 3600 seconds
2024-11-23 04:01:41,604 - group_resolver - INFO - [group_resolver.py:80] - Using domain controller: WIN-I2VDDDLDOUA
2024-11-23 04:01:41,605 - group_resolver - DEBUG - [group_resolver.py:94] - Could not get additional domain info: (1355, 'NetGetAnyDCName', 'The specified domain either does not exist or could not be contacted.')
2024-11-23 04:01:41,605 - group_resolver - INFO - [group_resolver.py:59] - GroupResolver initialized with TTL: 3600 seconds
2024-11-23 04:01:41,605 - group_resolver - INFO - [group_resolver.py:80] - Using domain controller: WIN-I2VDDDLDOUA
2024-11-23 04:01:41,606 - group_resolver - DEBUG - [group_resolver.py:94] - Could not get additional domain info: (1355, 'NetGetAnyDCName', 'The specified domain either does not exist or could not be contacted.')
2024-11-23 04:01:41,606 - group_resolver - INFO - [group_resolver.py:59] - GroupResolver initialized with TTL: 3600 seconds
2024-11-23 04:12:03,866 - group_resolver - INFO - [group_resolver.py:80] - Using domain controller: WIN-I2VDDDLDOUA
2024-11-23 04:12:03,867 - group_resolver - DEBUG - [group_resolver.py:94] - Could not get additional domain info: (1355, 'NetGetAnyDCName', 'The specified domain either does not exist or could not be contacted.')
2024-11-23 04:12:03,867 - group_resolver - INFO - [group_resolver.py:59] - GroupResolver initialized with TTL: 3600 seconds
2024-11-23 04:12:03,868 - group_resolver - INFO - [group_resolver.py:80] - Using domain controller: WIN-I2VDDDLDOUA
2024-11-23 04:12:03,869 - group_resolver - DEBUG - [group_resolver.py:94] - Could not get additional domain info: (1355, 'NetGetAnyDCName', 'The specified domain either does not exist or could not be contacted.')
2024-11-23 04:12:03,869 - group_resolver - INFO - [group_resolver.py:59] - GroupResolver initialized with TTL: 3600 seconds
2024-11-23 04:12:03,889 - group_resolver - INFO - [group_resolver.py:80] - Using domain controller: WIN-I2VDDDLDOUA
2024-11-23 04:12:03,890 - group_resolver - DEBUG - [group_resolver.py:94] - Could not get additional domain info: (1355, 'NetGetAnyDCName', 'The specified domain either does not exist or could not be contacted.')
2024-11-23 04:12:03,890 - group_resolver - INFO - [group_resolver.py:59] - GroupResolver initialized with TTL: 3600 seconds
2024-11-23 04:12:03,891 - group_resolver - INFO - [group_resolver.py:80] - Using domain controller: WIN-I2VDDDLDOUA
2024-11-23 04:12:03,892 - group_resolver - DEBUG - [group_resolver.py:94] - Could not get additional domain info: (1355, 'NetGetAnyDCName', 'The specified domain either does not exist or could not be contacted.')
2024-11-23 04:12:03,892 - group_resolver - INFO - [group_resolver.py:59] - GroupResolver initialized with TTL: 3600 seconds
2024-11-23 04:13:14,283 - group_resolver - INFO - [group_resolver.py:80] - Using domain controller: WIN-I2VDDDLDOUA
2024-11-23 04:13:14,284 - group_resolver - DEBUG - [group_resolver.py:94] - Could not get additional domain info: (1355, 'NetGetAnyDCName', 'The specified domain either does not exist or could not be contacted.')
2024-11-23 04:13:14,284 - group_resolver - INFO - [group_resolver.py:59] - GroupResolver initialized with TTL: 3600 seconds
2024-11-23 04:13:14,285 - group_resolver - INFO - [group_resolver.py:80] - Using domain controller: WIN-I2VDDDLDOUA
2024-11-23 04:13:14,285 - group_resolver - DEBUG - [group_resolver.py:94] - Could not get additional domain info: (1355, 'NetGetAnyDCName', 'The specified domain either does not exist or could not be contacted.')
2024-11-23 04:13:14,286 - group_resolver - INFO - [group_resolver.py:59] - GroupResolver initialized with TTL: 3600 seconds
2024-11-23 04:13:14,307 - group_resolver - INFO - [group_resolver.py:80] - Using domain controller: WIN-I2VDDDLDOUA
2024-11-23 04:13:14,307 - group_resolver - DEBUG - [group_resolver.py:94] - Could not get additional domain info: (1355, 'NetGetAnyDCName', 'The specified domain either does not exist or could not be contacted.')
2024-11-23 04:13:14,307 - group_resolver - INFO - [group_resolver.py:59] - GroupResolver initialized with TTL: 3600 seconds
2024-11-23 04:13:14,308 - group_resolver - INFO - [group_resolver.py:80] - Using domain controller: WIN-I2VDDDLDOUA
2024-11-23 04:13:14,309 - group_resolver - DEBUG - [group_resolver.py:94] - Could not get additional domain info: (1355, 'NetGetAnyDCName', 'The specified domain either does not exist or could not be contacted.')
2024-11-23 04:13:14,309 - group_resolver - INFO - [group_resolver.py:59] - GroupResolver initialized with TTL: 3600 seconds
2024-11-23 04:14:50,109 - group_resolver - INFO - [group_resolver.py:80] - Using domain controller: WIN-I2VDDDLDOUA
2024-11-23 04:14:50,110 - group_resolver - DEBUG - [group_resolver.py:94] - Could not get additional domain info: (1355, 'NetGetAnyDCName', 'The specified domain either does not exist or could not be contacted.')
2024-11-23 04:14:50,110 - group_resolver - INFO - [group_resolver.py:59] - GroupResolver initialized with TTL: 3600 seconds
2024-11-23 04:14:50,112 - group_resolver - INFO - [group_resolver.py:80] - Using domain controller: WIN-I2VDDDLDOUA
2024-11-23 04:14:50,113 - group_resolver - DEBUG - [group_resolver.py:94] - Could not get additional domain info: (1355, 'NetGetAnyDCName', 'The specified domain either does not exist or could not be contacted.')
2024-11-23 04:14:50,113 - group_resolver - INFO - [group_resolver.py:59] - GroupResolver initialized with TTL: 3600 seconds
2024-11-23 04:14:50,136 - group_resolver - INFO - [group_resolver.py:80] - Using domain controller: WIN-I2VDDDLDOUA
2024-11-23 04:14:50,137 - group_resolver - DEBUG - [group_resolver.py:94] - Could not get additional domain info: (1355, 'NetGetAnyDCName', 'The specified domain either does not exist or could not be contacted.')
2024-11-23 04:14:50,137 - group_resolver - INFO - [group_resolver.py:59] - GroupResolver initialized with TTL: 3600 seconds
2024-11-23 04:14:50,138 - group_resolver - INFO - [group_resolver.py:80] - Using domain controller: WIN-I2VDDDLDOUA
2024-11-23 04:14:50,138 - group_resolver - DEBUG - [group_resolver.py:94] - Could not get additional domain info: (1355, 'NetGetAnyDCName', 'The specified domain either does not exist or could not be contacted.')
2024-11-23 04:14:50,139 - group_resolver - INFO - [group_resolver.py:59] - GroupResolver initialized with TTL: 3600 seconds
2024-11-23 04:16:10,941 - group_resolver - INFO - [group_resolver.py:80] - Using domain controller: WIN-I2VDDDLDOUA
2024-11-23 04:16:10,942 - group_resolver - DEBUG - [group_resolver.py:94] - Could not get additional domain info: (1355, 'NetGetAnyDCName', 'The specified domain either does not exist or could not be contacted.')
2024-11-23 04:16:10,942 - group_resolver - INFO - [group_resolver.py:59] - GroupResolver initialized with TTL: 3600 seconds
2024-11-23 04:16:10,943 - group_resolver - INFO - [group_resolver.py:80] - Using domain controller: WIN-I2VDDDLDOUA
2024-11-23 04:16:10,943 - group_resolver - DEBUG - [group_resolver.py:94] - Could not get additional domain info: (1355, 'NetGetAnyDCName', 'The specified domain either does not exist or could not be contacted.')
2024-11-23 04:16:10,943 - group_resolver - INFO - [group_resolver.py:59] - GroupResolver initialized with TTL: 3600 seconds
2024-11-23 04:16:10,964 - group_resolver - INFO - [group_resolver.py:80] - Using domain controller: WIN-I2VDDDLDOUA
2024-11-23 04:16:10,965 - group_resolver - DEBUG - [group_resolver.py:94] - Could not get additional domain info: (1355, 'NetGetAnyDCName', 'The specified domain either does not exist or could not be contacted.')
2024-11-23 04:16:10,965 - group_resolver - INFO - [group_resolver.py:59] - GroupResolver initialized with TTL: 3600 seconds
2024-11-23 04:16:10,966 - group_resolver - INFO - [group_resolver.py:80] - Using domain controller: WIN-I2VDDDLDOUA
2024-11-23 04:16:10,966 - group_resolver - DEBUG - [group_resolver.py:94] - Could not get additional domain info: (1355, 'NetGetAnyDCName', 'The specified domain either does not exist or could not be contacted.')
2024-11-23 04:16:10,966 - group_resolver - INFO - [group_resolver.py:59] - GroupResolver initialized with TTL: 3600 seconds
2024-11-23 04:44:23,513 - group_resolver - INFO - [group_resolver.py:80] - Using domain controller: WIN-I2VDDDLDOUA
2024-11-23 04:44:23,514 - group_resolver - DEBUG - [group_resolver.py:94] - Could not get additional domain info: (1355, 'NetGetAnyDCName', 'The specified domain either does not exist or could not be contacted.')
2024-11-23 04:44:23,514 - group_resolver - INFO - [group_resolver.py:59] - GroupResolver initialized with TTL: 3600 seconds
2024-11-23 04:44:23,515 - group_resolver - INFO - [group_resolver.py:80] - Using domain controller: WIN-I2VDDDLDOUA
2024-11-23 04:44:23,516 - group_resolver - DEBUG - [group_resolver.py:94] - Could not get additional domain info: (1355, 'NetGetAnyDCName', 'The specified domain either does not exist or could not be contacted.')
2024-11-23 04:44:23,516 - group_resolver - INFO - [group_resolver.py:59] - GroupResolver initialized with TTL: 3600 seconds
2024-11-23 04:44:23,537 - group_resolver - INFO - [group_resolver.py:80] - Using domain controller: WIN-I2VDDDLDOUA
2024-11-23 04:44:23,537 - group_resolver - DEBUG - [group_resolver.py:94] - Could not get additional domain info: (1355, 'NetGetAnyDCName', 'The specified domain either does not exist or could not be contacted.')
2024-11-23 04:44:23,537 - group_resolver - INFO - [group_resolver.py:59] - GroupResolver initialized with TTL: 3600 seconds
2024-11-23 04:44:23,538 - group_resolver - INFO - [group_resolver.py:80] - Using domain controller: WIN-I2VDDDLDOUA
2024-11-23 04:44:23,539 - group_resolver - DEBUG - [group_resolver.py:94] - Could not get additional domain info: (1355, 'NetGetAnyDCName', 'The specified domain either does not exist or could not be contacted.')
2024-11-23 04:44:23,539 - group_resolver - INFO - [group_resolver.py:59] - GroupResolver initialized with TTL: 3600 seconds
2024-11-23 04:49:20,140 - group_resolver - INFO - [group_resolver.py:80] - Using domain controller: WIN-I2VDDDLDOUA
2024-11-23 04:49:20,141 - group_resolver - DEBUG - [group_resolver.py:94] - Could not get additional domain info: (1355, 'NetGetAnyDCName', 'The specified domain either does not exist or could not be contacted.')
2024-11-23 04:49:20,141 - group_resolver - INFO - [group_resolver.py:59] - GroupResolver initialized with TTL: 3600 seconds
2024-11-23 04:49:20,142 - group_resolver - INFO - [group_resolver.py:80] - Using domain controller: WIN-I2VDDDLDOUA
2024-11-23 04:49:20,142 - group_resolver - DEBUG - [group_resolver.py:94] - Could not get additional domain info: (1355, 'NetGetAnyDCName', 'The specified domain either does not exist or could not be contacted.')
2024-11-23 04:49:20,142 - group_resolver - INFO - [group_resolver.py:59] - GroupResolver initialized with TTL: 3600 seconds
2024-11-23 04:49:20,163 - group_resolver - INFO - [group_resolver.py:80] - Using domain controller: WIN-I2VDDDLDOUA
2024-11-23 04:49:20,164 - group_resolver - DEBUG - [group_resolver.py:94] - Could not get additional domain info: (1355, 'NetGetAnyDCName', 'The specified domain either does not exist or could not be contacted.')
2024-11-23 04:49:20,164 - group_resolver - INFO - [group_resolver.py:59] - GroupResolver initialized with TTL: 3600 seconds
2024-11-23 04:49:20,165 - group_resolver - INFO - [group_resolver.py:80] - Using domain controller: WIN-I2VDDDLDOUA
2024-11-23 04:49:20,165 - group_resolver - DEBUG - [group_resolver.py:94] - Could not get additional domain info: (1355, 'NetGetAnyDCName', 'The specified domain either does not exist or could not be contacted.')
2024-11-23 04:49:20,165 - group_resolver - INFO - [group_resolver.py:59] - GroupResolver initialized with TTL: 3600 seconds
2024-11-23 05:05:39,369 - group_resolver - INFO - [group_resolver.py:80] - Using domain controller: WIN-I2VDDDLDOUA
2024-11-23 05:05:39,370 - group_resolver - DEBUG - [group_resolver.py:94] - Could not get additional domain info: (1355, 'NetGetAnyDCName', 'The specified domain either does not exist or could not be contacted.')
2024-11-23 05:05:39,370 - group_resolver - INFO - [group_resolver.py:59] - GroupResolver initialized with TTL: 3600 seconds
2024-11-23 05:05:39,371 - group_resolver - INFO - [group_resolver.py:80] - Using domain controller: WIN-I2VDDDLDOUA
2024-11-23 05:05:39,372 - group_resolver - DEBUG - [group_resolver.py:94] - Could not get additional domain info: (1355, 'NetGetAnyDCName', 'The specified domain either does not exist or could not be contacted.')
2024-11-23 05:05:39,372 - group_resolver - INFO - [group_resolver.py:59] - GroupResolver initialized with TTL: 3600 seconds
2024-11-23 05:05:39,393 - group_resolver - INFO - [group_resolver.py:80] - Using domain controller: WIN-I2VDDDLDOUA
2024-11-23 05:05:39,394 - group_resolver - DEBUG - [group_resolver.py:94] - Could not get additional domain info: (1355, 'NetGetAnyDCName', 'The specified domain either does not exist or could not be contacted.')
2024-11-23 05:05:39,394 - group_resolver - INFO - [group_resolver.py:59] - GroupResolver initialized with TTL: 3600 seconds
2024-11-23 05:05:39,396 - group_resolver - INFO - [group_resolver.py:80] - Using domain controller: WIN-I2VDDDLDOUA
2024-11-23 05:05:39,400 - group_resolver - DEBUG - [group_resolver.py:94] - Could not get additional domain info: (1355, 'NetGetAnyDCName', 'The specified domain either does not exist or could not be contacted.')
2024-11-23 05:05:39,400 - group_resolver - INFO - [group_resolver.py:59] - GroupResolver initialized with TTL: 3600 seconds
2024-11-23 05:06:19,941 - group_resolver - INFO - [group_resolver.py:80] - Using domain controller: WIN-I2VDDDLDOUA
2024-11-23 05:06:19,942 - group_resolver - DEBUG - [group_resolver.py:94] - Could not get additional domain info: (1355, 'NetGetAnyDCName', 'The specified domain either does not exist or could not be contacted.')
2024-11-23 05:06:19,942 - group_resolver - INFO - [group_resolver.py:59] - GroupResolver initialized with TTL: 3600 seconds
2024-11-23 05:06:19,944 - group_resolver - INFO - [group_resolver.py:80] - Using domain controller: WIN-I2VDDDLDOUA
2024-11-23 05:06:19,945 - group_resolver - DEBUG - [group_resolver.py:94] - Could not get additional domain info: (1355, 'NetGetAnyDCName', 'The specified domain either does not exist or could not be contacted.')
2024-11-23 05:06:19,945 - group_resolver - INFO - [group_resolver.py:59] - GroupResolver initialized with TTL: 3600 seconds
2024-11-23 05:06:19,968 - group_resolver - INFO - [group_resolver.py:80] - Using domain controller: WIN-I2VDDDLDOUA
2024-11-23 05:06:19,969 - group_resolver - DEBUG - [group_resolver.py:94] - Could not get additional domain info: (1355, 'NetGetAnyDCName', 'The specified domain either does not exist or could not be contacted.')
2024-11-23 05:06:19,969 - group_resolver - INFO - [group_resolver.py:59] - GroupResolver initialized with TTL: 3600 seconds
2024-11-23 05:06:19,970 - group_resolver - INFO - [group_resolver.py:80] - Using domain controller: WIN-I2VDDDLDOUA
2024-11-23 05:06:19,971 - group_resolver - DEBUG - [group_resolver.py:94] - Could not get additional domain info: (1355, 'NetGetAnyDCName', 'The specified domain either does not exist or could not be contacted.')
2024-11-23 05:06:19,971 - group_resolver - INFO - [group_resolver.py:59] - GroupResolver initialized with TTL: 3600 seconds
2024-11-23 05:16:22,755 - group_resolver - INFO - [group_resolver.py:80] - Using domain controller: WIN-I2VDDDLDOUA
2024-11-23 05:16:22,756 - group_resolver - DEBUG - [group_resolver.py:94] - Could not get additional domain info: (1355, 'NetGetAnyDCName', 'The specified domain either does not exist or could not be contacted.')
2024-11-23 05:16:22,756 - group_resolver - INFO - [group_resolver.py:59] - GroupResolver initialized with TTL: 3600 seconds
2024-11-23 05:16:22,760 - group_resolver - INFO - [group_resolver.py:80] - Using domain controller: WIN-I2VDDDLDOUA
2024-11-23 05:16:22,761 - group_resolver - DEBUG - [group_resolver.py:94] - Could not get additional domain info: (1355, 'NetGetAnyDCName', 'The specified domain either does not exist or could not be contacted.')
2024-11-23 05:16:22,761 - group_resolver - INFO - [group_resolver.py:59] - GroupResolver initialized with TTL: 3600 seconds
2024-11-23 05:16:22,784 - group_resolver - INFO - [group_resolver.py:80] - Using domain controller: WIN-I2VDDDLDOUA
2024-11-23 05:16:22,784 - group_resolver - DEBUG - [group_resolver.py:94] - Could not get additional domain info: (1355, 'NetGetAnyDCName', 'The specified domain either does not exist or could not be contacted.')
2024-11-23 05:16:22,785 - group_resolver - INFO - [group_resolver.py:59] - GroupResolver initialized with TTL: 3600 seconds
2024-11-23 05:16:22,787 - group_resolver - INFO - [group_resolver.py:80] - Using domain controller: WIN-I2VDDDLDOUA
2024-11-23 05:16:22,787 - group_resolver - DEBUG - [group_resolver.py:94] - Could not get additional domain info: (1355, 'NetGetAnyDCName', 'The specified domain either does not exist or could not be contacted.')
2024-11-23 05:16:22,787 - group_resolver - INFO - [group_resolver.py:59] - GroupResolver initialized with TTL: 3600 seconds
2024-11-23 05:16:59,494 - group_resolver - INFO - [group_resolver.py:80] - Using domain controller: WIN-I2VDDDLDOUA
2024-11-23 05:16:59,495 - group_resolver - DEBUG - [group_resolver.py:94] - Could not get additional domain info: (1355, 'NetGetAnyDCName', 'The specified domain either does not exist or could not be contacted.')
2024-11-23 05:16:59,495 - group_resolver - INFO - [group_resolver.py:59] - GroupResolver initialized with TTL: 3600 seconds
2024-11-23 05:16:59,496 - group_resolver - INFO - [group_resolver.py:80] - Using domain controller: WIN-I2VDDDLDOUA
2024-11-23 05:16:59,497 - group_resolver - DEBUG - [group_resolver.py:94] - Could not get additional domain info: (1355, 'NetGetAnyDCName', 'The specified domain either does not exist or could not be contacted.')
2024-11-23 05:16:59,497 - group_resolver - INFO - [group_resolver.py:59] - GroupResolver initialized with TTL: 3600 seconds
2024-11-23 05:16:59,518 - group_resolver - INFO - [group_resolver.py:80] - Using domain controller: WIN-I2VDDDLDOUA
2024-11-23 05:16:59,519 - group_resolver - DEBUG - [group_resolver.py:94] - Could not get additional domain info: (1355, 'NetGetAnyDCName', 'The specified domain either does not exist or could not be contacted.')
2024-11-23 05:16:59,519 - group_resolver - INFO - [group_resolver.py:59] - GroupResolver initialized with TTL: 3600 seconds
2024-11-23 05:16:59,519 - group_resolver - INFO - [group_resolver.py:80] - Using domain controller: WIN-I2VDDDLDOUA
2024-11-23 05:16:59,520 - group_resolver - DEBUG - [group_resolver.py:94] - Could not get additional domain info: (1355, 'NetGetAnyDCName', 'The specified domain either does not exist or could not be contacted.')
2024-11-23 05:16:59,520 - group_resolver - INFO - [group_resolver.py:59] - GroupResolver initialized with TTL: 3600 seconds
2024-11-23 05:31:24,321 - group_resolver - INFO - [group_resolver.py:80] - Using domain controller: WIN-I2VDDDLDOUA
2024-11-23 05:31:24,322 - group_resolver - DEBUG - [group_resolver.py:94] - Could not get additional domain info: (1355, 'NetGetAnyDCName', 'The specified domain either does not exist or could not be contacted.')
2024-11-23 05:31:24,322 - group_resolver - INFO - [group_resolver.py:59] - GroupResolver initialized with TTL: 3600 seconds
2024-11-23 05:31:24,323 - group_resolver - INFO - [group_resolver.py:80] - Using domain controller: WIN-I2VDDDLDOUA
2024-11-23 05:31:24,324 - group_resolver - DEBUG - [group_resolver.py:94] - Could not get additional domain info: (1355, 'NetGetAnyDCName', 'The specified domain either does not exist or could not be contacted.')
2024-11-23 05:31:24,324 - group_resolver - INFO - [group_resolver.py:59] - GroupResolver initialized with TTL: 3600 seconds
2024-11-23 05:31:24,346 - group_resolver - INFO - [group_resolver.py:80] - Using domain controller: WIN-I2VDDDLDOUA
2024-11-23 05:31:24,347 - group_resolver - DEBUG - [group_resolver.py:94] - Could not get additional domain info: (1355, 'NetGetAnyDCName', 'The specified domain either does not exist or could not be contacted.')
2024-11-23 05:31:24,347 - group_resolver - INFO - [group_resolver.py:59] - GroupResolver initialized with TTL: 3600 seconds
2024-11-23 05:31:24,347 - group_resolver - INFO - [group_resolver.py:80] - Using domain controller: WIN-I2VDDDLDOUA
2024-11-23 05:31:24,348 - group_resolver - DEBUG - [group_resolver.py:94] - Could not get additional domain info: (1355, 'NetGetAnyDCName', 'The specified domain either does not exist or could not be contacted.')
2024-11-23 05:31:24,348 - group_resolver - INFO - [group_resolver.py:59] - GroupResolver initialized with TTL: 3600 seconds
2024-11-23 05:39:50,370 - group_resolver - INFO - [group_resolver.py:80] - Using domain controller: WIN-I2VDDDLDOUA
2024-11-23 05:39:50,371 - group_resolver - DEBUG - [group_resolver.py:94] - Could not get additional domain info: (1355, 'NetGetAnyDCName', 'The specified domain either does not exist or could not be contacted.')
2024-11-23 05:39:50,371 - group_resolver - INFO - [group_resolver.py:59] - GroupResolver initialized with TTL: 3600 seconds
2024-11-23 05:39:50,372 - group_resolver - INFO - [group_resolver.py:80] - Using domain controller: WIN-I2VDDDLDOUA
2024-11-23 05:39:50,372 - group_resolver - DEBUG - [group_resolver.py:94] - Could not get additional domain info: (1355, 'NetGetAnyDCName', 'The specified domain either does not exist or could not be contacted.')
2024-11-23 05:39:50,372 - group_resolver - INFO - [group_resolver.py:59] - GroupResolver initialized with TTL: 3600 seconds
2024-11-23 05:39:50,397 - group_resolver - INFO - [group_resolver.py:80] - Using domain controller: WIN-I2VDDDLDOUA
2024-11-23 05:39:50,398 - group_resolver - DEBUG - [group_resolver.py:94] - Could not get additional domain info: (1355, 'NetGetAnyDCName', 'The specified domain either does not exist or could not be contacted.')
2024-11-23 05:39:50,398 - group_resolver - INFO - [group_resolver.py:59] - GroupResolver initialized with TTL: 3600 seconds
2024-11-23 05:39:50,399 - group_resolver - INFO - [group_resolver.py:80] - Using domain controller: WIN-I2VDDDLDOUA
2024-11-23 05:39:50,400 - group_resolver - DEBUG - [group_resolver.py:94] - Could not get additional domain info: (1355, 'NetGetAnyDCName', 'The specified domain either does not exist or could not be contacted.')
2024-11-23 05:39:50,400 - group_resolver - INFO - [group_resolver.py:59] - GroupResolver initialized with TTL: 3600 seconds
2024-11-23 11:41:39,523 - group_resolver - INFO - [group_resolver.py:80] - Using domain controller: WIN-I2VDDDLDOUA
2024-11-23 11:42:26,107 - group_resolver - DEBUG - [group_resolver.py:94] - Could not get additional domain info: (1355, 'NetGetAnyDCName', 'The specified domain either does not exist or could not be contacted.')
2024-11-23 11:42:26,107 - group_resolver - INFO - [group_resolver.py:59] - GroupResolver initialized with TTL: 3600 seconds
2024-11-23 11:42:26,109 - group_resolver - INFO - [group_resolver.py:80] - Using domain controller: WIN-I2VDDDLDOUA
2024-11-23 11:42:26,110 - group_resolver - DEBUG - [group_resolver.py:94] - Could not get additional domain info: (1355, 'NetGetAnyDCName', 'The specified domain either does not exist or could not be contacted.')
2024-11-23 11:42:26,110 - group_resolver - INFO - [group_resolver.py:59] - GroupResolver initialized with TTL: 3600 seconds
2024-11-23 11:42:26,134 - group_resolver - INFO - [group_resolver.py:80] - Using domain controller: WIN-I2VDDDLDOUA
2024-11-23 11:42:26,135 - group_resolver - DEBUG - [group_resolver.py:94] - Could not get additional domain info: (1355, 'NetGetAnyDCName', 'The specified domain either does not exist or could not be contacted.')
2024-11-23 11:42:26,135 - group_resolver - INFO - [group_resolver.py:59] - GroupResolver initialized with TTL: 3600 seconds
2024-11-23 11:42:26,136 - group_resolver - INFO - [group_resolver.py:80] - Using domain controller: WIN-I2VDDDLDOUA
2024-11-23 11:42:26,137 - group_resolver - DEBUG - [group_resolver.py:94] - Could not get additional domain info: (1355, 'NetGetAnyDCName', 'The specified domain either does not exist or could not be contacted.')
2024-11-23 11:42:26,137 - group_resolver - INFO - [group_resolver.py:59] - GroupResolver initialized with TTL: 3600 seconds
2024-11-23 11:42:44,284 - group_resolver - INFO - [group_resolver.py:80] - Using domain controller: WIN-I2VDDDLDOUA
2024-11-23 11:42:44,285 - group_resolver - DEBUG - [group_resolver.py:94] - Could not get additional domain info: (1355, 'NetGetAnyDCName', 'The specified domain either does not exist or could not be contacted.')
2024-11-23 11:42:44,285 - group_resolver - INFO - [group_resolver.py:59] - GroupResolver initialized with TTL: 3600 seconds
2024-11-23 11:42:44,286 - group_resolver - INFO - [group_resolver.py:80] - Using domain controller: WIN-I2VDDDLDOUA
2024-11-23 11:42:44,287 - group_resolver - DEBUG - [group_resolver.py:94] - Could not get additional domain info: (1355, 'NetGetAnyDCName', 'The specified domain either does not exist or could not be contacted.')
2024-11-23 11:42:44,287 - group_resolver - INFO - [group_resolver.py:59] - GroupResolver initialized with TTL: 3600 seconds
2024-11-23 11:42:44,308 - group_resolver - INFO - [group_resolver.py:80] - Using domain controller: WIN-I2VDDDLDOUA
2024-11-23 11:42:44,309 - group_resolver - DEBUG - [group_resolver.py:94] - Could not get additional domain info: (1355, 'NetGetAnyDCName', 'The specified domain either does not exist or could not be contacted.')
2024-11-23 11:42:44,309 - group_resolver - INFO - [group_resolver.py:59] - GroupResolver initialized with TTL: 3600 seconds
2024-11-23 11:42:44,310 - group_resolver - INFO - [group_resolver.py:80] - Using domain controller: WIN-I2VDDDLDOUA
2024-11-23 11:42:44,311 - group_resolver - DEBUG - [group_resolver.py:94] - Could not get additional domain info: (1355, 'NetGetAnyDCName', 'The specified domain either does not exist or could not be contacted.')
2024-11-23 11:42:44,311 - group_resolver - INFO - [group_resolver.py:59] - GroupResolver initialized with TTL: 3600 seconds
2024-11-23 11:46:58,294 - group_resolver - INFO - [group_resolver.py:80] - Using domain controller: WIN-I2VDDDLDOUA
2024-11-23 11:46:58,295 - group_resolver - DEBUG - [group_resolver.py:94] - Could not get additional domain info: (1355, 'NetGetAnyDCName', 'The specified domain either does not exist or could not be contacted.')
2024-11-23 11:46:58,295 - group_resolver - INFO - [group_resolver.py:59] - GroupResolver initialized with TTL: 3600 seconds
2024-11-23 11:46:58,296 - group_resolver - INFO - [group_resolver.py:80] - Using domain controller: WIN-I2VDDDLDOUA
2024-11-23 11:46:58,297 - group_resolver - DEBUG - [group_resolver.py:94] - Could not get additional domain info: (1355, 'NetGetAnyDCName', 'The specified domain either does not exist or could not be contacted.')
2024-11-23 11:46:58,297 - group_resolver - INFO - [group_resolver.py:59] - GroupResolver initialized with TTL: 3600 seconds
2024-11-23 11:46:58,319 - group_resolver - INFO - [group_resolver.py:80] - Using domain controller: WIN-I2VDDDLDOUA
2024-11-23 11:46:58,319 - group_resolver - DEBUG - [group_resolver.py:94] - Could not get additional domain info: (1355, 'NetGetAnyDCName', 'The specified domain either does not exist or could not be contacted.')
2024-11-23 11:46:58,320 - group_resolver - INFO - [group_resolver.py:59] - GroupResolver initialized with TTL: 3600 seconds
2024-11-23 11:46:58,320 - group_resolver - INFO - [group_resolver.py:80] - Using domain controller: WIN-I2VDDDLDOUA
2024-11-23 11:46:58,321 - group_resolver - DEBUG - [group_resolver.py:94] - Could not get additional domain info: (1355, 'NetGetAnyDCName', 'The specified domain either does not exist or could not be contacted.')
2024-11-23 11:46:58,321 - group_resolver - INFO - [group_resolver.py:59] - GroupResolver initialized with TTL: 3600 seconds
2024-11-23 11:47:04,245 - group_resolver - INFO - [group_resolver.py:80] - Using domain controller: WIN-I2VDDDLDOUA
2024-11-23 11:47:04,245 - group_resolver - DEBUG - [group_resolver.py:94] - Could not get additional domain info: (1355, 'NetGetAnyDCName', 'The specified domain either does not exist or could not be contacted.')
2024-11-23 11:47:04,245 - group_resolver - INFO - [group_resolver.py:59] - GroupResolver initialized with TTL: 3600 seconds
2024-11-23 11:47:04,246 - group_resolver - INFO - [group_resolver.py:80] - Using domain controller: WIN-I2VDDDLDOUA
2024-11-23 11:47:04,247 - group_resolver - DEBUG - [group_resolver.py:94] - Could not get additional domain info: (1355, 'NetGetAnyDCName', 'The specified domain either does not exist or could not be contacted.')
2024-11-23 11:47:04,247 - group_resolver - INFO - [group_resolver.py:59] - GroupResolver initialized with TTL: 3600 seconds
2024-11-23 11:47:04,269 - group_resolver - INFO - [group_resolver.py:80] - Using domain controller: WIN-I2VDDDLDOUA
2024-11-23 11:47:04,269 - group_resolver - DEBUG - [group_resolver.py:94] - Could not get additional domain info: (1355, 'NetGetAnyDCName', 'The specified domain either does not exist or could not be contacted.')
2024-11-23 11:47:04,270 - group_resolver - INFO - [group_resolver.py:59] - GroupResolver initialized with TTL: 3600 seconds
2024-11-23 11:47:04,270 - group_resolver - INFO - [group_resolver.py:80] - Using domain controller: WIN-I2VDDDLDOUA
2024-11-23 11:47:04,271 - group_resolver - DEBUG - [group_resolver.py:94] - Could not get additional domain info: (1355, 'NetGetAnyDCName', 'The specified domain either does not exist or could not be contacted.')
2024-11-23 11:47:04,271 - group_resolver - INFO - [group_resolver.py:59] - GroupResolver initialized with TTL: 3600 seconds
2024-11-23 11:54:56,134 - group_resolver - INFO - [group_resolver.py:80] - Using domain controller: WIN-I2VDDDLDOUA
2024-11-23 11:54:56,135 - group_resolver - DEBUG - [group_resolver.py:94] - Could not get additional domain info: (1355, 'NetGetAnyDCName', 'The specified domain either does not exist or could not be contacted.')
2024-11-23 11:54:56,135 - group_resolver - INFO - [group_resolver.py:59] - GroupResolver initialized with TTL: 3600 seconds
2024-11-23 11:54:56,136 - group_resolver - INFO - [group_resolver.py:80] - Using domain controller: WIN-I2VDDDLDOUA
2024-11-23 11:54:56,136 - group_resolver - DEBUG - [group_resolver.py:94] - Could not get additional domain info: (1355, 'NetGetAnyDCName', 'The specified domain either does not exist or could not be contacted.')
2024-11-23 11:54:56,136 - group_resolver - INFO - [group_resolver.py:59] - GroupResolver initialized with TTL: 3600 seconds
2024-11-23 11:54:56,173 - group_resolver - INFO - [group_resolver.py:80] - Using domain controller: WIN-I2VDDDLDOUA
2024-11-23 11:54:56,173 - group_resolver - DEBUG - [group_resolver.py:94] - Could not get additional domain info: (1355, 'NetGetAnyDCName', 'The specified domain either does not exist or could not be contacted.')
2024-11-23 11:54:56,173 - group_resolver - INFO - [group_resolver.py:59] - GroupResolver initialized with TTL: 3600 seconds
2024-11-23 11:54:56,174 - group_resolver - INFO - [group_resolver.py:80] - Using domain controller: WIN-I2VDDDLDOUA
2024-11-23 11:54:56,175 - group_resolver - DEBUG - [group_resolver.py:94] - Could not get additional domain info: (1355, 'NetGetAnyDCName', 'The specified domain either does not exist or could not be contacted.')
2024-11-23 11:54:56,175 - group_resolver - INFO - [group_resolver.py:59] - GroupResolver initialized with TTL: 3600 seconds
2024-11-23 11:57:04,481 - group_resolver - INFO - [group_resolver.py:80] - Using domain controller: WIN-I2VDDDLDOUA
2024-11-23 11:57:04,481 - group_resolver - DEBUG - [group_resolver.py:94] - Could not get additional domain info: (1355, 'NetGetAnyDCName', 'The specified domain either does not exist or could not be contacted.')
2024-11-23 11:57:04,481 - group_resolver - INFO - [group_resolver.py:59] - GroupResolver initialized with TTL: 3600 seconds
2024-11-23 11:57:04,482 - group_resolver - INFO - [group_resolver.py:80] - Using domain controller: WIN-I2VDDDLDOUA
2024-11-23 11:57:04,483 - group_resolver - DEBUG - [group_resolver.py:94] - Could not get additional domain info: (1355, 'NetGetAnyDCName', 'The specified domain either does not exist or could not be contacted.')
2024-11-23 11:57:04,483 - group_resolver - INFO - [group_resolver.py:59] - GroupResolver initialized with TTL: 3600 seconds
2024-11-23 11:59:23,913 - group_resolver - INFO - [group_resolver.py:80] - Using domain controller: WIN-I2VDDDLDOUA
2024-11-23 11:59:23,914 - group_resolver - DEBUG - [group_resolver.py:94] - Could not get additional domain info: (1355, 'NetGetAnyDCName', 'The specified domain either does not exist or could not be contacted.')
2024-11-23 11:59:23,914 - group_resolver - INFO - [group_resolver.py:59] - GroupResolver initialized with TTL: 3600 seconds
2024-11-23 11:59:23,917 - group_resolver - INFO - [group_resolver.py:80] - Using domain controller: WIN-I2VDDDLDOUA
2024-11-23 11:59:23,918 - group_resolver - DEBUG - [group_resolver.py:94] - Could not get additional domain info: (1355, 'NetGetAnyDCName', 'The specified domain either does not exist or could not be contacted.')
2024-11-23 11:59:23,918 - group_resolver - INFO - [group_resolver.py:59] - GroupResolver initialized with TTL: 3600 seconds
2024-11-23 12:00:40,883 - group_resolver - INFO - [group_resolver.py:80] - Using domain controller: WIN-I2VDDDLDOUA
2024-11-23 12:00:40,884 - group_resolver - DEBUG - [group_resolver.py:94] - Could not get additional domain info: (1355, 'NetGetAnyDCName', 'The specified domain either does not exist or could not be contacted.')
2024-11-23 12:00:40,884 - group_resolver - INFO - [group_resolver.py:59] - GroupResolver initialized with TTL: 3600 seconds
2024-11-23 12:00:40,885 - group_resolver - INFO - [group_resolver.py:80] - Using domain controller: WIN-I2VDDDLDOUA
2024-11-23 12:00:40,885 - group_resolver - DEBUG - [group_resolver.py:94] - Could not get additional domain info: (1355, 'NetGetAnyDCName', 'The specified domain either does not exist or could not be contacted.')
2024-11-23 12:00:40,886 - group_resolver - INFO - [group_resolver.py:59] - GroupResolver initialized with TTL: 3600 seconds
2024-11-23 12:03:24,904 - group_resolver - INFO - [group_resolver.py:80] - Using domain controller: WIN-I2VDDDLDOUA
2024-11-23 12:03:24,905 - group_resolver - DEBUG - [group_resolver.py:94] - Could not get additional domain info: (1355, 'NetGetAnyDCName', 'The specified domain either does not exist or could not be contacted.')
2024-11-23 12:03:24,905 - group_resolver - INFO - [group_resolver.py:59] - GroupResolver initialized with TTL: 3600 seconds
2024-11-23 12:03:24,906 - group_resolver - INFO - [group_resolver.py:80] - Using domain controller: WIN-I2VDDDLDOUA
2024-11-23 12:03:24,907 - group_resolver - DEBUG - [group_resolver.py:94] - Could not get additional domain info: (1355, 'NetGetAnyDCName', 'The specified domain either does not exist or could not be contacted.')
2024-11-23 12:03:24,907 - group_resolver - INFO - [group_resolver.py:59] - GroupResolver initialized with TTL: 3600 seconds
2024-11-23 12:03:24,942 - group_resolver - INFO - [group_resolver.py:80] - Using domain controller: WIN-I2VDDDLDOUA
2024-11-23 12:03:24,942 - group_resolver - DEBUG - [group_resolver.py:94] - Could not get additional domain info: (1355, 'NetGetAnyDCName', 'The specified domain either does not exist or could not be contacted.')
2024-11-23 12:03:24,942 - group_resolver - INFO - [group_resolver.py:59] - GroupResolver initialized with TTL: 3600 seconds
2024-11-23 12:03:24,943 - group_resolver - INFO - [group_resolver.py:80] - Using domain controller: WIN-I2VDDDLDOUA
2024-11-23 12:03:24,944 - group_resolver - DEBUG - [group_resolver.py:94] - Could not get additional domain info: (1355, 'NetGetAnyDCName', 'The specified domain either does not exist or could not be contacted.')
2024-11-23 12:03:24,944 - group_resolver - INFO - [group_resolver.py:59] - GroupResolver initialized with TTL: 3600 seconds
2024-11-23 12:04:18,074 - group_resolver - INFO - [group_resolver.py:80] - Using domain controller: WIN-I2VDDDLDOUA
2024-11-23 12:04:18,075 - group_resolver - DEBUG - [group_resolver.py:94] - Could not get additional domain info: (1355, 'NetGetAnyDCName', 'The specified domain either does not exist or could not be contacted.')
2024-11-23 12:04:18,075 - group_resolver - INFO - [group_resolver.py:59] - GroupResolver initialized with TTL: 3600 seconds
2024-11-23 12:04:18,076 - group_resolver - INFO - [group_resolver.py:80] - Using domain controller: WIN-I2VDDDLDOUA
2024-11-23 12:04:18,077 - group_resolver - DEBUG - [group_resolver.py:94] - Could not get additional domain info: (1355, 'NetGetAnyDCName', 'The specified domain either does not exist or could not be contacted.')
2024-11-23 12:04:18,077 - group_resolver - INFO - [group_resolver.py:59] - GroupResolver initialized with TTL: 3600 seconds
2024-11-23 12:04:18,108 - group_resolver - INFO - [group_resolver.py:80] - Using domain controller: WIN-I2VDDDLDOUA
2024-11-23 12:04:18,109 - group_resolver - DEBUG - [group_resolver.py:94] - Could not get additional domain info: (1355, 'NetGetAnyDCName', 'The specified domain either does not exist or could not be contacted.')
2024-11-23 12:04:18,109 - group_resolver - INFO - [group_resolver.py:59] - GroupResolver initialized with TTL: 3600 seconds
2024-11-23 12:04:18,110 - group_resolver - INFO - [group_resolver.py:80] - Using domain controller: WIN-I2VDDDLDOUA
2024-11-23 12:04:18,110 - group_resolver - DEBUG - [group_resolver.py:94] - Could not get additional domain info: (1355, 'NetGetAnyDCName', 'The specified domain either does not exist or could not be contacted.')
2024-11-23 12:04:18,111 - group_resolver - INFO - [group_resolver.py:59] - GroupResolver initialized with TTL: 3600 seconds
2024-11-23 12:35:11,519 - group_resolver - INFO - [group_resolver.py:80] - Using domain controller: WIN-I2VDDDLDOUA
2024-11-23 12:35:11,520 - group_resolver - DEBUG - [group_resolver.py:94] - Could not get additional domain info: (1355, 'NetGetAnyDCName', 'The specified domain either does not exist or could not be contacted.')
2024-11-23 12:35:11,520 - group_resolver - INFO - [group_resolver.py:59] - GroupResolver initialized with TTL: 3600 seconds
2024-11-23 12:35:11,521 - group_resolver - INFO - [group_resolver.py:80] - Using domain controller: WIN-I2VDDDLDOUA
2024-11-23 12:35:11,522 - group_resolver - DEBUG - [group_resolver.py:94] - Could not get additional domain info: (1355, 'NetGetAnyDCName', 'The specified domain either does not exist or could not be contacted.')
2024-11-23 12:35:11,522 - group_resolver - INFO - [group_resolver.py:59] - GroupResolver initialized with TTL: 3600 seconds
2024-11-23 12:35:11,568 - group_resolver - INFO - [group_resolver.py:80] - Using domain controller: WIN-I2VDDDLDOUA
2024-11-23 12:35:11,569 - group_resolver - DEBUG - [group_resolver.py:94] - Could not get additional domain info: (1355, 'NetGetAnyDCName', 'The specified domain either does not exist or could not be contacted.')
2024-11-23 12:35:11,569 - group_resolver - INFO - [group_resolver.py:59] - GroupResolver initialized with TTL: 3600 seconds
2024-11-23 12:35:11,570 - group_resolver - INFO - [group_resolver.py:80] - Using domain controller: WIN-I2VDDDLDOUA
2024-11-23 12:35:11,570 - group_resolver - DEBUG - [group_resolver.py:94] - Could not get additional domain info: (1355, 'NetGetAnyDCName', 'The specified domain either does not exist or could not be contacted.')
2024-11-23 12:35:11,570 - group_resolver - INFO - [group_resolver.py:59] - GroupResolver initialized with TTL: 3600 seconds
2024-11-23 12:40:11,728 - group_resolver - INFO - [group_resolver.py:80] - Using domain controller: WIN-I2VDDDLDOUA
2024-11-23 12:40:11,729 - group_resolver - DEBUG - [group_resolver.py:94] - Could not get additional domain info: (1355, 'NetGetAnyDCName', 'The specified domain either does not exist or could not be contacted.')
2024-11-23 12:40:11,729 - group_resolver - INFO - [group_resolver.py:59] - GroupResolver initialized with TTL: 3600 seconds
2024-11-23 12:40:11,730 - group_resolver - INFO - [group_resolver.py:80] - Using domain controller: WIN-I2VDDDLDOUA
2024-11-23 12:40:11,731 - group_resolver - DEBUG - [group_resolver.py:94] - Could not get additional domain info: (1355, 'NetGetAnyDCName', 'The specified domain either does not exist or could not be contacted.')
2024-11-23 12:40:11,731 - group_resolver - INFO - [group_resolver.py:59] - GroupResolver initialized with TTL: 3600 seconds
2024-11-23 12:42:12,200 - group_resolver - INFO - [group_resolver.py:80] - Using domain controller: WIN-I2VDDDLDOUA
2024-11-23 12:42:12,201 - group_resolver - DEBUG - [group_resolver.py:94] - Could not get additional domain info: (1355, 'NetGetAnyDCName', 'The specified domain either does not exist or could not be contacted.')
2024-11-23 12:42:12,201 - group_resolver - INFO - [group_resolver.py:59] - GroupResolver initialized with TTL: 3600 seconds
2024-11-23 12:42:12,202 - group_resolver - INFO - [group_resolver.py:80] - Using domain controller: WIN-I2VDDDLDOUA
2024-11-23 12:42:12,203 - group_resolver - DEBUG - [group_resolver.py:94] - Could not get additional domain info: (1355, 'NetGetAnyDCName', 'The specified domain either does not exist or could not be contacted.')
2024-11-23 12:42:12,203 - group_resolver - INFO - [group_resolver.py:59] - GroupResolver initialized with TTL: 3600 seconds
2024-11-23 12:43:10,879 - group_resolver - INFO - [group_resolver.py:80] - Using domain controller: WIN-I2VDDDLDOUA
2024-11-23 12:43:10,880 - group_resolver - DEBUG - [group_resolver.py:94] - Could not get additional domain info: (1355, 'NetGetAnyDCName', 'The specified domain either does not exist or could not be contacted.')
2024-11-23 12:43:10,880 - group_resolver - INFO - [group_resolver.py:59] - GroupResolver initialized with TTL: 3600 seconds
2024-11-23 12:43:10,881 - group_resolver - INFO - [group_resolver.py:80] - Using domain controller: WIN-I2VDDDLDOUA
2024-11-23 12:43:10,881 - group_resolver - DEBUG - [group_resolver.py:94] - Could not get additional domain info: (1355, 'NetGetAnyDCName', 'The specified domain either does not exist or could not be contacted.')
2024-11-23 12:43:10,881 - group_resolver - INFO - [group_resolver.py:59] - GroupResolver initialized with TTL: 3600 seconds
2024-11-23 12:50:22,551 - group_resolver - INFO - [group_resolver.py:80] - Using domain controller: WIN-I2VDDDLDOUA
2024-11-23 12:50:22,552 - group_resolver - DEBUG - [group_resolver.py:94] - Could not get additional domain info: (1355, 'NetGetAnyDCName', 'The specified domain either does not exist or could not be contacted.')
2024-11-23 12:50:22,552 - group_resolver - INFO - [group_resolver.py:59] - GroupResolver initialized with TTL: 3600 seconds
2024-11-23 12:50:22,553 - group_resolver - INFO - [group_resolver.py:80] - Using domain controller: WIN-I2VDDDLDOUA
2024-11-23 12:50:22,554 - group_resolver - DEBUG - [group_resolver.py:94] - Could not get additional domain info: (1355, 'NetGetAnyDCName', 'The specified domain either does not exist or could not be contacted.')
2024-11-23 12:50:22,554 - group_resolver - INFO - [group_resolver.py:59] - GroupResolver initialized with TTL: 3600 seconds
2024-11-23 12:50:52,468 - group_resolver - INFO - [group_resolver.py:80] - Using domain controller: WIN-I2VDDDLDOUA
2024-11-23 12:50:52,469 - group_resolver - DEBUG - [group_resolver.py:94] - Could not get additional domain info: (1355, 'NetGetAnyDCName', 'The specified domain either does not exist or could not be contacted.')
2024-11-23 12:50:52,469 - group_resolver - INFO - [group_resolver.py:59] - GroupResolver initialized with TTL: 3600 seconds
2024-11-23 12:50:52,470 - group_resolver - INFO - [group_resolver.py:80] - Using domain controller: WIN-I2VDDDLDOUA
2024-11-23 12:50:52,471 - group_resolver - DEBUG - [group_resolver.py:94] - Could not get additional domain info: (1355, 'NetGetAnyDCName', 'The specified domain either does not exist or could not be contacted.')
2024-11-23 12:50:52,471 - group_resolver - INFO - [group_resolver.py:59] - GroupResolver initialized with TTL: 3600 seconds
2024-11-23 12:57:44,889 - group_resolver - INFO - [group_resolver.py:80] - Using domain controller: WIN-I2VDDDLDOUA
2024-11-23 12:57:44,890 - group_resolver - DEBUG - [group_resolver.py:94] - Could not get additional domain info: (1355, 'NetGetAnyDCName', 'The specified domain either does not exist or could not be contacted.')
2024-11-23 12:57:44,890 - group_resolver - INFO - [group_resolver.py:59] - GroupResolver initialized with TTL: 3600 seconds
2024-11-23 12:57:44,891 - group_resolver - INFO - [group_resolver.py:80] - Using domain controller: WIN-I2VDDDLDOUA
2024-11-23 12:57:44,892 - group_resolver - DEBUG - [group_resolver.py:94] - Could not get additional domain info: (1355, 'NetGetAnyDCName', 'The specified domain either does not exist or could not be contacted.')
2024-11-23 12:57:44,892 - group_resolver - INFO - [group_resolver.py:59] - GroupResolver initialized with TTL: 3600 seconds
2024-11-23 12:58:44,825 - group_resolver - INFO - [group_resolver.py:80] - Using domain controller: WIN-I2VDDDLDOUA
2024-11-23 12:58:44,826 - group_resolver - DEBUG - [group_resolver.py:94] - Could not get additional domain info: (1355, 'NetGetAnyDCName', 'The specified domain either does not exist or could not be contacted.')
2024-11-23 12:58:44,826 - group_resolver - INFO - [group_resolver.py:59] - GroupResolver initialized with TTL: 3600 seconds
2024-11-23 12:58:44,827 - group_resolver - INFO - [group_resolver.py:80] - Using domain controller: WIN-I2VDDDLDOUA
2024-11-23 12:58:44,828 - group_resolver - DEBUG - [group_resolver.py:94] - Could not get additional domain info: (1355, 'NetGetAnyDCName', 'The specified domain either does not exist or could not be contacted.')
2024-11-23 12:58:44,828 - group_resolver - INFO - [group_resolver.py:59] - GroupResolver initialized with TTL: 3600 seconds
2024-11-23 12:59:22,427 - group_resolver - INFO - [group_resolver.py:80] - Using domain controller: WIN-I2VDDDLDOUA
2024-11-23 12:59:22,428 - group_resolver - DEBUG - [group_resolver.py:94] - Could not get additional domain info: (1355, 'NetGetAnyDCName', 'The specified domain either does not exist or could not be contacted.')
2024-11-23 12:59:22,428 - group_resolver - INFO - [group_resolver.py:59] - GroupResolver initialized with TTL: 3600 seconds
2024-11-23 12:59:22,429 - group_resolver - INFO - [group_resolver.py:80] - Using domain controller: WIN-I2VDDDLDOUA
2024-11-23 12:59:22,430 - group_resolver - DEBUG - [group_resolver.py:94] - Could not get additional domain info: (1355, 'NetGetAnyDCName', 'The specified domain either does not exist or could not be contacted.')
2024-11-23 12:59:22,430 - group_resolver - INFO - [group_resolver.py:59] - GroupResolver initialized with TTL: 3600 seconds
2024-11-23 13:00:32,188 - group_resolver - INFO - [group_resolver.py:80] - Using domain controller: WIN-I2VDDDLDOUA
2024-11-23 13:00:32,190 - group_resolver - DEBUG - [group_resolver.py:94] - Could not get additional domain info: (1355, 'NetGetAnyDCName', 'The specified domain either does not exist or could not be contacted.')
2024-11-23 13:00:32,190 - group_resolver - INFO - [group_resolver.py:59] - GroupResolver initialized with TTL: 3600 seconds
2024-11-23 13:00:32,191 - group_resolver - INFO - [group_resolver.py:80] - Using domain controller: WIN-I2VDDDLDOUA
2024-11-23 13:00:32,192 - group_resolver - DEBUG - [group_resolver.py:94] - Could not get additional domain info: (1355, 'NetGetAnyDCName', 'The specified domain either does not exist or could not be contacted.')
2024-11-23 13:00:32,192 - group_resolver - INFO - [group_resolver.py:59] - GroupResolver initialized with TTL: 3600 seconds
2024-11-23 13:09:54,641 - group_resolver - INFO - [group_resolver.py:80] - Using domain controller: WIN-I2VDDDLDOUA
2024-11-23 13:09:54,642 - group_resolver - DEBUG - [group_resolver.py:94] - Could not get additional domain info: (1355, 'NetGetAnyDCName', 'The specified domain either does not exist or could not be contacted.')
2024-11-23 13:09:54,642 - group_resolver - INFO - [group_resolver.py:59] - GroupResolver initialized with TTL: 3600 seconds
2024-11-23 13:09:54,644 - group_resolver - INFO - [group_resolver.py:80] - Using domain controller: WIN-I2VDDDLDOUA
2024-11-23 13:09:54,644 - group_resolver - DEBUG - [group_resolver.py:94] - Could not get additional domain info: (1355, 'NetGetAnyDCName', 'The specified domain either does not exist or could not be contacted.')
2024-11-23 13:09:54,644 - group_resolver - INFO - [group_resolver.py:59] - GroupResolver initialized with TTL: 3600 seconds
2024-11-23 13:09:54,679 - group_resolver - INFO - [group_resolver.py:80] - Using domain controller: WIN-I2VDDDLDOUA
2024-11-23 13:09:54,680 - group_resolver - DEBUG - [group_resolver.py:94] - Could not get additional domain info: (1355, 'NetGetAnyDCName', 'The specified domain either does not exist or could not be contacted.')
2024-11-23 13:09:54,680 - group_resolver - INFO - [group_resolver.py:59] - GroupResolver initialized with TTL: 3600 seconds
2024-11-23 13:09:54,680 - group_resolver - INFO - [group_resolver.py:80] - Using domain controller: WIN-I2VDDDLDOUA
2024-11-23 13:09:54,681 - group_resolver - DEBUG - [group_resolver.py:94] - Could not get additional domain info: (1355, 'NetGetAnyDCName', 'The specified domain either does not exist or could not be contacted.')
2024-11-23 13:09:54,681 - group_resolver - INFO - [group_resolver.py:59] - GroupResolver initialized with TTL: 3600 seconds
2024-11-23 13:11:27,300 - group_resolver - INFO - [group_resolver.py:80] - Using domain controller: WIN-I2VDDDLDOUA
2024-11-23 13:11:27,301 - group_resolver - DEBUG - [group_resolver.py:94] - Could not get additional domain info: (1355, 'NetGetAnyDCName', 'The specified domain either does not exist or could not be contacted.')
2024-11-23 13:11:27,301 - group_resolver - INFO - [group_resolver.py:59] - GroupResolver initialized with TTL: 3600 seconds
2024-11-23 13:11:27,302 - group_resolver - INFO - [group_resolver.py:80] - Using domain controller: WIN-I2VDDDLDOUA
2024-11-23 13:11:27,303 - group_resolver - DEBUG - [group_resolver.py:94] - Could not get additional domain info: (1355, 'NetGetAnyDCName', 'The specified domain either does not exist or could not be contacted.')
2024-11-23 13:11:27,303 - group_resolver - INFO - [group_resolver.py:59] - GroupResolver initialized with TTL: 3600 seconds
2024-11-23 13:11:27,329 - group_resolver - INFO - [group_resolver.py:80] - Using domain controller: WIN-I2VDDDLDOUA
2024-11-23 13:11:27,330 - group_resolver - DEBUG - [group_resolver.py:94] - Could not get additional domain info: (1355, 'NetGetAnyDCName', 'The specified domain either does not exist or could not be contacted.')
2024-11-23 13:11:27,330 - group_resolver - INFO - [group_resolver.py:59] - GroupResolver initialized with TTL: 3600 seconds
2024-11-23 13:11:27,331 - group_resolver - INFO - [group_resolver.py:80] - Using domain controller: WIN-I2VDDDLDOUA
2024-11-23 13:11:27,331 - group_resolver - DEBUG - [group_resolver.py:94] - Could not get additional domain info: (1355, 'NetGetAnyDCName', 'The specified domain either does not exist or could not be contacted.')
2024-11-23 13:11:27,331 - group_resolver - INFO - [group_resolver.py:59] - GroupResolver initialized with TTL: 3600 seconds
2024-11-23 13:14:19,259 - group_resolver - INFO - [group_resolver.py:80] - Using domain controller: WIN-I2VDDDLDOUA
2024-11-23 13:14:19,260 - group_resolver - DEBUG - [group_resolver.py:94] - Could not get additional domain info: (1355, 'NetGetAnyDCName', 'The specified domain either does not exist or could not be contacted.')
2024-11-23 13:14:19,260 - group_resolver - INFO - [group_resolver.py:59] - GroupResolver initialized with TTL: 3600 seconds
2024-11-23 13:14:19,261 - group_resolver - INFO - [group_resolver.py:80] - Using domain controller: WIN-I2VDDDLDOUA
2024-11-23 13:14:19,262 - group_resolver - DEBUG - [group_resolver.py:94] - Could not get additional domain info: (1355, 'NetGetAnyDCName', 'The specified domain either does not exist or could not be contacted.')
2024-11-23 13:14:19,262 - group_resolver - INFO - [group_resolver.py:59] - GroupResolver initialized with TTL: 3600 seconds
2024-11-23 13:14:19,288 - group_resolver - INFO - [group_resolver.py:80] - Using domain controller: WIN-I2VDDDLDOUA
2024-11-23 13:14:19,289 - group_resolver - DEBUG - [group_resolver.py:94] - Could not get additional domain info: (1355, 'NetGetAnyDCName', 'The specified domain either does not exist or could not be contacted.')
2024-11-23 13:14:19,289 - group_resolver - INFO - [group_resolver.py:59] - GroupResolver initialized with TTL: 3600 seconds
2024-11-23 13:14:19,290 - group_resolver - INFO - [group_resolver.py:80] - Using domain controller: WIN-I2VDDDLDOUA
2024-11-23 13:14:19,291 - group_resolver - DEBUG - [group_resolver.py:94] - Could not get additional domain info: (1355, 'NetGetAnyDCName', 'The specified domain either does not exist or could not be contacted.')
2024-11-23 13:14:19,291 - group_resolver - INFO - [group_resolver.py:59] - GroupResolver initialized with TTL: 3600 seconds
