2025-06-22 05:21:06,903 - notification_service - INFO - [notification_service.py:200] - Notification service initialized
2025-06-22 05:21:48,883 - notification_service - INFO - [notification_service.py:200] - Notification service initialized
2025-06-22 05:27:01,066 - notification_service - INFO - [notification_service.py:200] - Notification service initialized
2025-06-22 05:27:48,116 - notification_service - INFO - [notification_service.py:200] - Notification service initialized
2025-06-22 05:30:46,823 - notification_service - INFO - [notification_service.py:200] - Notification service initialized
2025-06-22 05:34:01,780 - notification_service - INFO - [notification_service.py:200] - Notification service initialized
2025-06-22 05:35:36,406 - notification_service - INFO - [notification_service.py:200] - Notification service initialized
2025-06-22 05:36:08,458 - notification_service - INFO - [notification_service.py:200] - Notification service initialized
2025-06-22 05:36:08,581 - notification_service - INFO - [notification_service.py:200] - Notification service initialized
2025-06-22 05:36:08,583 - notification_service - INFO - [notification_service.py:210] - Notification service started
2025-06-22 05:36:08,584 - notification_service - INFO - [notification_service.py:481] - Notification queue processor started
2025-06-22 05:36:24,658 - notification_service - INFO - [notification_service.py:521] - Notification queue processor cancelled
2025-06-22 05:36:24,659 - notification_service - INFO - [notification_service.py:230] - Notification service stopped
2025-06-22 05:36:25,829 - notification_service - INFO - [notification_service.py:200] - Notification service initialized
2025-06-22 05:36:25,971 - notification_service - INFO - [notification_service.py:200] - Notification service initialized
2025-06-22 05:36:25,973 - notification_service - INFO - [notification_service.py:210] - Notification service started
2025-06-22 05:36:25,974 - notification_service - INFO - [notification_service.py:481] - Notification queue processor started
2025-06-22 05:36:35,051 - notification_service - INFO - [notification_service.py:521] - Notification queue processor cancelled
2025-06-22 05:36:35,057 - notification_service - INFO - [notification_service.py:230] - Notification service stopped
2025-06-22 05:36:36,285 - notification_service - INFO - [notification_service.py:200] - Notification service initialized
2025-06-22 05:36:36,417 - notification_service - INFO - [notification_service.py:200] - Notification service initialized
2025-06-22 05:36:36,419 - notification_service - INFO - [notification_service.py:210] - Notification service started
2025-06-22 05:36:36,420 - notification_service - INFO - [notification_service.py:481] - Notification queue processor started
2025-06-22 05:43:36,079 - notification_service - INFO - [notification_service.py:521] - Notification queue processor cancelled
2025-06-22 05:43:36,080 - notification_service - INFO - [notification_service.py:230] - Notification service stopped
2025-06-22 05:44:29,918 - notification_service - INFO - [notification_service.py:200] - Notification service initialized
2025-06-22 05:44:30,080 - notification_service - INFO - [notification_service.py:200] - Notification service initialized
2025-06-22 05:44:30,082 - notification_service - INFO - [notification_service.py:210] - Notification service started
2025-06-22 05:44:30,084 - notification_service - INFO - [notification_service.py:481] - Notification queue processor started
2025-06-22 06:07:15,209 - notification_service - INFO - [notification_service.py:200] - Notification service initialized
2025-06-22 06:07:15,502 - notification_service - INFO - [notification_service.py:200] - Notification service initialized
2025-06-22 06:07:15,504 - notification_service - INFO - [notification_service.py:210] - Notification service started
2025-06-22 06:07:15,505 - notification_service - INFO - [notification_service.py:481] - Notification queue processor started
2025-06-22 06:11:48,341 - notification_service - INFO - [notification_service.py:521] - Notification queue processor cancelled
2025-06-22 06:11:48,342 - notification_service - INFO - [notification_service.py:230] - Notification service stopped
2025-06-22 06:11:56,910 - notification_service - INFO - [notification_service.py:200] - Notification service initialized
2025-06-22 06:11:57,092 - notification_service - INFO - [notification_service.py:200] - Notification service initialized
2025-06-22 06:11:57,093 - notification_service - INFO - [notification_service.py:210] - Notification service started
2025-06-22 06:11:57,095 - notification_service - INFO - [notification_service.py:481] - Notification queue processor started
2025-06-22 06:17:44,852 - notification_service - INFO - [notification_service.py:521] - Notification queue processor cancelled
2025-06-22 06:17:44,857 - notification_service - INFO - [notification_service.py:230] - Notification service stopped
2025-06-22 06:17:54,183 - notification_service - INFO - [notification_service.py:200] - Notification service initialized
2025-06-22 06:17:54,309 - notification_service - INFO - [notification_service.py:200] - Notification service initialized
2025-06-22 06:17:54,311 - notification_service - INFO - [notification_service.py:210] - Notification service started
2025-06-22 06:17:54,312 - notification_service - INFO - [notification_service.py:481] - Notification queue processor started
2025-06-22 06:42:11,214 - notification_service - INFO - [notification_service.py:521] - Notification queue processor cancelled
2025-06-22 06:42:11,216 - notification_service - INFO - [notification_service.py:230] - Notification service stopped
2025-06-22 06:43:15,368 - notification_service - INFO - [notification_service.py:200] - Notification service initialized
2025-06-22 06:43:15,626 - notification_service - INFO - [notification_service.py:200] - Notification service initialized
2025-06-22 06:43:15,628 - notification_service - INFO - [notification_service.py:210] - Notification service started
2025-06-22 06:43:15,629 - notification_service - INFO - [notification_service.py:481] - Notification queue processor started
2025-06-22 06:49:45,452 - notification_service - INFO - [notification_service.py:521] - Notification queue processor cancelled
2025-06-22 06:49:45,453 - notification_service - INFO - [notification_service.py:230] - Notification service stopped
2025-06-22 06:50:04,903 - notification_service - INFO - [notification_service.py:200] - Notification service initialized
2025-06-22 06:50:05,117 - notification_service - INFO - [notification_service.py:200] - Notification service initialized
2025-06-22 06:50:05,119 - notification_service - INFO - [notification_service.py:210] - Notification service started
2025-06-22 06:50:05,120 - notification_service - INFO - [notification_service.py:481] - Notification queue processor started
2025-06-22 10:28:18,414 - notification_service - INFO - [notification_service.py:200] - Notification service initialized
2025-06-22 10:28:19,246 - notification_service - INFO - [notification_service.py:200] - Notification service initialized
2025-06-22 10:28:19,248 - notification_service - INFO - [notification_service.py:210] - Notification service started
2025-06-22 10:28:19,249 - notification_service - INFO - [notification_service.py:481] - Notification queue processor started
2025-06-22 10:36:31,185 - notification_service - INFO - [notification_service.py:521] - Notification queue processor cancelled
2025-06-22 10:36:31,187 - notification_service - INFO - [notification_service.py:230] - Notification service stopped
2025-06-22 10:36:43,845 - notification_service - INFO - [notification_service.py:200] - Notification service initialized
2025-06-22 10:36:44,048 - notification_service - INFO - [notification_service.py:200] - Notification service initialized
2025-06-22 10:36:44,049 - notification_service - INFO - [notification_service.py:210] - Notification service started
2025-06-22 10:36:44,050 - notification_service - INFO - [notification_service.py:481] - Notification queue processor started
2025-06-22 10:59:20,060 - notification_service - INFO - [notification_service.py:521] - Notification queue processor cancelled
2025-06-22 10:59:20,061 - notification_service - INFO - [notification_service.py:230] - Notification service stopped
2025-06-22 10:59:21,339 - notification_service - INFO - [notification_service.py:200] - Notification service initialized
2025-06-22 10:59:21,464 - notification_service - INFO - [notification_service.py:200] - Notification service initialized
2025-06-22 10:59:21,465 - notification_service - INFO - [notification_service.py:210] - Notification service started
2025-06-22 10:59:21,466 - notification_service - INFO - [notification_service.py:481] - Notification queue processor started
2025-06-22 10:59:30,330 - notification_service - INFO - [notification_service.py:521] - Notification queue processor cancelled
2025-06-22 10:59:30,332 - notification_service - INFO - [notification_service.py:230] - Notification service stopped
2025-06-22 10:59:31,499 - notification_service - INFO - [notification_service.py:200] - Notification service initialized
2025-06-22 10:59:31,621 - notification_service - INFO - [notification_service.py:200] - Notification service initialized
2025-06-22 10:59:31,622 - notification_service - INFO - [notification_service.py:210] - Notification service started
2025-06-22 10:59:31,622 - notification_service - INFO - [notification_service.py:481] - Notification queue processor started
2025-06-22 10:59:39,533 - notification_service - INFO - [notification_service.py:521] - Notification queue processor cancelled
2025-06-22 10:59:39,534 - notification_service - INFO - [notification_service.py:230] - Notification service stopped
2025-06-22 10:59:40,707 - notification_service - INFO - [notification_service.py:200] - Notification service initialized
2025-06-22 10:59:40,834 - notification_service - INFO - [notification_service.py:200] - Notification service initialized
2025-06-22 10:59:40,835 - notification_service - INFO - [notification_service.py:210] - Notification service started
2025-06-22 10:59:40,836 - notification_service - INFO - [notification_service.py:481] - Notification queue processor started
2025-06-22 11:04:28,669 - notification_service - INFO - [notification_service.py:521] - Notification queue processor cancelled
2025-06-22 11:04:28,670 - notification_service - INFO - [notification_service.py:230] - Notification service stopped
2025-06-22 11:04:58,710 - notification_service - INFO - [notification_service.py:200] - Notification service initialized
2025-06-22 11:04:58,835 - notification_service - INFO - [notification_service.py:200] - Notification service initialized
2025-06-22 11:04:58,836 - notification_service - INFO - [notification_service.py:210] - Notification service started
2025-06-22 11:04:58,837 - notification_service - INFO - [notification_service.py:481] - Notification queue processor started
2025-06-22 11:12:08,264 - notification_service - INFO - [notification_service.py:521] - Notification queue processor cancelled
2025-06-22 11:12:08,266 - notification_service - INFO - [notification_service.py:230] - Notification service stopped
2025-06-22 11:12:36,342 - notification_service - INFO - [notification_service.py:200] - Notification service initialized
2025-06-22 11:12:36,467 - notification_service - INFO - [notification_service.py:200] - Notification service initialized
2025-06-22 11:12:36,469 - notification_service - INFO - [notification_service.py:210] - Notification service started
2025-06-22 11:12:36,470 - notification_service - INFO - [notification_service.py:481] - Notification queue processor started
2025-06-22 11:29:25,814 - notification_service - INFO - [notification_service.py:200] - Notification service initialized
2025-06-22 11:29:26,195 - notification_service - INFO - [notification_service.py:200] - Notification service initialized
2025-06-22 11:29:26,197 - notification_service - INFO - [notification_service.py:210] - Notification service started
2025-06-22 11:29:26,198 - notification_service - INFO - [notification_service.py:481] - Notification queue processor started
2025-06-22 11:49:25,097 - notification_service - INFO - [notification_service.py:521] - Notification queue processor cancelled
2025-06-22 11:49:25,098 - notification_service - INFO - [notification_service.py:230] - Notification service stopped
2025-06-22 11:49:26,608 - notification_service - INFO - [notification_service.py:200] - Notification service initialized
2025-06-22 11:49:26,753 - notification_service - INFO - [notification_service.py:200] - Notification service initialized
2025-06-22 11:49:26,755 - notification_service - INFO - [notification_service.py:210] - Notification service started
2025-06-22 11:49:26,755 - notification_service - INFO - [notification_service.py:481] - Notification queue processor started
2025-06-22 12:00:27,602 - notification_service - INFO - [notification_service.py:521] - Notification queue processor cancelled
2025-06-22 12:00:27,603 - notification_service - INFO - [notification_service.py:230] - Notification service stopped
2025-06-22 12:05:13,784 - notification_service - INFO - [notification_service.py:200] - Notification service initialized
2025-06-22 12:05:13,910 - notification_service - INFO - [notification_service.py:210] - Notification service started
2025-06-22 12:05:13,913 - notification_service - INFO - [notification_service.py:481] - Notification queue processor started
2025-06-22 12:13:36,885 - notification_service - INFO - [notification_service.py:521] - Notification queue processor cancelled
2025-06-22 12:13:36,886 - notification_service - INFO - [notification_service.py:230] - Notification service stopped
2025-06-22 12:13:38,152 - notification_service - INFO - [notification_service.py:200] - Notification service initialized
2025-06-22 12:13:38,279 - notification_service - INFO - [notification_service.py:210] - Notification service started
2025-06-22 12:13:38,279 - notification_service - INFO - [notification_service.py:481] - Notification queue processor started
2025-06-22 12:14:13,859 - notification_service - INFO - [notification_service.py:521] - Notification queue processor cancelled
2025-06-22 12:14:13,860 - notification_service - INFO - [notification_service.py:230] - Notification service stopped
2025-06-22 12:14:15,151 - notification_service - INFO - [notification_service.py:200] - Notification service initialized
2025-06-22 12:14:15,281 - notification_service - INFO - [notification_service.py:210] - Notification service started
2025-06-22 12:14:15,282 - notification_service - INFO - [notification_service.py:481] - Notification queue processor started
2025-06-22 12:14:51,589 - notification_service - INFO - [notification_service.py:521] - Notification queue processor cancelled
2025-06-22 12:14:51,591 - notification_service - INFO - [notification_service.py:230] - Notification service stopped
2025-06-22 12:14:52,819 - notification_service - INFO - [notification_service.py:200] - Notification service initialized
2025-06-22 12:14:52,957 - notification_service - INFO - [notification_service.py:210] - Notification service started
2025-06-22 12:14:52,958 - notification_service - INFO - [notification_service.py:481] - Notification queue processor started
2025-06-22 12:15:04,533 - notification_service - INFO - [notification_service.py:521] - Notification queue processor cancelled
2025-06-22 12:15:04,534 - notification_service - INFO - [notification_service.py:230] - Notification service stopped
2025-06-22 12:15:05,788 - notification_service - INFO - [notification_service.py:200] - Notification service initialized
2025-06-22 12:15:05,921 - notification_service - INFO - [notification_service.py:210] - Notification service started
2025-06-22 12:15:05,922 - notification_service - INFO - [notification_service.py:481] - Notification queue processor started
2025-06-22 12:15:22,543 - notification_service - INFO - [notification_service.py:521] - Notification queue processor cancelled
2025-06-22 12:15:22,543 - notification_service - INFO - [notification_service.py:230] - Notification service stopped
2025-06-22 12:15:23,706 - notification_service - INFO - [notification_service.py:200] - Notification service initialized
2025-06-22 12:15:23,836 - notification_service - INFO - [notification_service.py:210] - Notification service started
2025-06-22 12:15:23,837 - notification_service - INFO - [notification_service.py:481] - Notification queue processor started
2025-06-22 12:17:01,502 - notification_service - INFO - [notification_service.py:521] - Notification queue processor cancelled
2025-06-22 12:17:01,503 - notification_service - INFO - [notification_service.py:230] - Notification service stopped
2025-06-22 12:18:53,238 - notification_service - INFO - [notification_service.py:200] - Notification service initialized
2025-06-22 12:18:53,362 - notification_service - INFO - [notification_service.py:210] - Notification service started
2025-06-22 12:18:53,365 - notification_service - INFO - [notification_service.py:481] - Notification queue processor started
2025-06-22 12:25:11,253 - notification_service - INFO - [notification_service.py:521] - Notification queue processor cancelled
2025-06-22 12:25:11,255 - notification_service - INFO - [notification_service.py:230] - Notification service stopped
2025-06-22 12:25:12,470 - notification_service - INFO - [notification_service.py:200] - Notification service initialized
2025-06-22 12:25:12,608 - notification_service - INFO - [notification_service.py:210] - Notification service started
2025-06-22 12:25:12,610 - notification_service - INFO - [notification_service.py:481] - Notification queue processor started
2025-06-22 12:25:26,095 - notification_service - INFO - [notification_service.py:521] - Notification queue processor cancelled
2025-06-22 12:25:26,101 - notification_service - INFO - [notification_service.py:230] - Notification service stopped
2025-06-22 12:25:27,332 - notification_service - INFO - [notification_service.py:200] - Notification service initialized
2025-06-22 12:25:27,466 - notification_service - INFO - [notification_service.py:210] - Notification service started
2025-06-22 12:25:27,468 - notification_service - INFO - [notification_service.py:481] - Notification queue processor started
2025-06-22 12:25:34,835 - notification_service - INFO - [notification_service.py:521] - Notification queue processor cancelled
2025-06-22 12:25:34,836 - notification_service - INFO - [notification_service.py:230] - Notification service stopped
2025-06-22 12:25:36,026 - notification_service - INFO - [notification_service.py:200] - Notification service initialized
2025-06-22 12:25:36,167 - notification_service - INFO - [notification_service.py:210] - Notification service started
2025-06-22 12:25:36,169 - notification_service - INFO - [notification_service.py:481] - Notification queue processor started
2025-06-22 12:25:44,677 - notification_service - INFO - [notification_service.py:521] - Notification queue processor cancelled
2025-06-22 12:25:44,683 - notification_service - INFO - [notification_service.py:230] - Notification service stopped
2025-06-22 12:25:45,967 - notification_service - INFO - [notification_service.py:200] - Notification service initialized
2025-06-22 12:25:46,104 - notification_service - INFO - [notification_service.py:210] - Notification service started
2025-06-22 12:25:46,106 - notification_service - INFO - [notification_service.py:481] - Notification queue processor started
2025-06-22 12:25:54,475 - notification_service - INFO - [notification_service.py:521] - Notification queue processor cancelled
2025-06-22 12:25:54,477 - notification_service - INFO - [notification_service.py:230] - Notification service stopped
2025-06-22 12:25:55,751 - notification_service - INFO - [notification_service.py:200] - Notification service initialized
2025-06-22 12:25:55,903 - notification_service - INFO - [notification_service.py:210] - Notification service started
2025-06-22 12:25:55,906 - notification_service - INFO - [notification_service.py:481] - Notification queue processor started
2025-06-22 12:29:18,154 - notification_service - INFO - [notification_service.py:200] - Notification service initialized
2025-06-22 12:30:27,133 - notification_service - INFO - [notification_service.py:200] - Notification service initialized
2025-06-22 12:30:27,620 - notification_service - INFO - [notification_service.py:210] - Notification service started
2025-06-22 12:30:27,622 - notification_service - INFO - [notification_service.py:481] - Notification queue processor started
2025-06-22 12:34:43,105 - notification_service - INFO - [notification_service.py:200] - Notification service initialized
2025-06-22 12:34:43,283 - notification_service - INFO - [notification_service.py:210] - Notification service started
2025-06-22 12:34:43,285 - notification_service - INFO - [notification_service.py:481] - Notification queue processor started
2025-06-22 12:35:14,282 - notification_service - INFO - [notification_service.py:200] - Notification service initialized
2025-06-22 12:35:14,411 - notification_service - INFO - [notification_service.py:210] - Notification service started
2025-06-22 12:35:14,413 - notification_service - INFO - [notification_service.py:481] - Notification queue processor started
2025-06-22 12:50:46,059 - notification_service - INFO - [notification_service.py:521] - Notification queue processor cancelled
2025-06-22 12:50:46,060 - notification_service - INFO - [notification_service.py:230] - Notification service stopped
2025-06-22 12:50:58,940 - notification_service - INFO - [notification_service.py:200] - Notification service initialized
2025-06-22 12:50:59,065 - notification_service - INFO - [notification_service.py:210] - Notification service started
2025-06-22 12:50:59,067 - notification_service - INFO - [notification_service.py:481] - Notification queue processor started
2025-06-22 13:04:53,024 - notification_service - INFO - [notification_service.py:521] - Notification queue processor cancelled
2025-06-22 13:04:53,025 - notification_service - INFO - [notification_service.py:230] - Notification service stopped
