2025-06-30 09:57:42,400 - notification_service - INFO - [notification_service.py:200] - Notification service initialized
2025-06-30 10:07:57,492 - notification_service - INFO - [notification_service.py:200] - Notification service initialized
2025-06-30 10:07:57,705 - notification_service - INFO - [notification_service.py:210] - Notification service started
2025-06-30 10:07:57,707 - notification_service - INFO - [notification_service.py:481] - Notification queue processor started
2025-06-30 10:12:52,808 - notification_service - INFO - [notification_service.py:521] - Notification queue processor cancelled
2025-06-30 10:12:52,809 - notification_service - INFO - [notification_service.py:230] - Notification service stopped
2025-06-30 10:12:54,019 - notification_service - INFO - [notification_service.py:200] - Notification service initialized
2025-06-30 10:12:54,153 - notification_service - INFO - [notification_service.py:210] - Notification service started
2025-06-30 10:12:54,154 - notification_service - INFO - [notification_service.py:481] - Notification queue processor started
2025-06-30 10:13:58,426 - notification_service - INFO - [notification_service.py:521] - Notification queue processor cancelled
2025-06-30 10:13:58,428 - notification_service - INFO - [notification_service.py:230] - Notification service stopped
2025-06-30 10:13:59,608 - notification_service - INFO - [notification_service.py:200] - Notification service initialized
2025-06-30 10:13:59,738 - notification_service - INFO - [notification_service.py:210] - Notification service started
2025-06-30 10:13:59,739 - notification_service - INFO - [notification_service.py:481] - Notification queue processor started
2025-06-30 10:14:17,885 - notification_service - INFO - [notification_service.py:521] - Notification queue processor cancelled
2025-06-30 10:14:17,886 - notification_service - INFO - [notification_service.py:230] - Notification service stopped
2025-06-30 10:22:12,784 - notification_service - INFO - [notification_service.py:200] - Notification service initialized
2025-06-30 10:22:12,918 - notification_service - INFO - [notification_service.py:210] - Notification service started
2025-06-30 10:22:12,919 - notification_service - INFO - [notification_service.py:481] - Notification queue processor started
2025-06-30 10:29:43,114 - notification_service - INFO - [notification_service.py:521] - Notification queue processor cancelled
2025-06-30 10:29:43,115 - notification_service - INFO - [notification_service.py:230] - Notification service stopped
2025-06-30 10:29:53,685 - notification_service - INFO - [notification_service.py:200] - Notification service initialized
2025-06-30 10:29:53,837 - notification_service - INFO - [notification_service.py:210] - Notification service started
2025-06-30 10:29:53,838 - notification_service - INFO - [notification_service.py:481] - Notification queue processor started
2025-06-30 10:35:28,077 - notification_service - INFO - [notification_service.py:521] - Notification queue processor cancelled
2025-06-30 10:35:28,078 - notification_service - INFO - [notification_service.py:230] - Notification service stopped
2025-06-30 10:35:31,355 - notification_service - INFO - [notification_service.py:200] - Notification service initialized
2025-06-30 10:35:31,517 - notification_service - INFO - [notification_service.py:210] - Notification service started
2025-06-30 10:35:31,519 - notification_service - INFO - [notification_service.py:481] - Notification queue processor started
2025-06-30 10:35:46,162 - notification_service - INFO - [notification_service.py:521] - Notification queue processor cancelled
2025-06-30 10:35:46,163 - notification_service - INFO - [notification_service.py:230] - Notification service stopped
2025-06-30 10:35:47,326 - notification_service - INFO - [notification_service.py:200] - Notification service initialized
2025-06-30 10:35:47,457 - notification_service - INFO - [notification_service.py:210] - Notification service started
2025-06-30 10:35:47,458 - notification_service - INFO - [notification_service.py:481] - Notification queue processor started
2025-06-30 10:41:29,670 - notification_service - INFO - [notification_service.py:521] - Notification queue processor cancelled
2025-06-30 10:41:29,671 - notification_service - INFO - [notification_service.py:230] - Notification service stopped
2025-06-30 10:41:30,842 - notification_service - INFO - [notification_service.py:200] - Notification service initialized
2025-06-30 10:41:30,979 - notification_service - INFO - [notification_service.py:210] - Notification service started
2025-06-30 10:41:30,980 - notification_service - INFO - [notification_service.py:481] - Notification queue processor started
2025-06-30 12:54:08,534 - notification_service - INFO - [notification_service.py:200] - Notification service initialized
2025-06-30 12:54:08,740 - notification_service - INFO - [notification_service.py:210] - Notification service started
2025-06-30 12:54:08,742 - notification_service - INFO - [notification_service.py:481] - Notification queue processor started
2025-06-30 13:00:21,002 - notification_service - INFO - [notification_service.py:521] - Notification queue processor cancelled
2025-06-30 13:00:21,003 - notification_service - INFO - [notification_service.py:230] - Notification service stopped
2025-06-30 13:28:12,943 - notification_service - INFO - [notification_service.py:200] - Notification service initialized
2025-06-30 13:28:13,364 - notification_service - INFO - [notification_service.py:210] - Notification service started
2025-06-30 13:28:13,367 - notification_service - INFO - [notification_service.py:481] - Notification queue processor started
2025-06-30 15:12:25,065 - notification_service - INFO - [notification_service.py:200] - Notification service initialized
2025-06-30 15:12:25,297 - notification_service - INFO - [notification_service.py:210] - Notification service started
2025-06-30 15:12:25,298 - notification_service - INFO - [notification_service.py:481] - Notification queue processor started
2025-06-30 15:20:48,824 - notification_service - INFO - [notification_service.py:521] - Notification queue processor cancelled
2025-06-30 15:20:48,826 - notification_service - INFO - [notification_service.py:230] - Notification service stopped
2025-06-30 15:20:50,162 - notification_service - INFO - [notification_service.py:200] - Notification service initialized
2025-06-30 15:20:50,301 - notification_service - INFO - [notification_service.py:210] - Notification service started
2025-06-30 15:20:50,302 - notification_service - INFO - [notification_service.py:481] - Notification queue processor started
2025-06-30 15:22:24,586 - notification_service - INFO - [notification_service.py:521] - Notification queue processor cancelled
2025-06-30 15:22:24,588 - notification_service - INFO - [notification_service.py:230] - Notification service stopped
2025-06-30 15:23:57,392 - notification_service - INFO - [notification_service.py:200] - Notification service initialized
2025-06-30 15:23:57,525 - notification_service - INFO - [notification_service.py:210] - Notification service started
2025-06-30 15:23:57,526 - notification_service - INFO - [notification_service.py:481] - Notification queue processor started
2025-06-30 15:29:55,570 - notification_service - INFO - [notification_service.py:521] - Notification queue processor cancelled
2025-06-30 15:29:55,573 - notification_service - INFO - [notification_service.py:230] - Notification service stopped
2025-06-30 15:29:56,827 - notification_service - INFO - [notification_service.py:200] - Notification service initialized
2025-06-30 15:29:56,963 - notification_service - INFO - [notification_service.py:210] - Notification service started
2025-06-30 15:29:56,963 - notification_service - INFO - [notification_service.py:481] - Notification queue processor started
2025-06-30 15:30:00,746 - notification_service - INFO - [notification_service.py:521] - Notification queue processor cancelled
2025-06-30 15:30:00,748 - notification_service - INFO - [notification_service.py:230] - Notification service stopped
2025-06-30 15:30:02,058 - notification_service - INFO - [notification_service.py:200] - Notification service initialized
2025-06-30 15:30:02,193 - notification_service - INFO - [notification_service.py:210] - Notification service started
2025-06-30 15:30:02,194 - notification_service - INFO - [notification_service.py:481] - Notification queue processor started
2025-06-30 15:33:23,915 - notification_service - INFO - [notification_service.py:521] - Notification queue processor cancelled
2025-06-30 15:33:23,920 - notification_service - INFO - [notification_service.py:230] - Notification service stopped
2025-06-30 15:33:25,133 - notification_service - INFO - [notification_service.py:200] - Notification service initialized
2025-06-30 15:33:25,271 - notification_service - INFO - [notification_service.py:210] - Notification service started
2025-06-30 15:33:25,271 - notification_service - INFO - [notification_service.py:481] - Notification queue processor started
2025-06-30 15:34:21,019 - notification_service - INFO - [notification_service.py:521] - Notification queue processor cancelled
2025-06-30 15:34:21,020 - notification_service - INFO - [notification_service.py:230] - Notification service stopped
2025-06-30 15:34:22,202 - notification_service - INFO - [notification_service.py:200] - Notification service initialized
2025-06-30 15:34:22,349 - notification_service - INFO - [notification_service.py:210] - Notification service started
2025-06-30 15:34:22,350 - notification_service - INFO - [notification_service.py:481] - Notification queue processor started
2025-06-30 15:34:35,850 - notification_service - INFO - [notification_service.py:521] - Notification queue processor cancelled
2025-06-30 15:34:35,852 - notification_service - INFO - [notification_service.py:230] - Notification service stopped
2025-06-30 15:34:37,007 - notification_service - INFO - [notification_service.py:200] - Notification service initialized
2025-06-30 15:34:37,155 - notification_service - INFO - [notification_service.py:210] - Notification service started
2025-06-30 15:34:37,155 - notification_service - INFO - [notification_service.py:481] - Notification queue processor started
2025-06-30 15:34:57,918 - notification_service - INFO - [notification_service.py:521] - Notification queue processor cancelled
2025-06-30 15:34:57,920 - notification_service - INFO - [notification_service.py:230] - Notification service stopped
2025-06-30 15:34:59,093 - notification_service - INFO - [notification_service.py:200] - Notification service initialized
2025-06-30 15:34:59,246 - notification_service - INFO - [notification_service.py:210] - Notification service started
2025-06-30 15:34:59,246 - notification_service - INFO - [notification_service.py:481] - Notification queue processor started
2025-06-30 15:36:51,645 - notification_service - INFO - [notification_service.py:521] - Notification queue processor cancelled
2025-06-30 15:36:51,649 - notification_service - INFO - [notification_service.py:230] - Notification service stopped
2025-06-30 15:37:02,860 - notification_service - INFO - [notification_service.py:200] - Notification service initialized
2025-06-30 15:37:03,021 - notification_service - INFO - [notification_service.py:210] - Notification service started
2025-06-30 15:37:03,022 - notification_service - INFO - [notification_service.py:481] - Notification queue processor started
2025-06-30 15:40:40,006 - notification_service - INFO - [notification_service.py:521] - Notification queue processor cancelled
2025-06-30 15:40:40,008 - notification_service - INFO - [notification_service.py:230] - Notification service stopped
2025-06-30 15:46:06,710 - notification_service - INFO - [notification_service.py:200] - Notification service initialized
2025-06-30 15:46:06,844 - notification_service - INFO - [notification_service.py:210] - Notification service started
2025-06-30 15:46:06,845 - notification_service - INFO - [notification_service.py:481] - Notification queue processor started
2025-06-30 15:47:34,007 - notification_service - INFO - [notification_service.py:521] - Notification queue processor cancelled
2025-06-30 15:47:34,009 - notification_service - INFO - [notification_service.py:230] - Notification service stopped
2025-06-30 15:56:18,372 - notification_service - INFO - [notification_service.py:200] - Notification service initialized
2025-06-30 15:56:18,637 - notification_service - INFO - [notification_service.py:210] - Notification service started
2025-06-30 15:56:18,639 - notification_service - INFO - [notification_service.py:481] - Notification queue processor started
2025-06-30 16:10:02,228 - notification_service - INFO - [notification_service.py:521] - Notification queue processor cancelled
2025-06-30 16:10:02,230 - notification_service - INFO - [notification_service.py:230] - Notification service stopped
2025-06-30 16:10:13,980 - notification_service - INFO - [notification_service.py:200] - Notification service initialized
2025-06-30 16:10:14,119 - notification_service - INFO - [notification_service.py:210] - Notification service started
2025-06-30 16:10:14,120 - notification_service - INFO - [notification_service.py:481] - Notification queue processor started
2025-06-30 16:25:43,657 - notification_service - INFO - [notification_service.py:521] - Notification queue processor cancelled
2025-06-30 16:25:43,658 - notification_service - INFO - [notification_service.py:230] - Notification service stopped
2025-06-30 16:26:33,059 - notification_service - INFO - [notification_service.py:200] - Notification service initialized
2025-06-30 16:26:33,244 - notification_service - INFO - [notification_service.py:210] - Notification service started
2025-06-30 16:26:33,246 - notification_service - INFO - [notification_service.py:481] - Notification queue processor started
