2025-07-01 05:30:04,588 - notification_service - INFO - [notification_service.py:200] - Notification service initialized
2025-07-01 05:30:04,840 - notification_service - INFO - [notification_service.py:210] - Notification service started
2025-07-01 05:30:04,842 - notification_service - INFO - [notification_service.py:481] - Notification queue processor started
2025-07-01 05:55:31,057 - notification_service - INFO - [notification_service.py:521] - Notification queue processor cancelled
2025-07-01 05:55:31,057 - notification_service - INFO - [notification_service.py:230] - Notification service stopped
2025-07-01 05:55:33,465 - notification_service - INFO - [notification_service.py:200] - Notification service initialized
2025-07-01 05:55:33,669 - notification_service - INFO - [notification_service.py:210] - Notification service started
2025-07-01 05:55:33,669 - notification_service - INFO - [notification_service.py:481] - Notification queue processor started
2025-07-01 05:55:46,293 - notification_service - INFO - [notification_service.py:521] - Notification queue processor cancelled
2025-07-01 05:55:46,293 - notification_service - INFO - [notification_service.py:230] - Notification service stopped
2025-07-01 05:55:47,488 - notification_service - INFO - [notification_service.py:200] - Notification service initialized
2025-07-01 05:55:47,622 - notification_service - INFO - [notification_service.py:210] - Notification service started
2025-07-01 05:55:47,623 - notification_service - INFO - [notification_service.py:481] - Notification queue processor started
2025-07-01 05:57:06,209 - notification_service - INFO - [notification_service.py:521] - Notification queue processor cancelled
2025-07-01 05:57:06,210 - notification_service - INFO - [notification_service.py:230] - Notification service stopped
2025-07-01 05:57:07,444 - notification_service - INFO - [notification_service.py:200] - Notification service initialized
2025-07-01 05:57:07,576 - notification_service - INFO - [notification_service.py:210] - Notification service started
2025-07-01 05:57:07,577 - notification_service - INFO - [notification_service.py:481] - Notification queue processor started
2025-07-01 05:59:05,692 - notification_service - INFO - [notification_service.py:521] - Notification queue processor cancelled
2025-07-01 05:59:05,693 - notification_service - INFO - [notification_service.py:230] - Notification service stopped
2025-07-01 05:59:25,193 - notification_service - INFO - [notification_service.py:200] - Notification service initialized
2025-07-01 05:59:25,335 - notification_service - INFO - [notification_service.py:210] - Notification service started
2025-07-01 05:59:25,336 - notification_service - INFO - [notification_service.py:481] - Notification queue processor started
2025-07-01 06:06:20,755 - notification_service - INFO - [notification_service.py:521] - Notification queue processor cancelled
2025-07-01 06:06:20,759 - notification_service - INFO - [notification_service.py:230] - Notification service stopped
2025-07-01 06:06:21,993 - notification_service - INFO - [notification_service.py:200] - Notification service initialized
2025-07-01 06:06:22,123 - notification_service - INFO - [notification_service.py:210] - Notification service started
2025-07-01 06:06:22,123 - notification_service - INFO - [notification_service.py:481] - Notification queue processor started
2025-07-01 06:06:29,206 - notification_service - INFO - [notification_service.py:521] - Notification queue processor cancelled
2025-07-01 06:06:29,209 - notification_service - INFO - [notification_service.py:230] - Notification service stopped
2025-07-01 06:06:30,441 - notification_service - INFO - [notification_service.py:200] - Notification service initialized
2025-07-01 06:06:30,572 - notification_service - INFO - [notification_service.py:210] - Notification service started
2025-07-01 06:06:30,573 - notification_service - INFO - [notification_service.py:481] - Notification queue processor started
2025-07-01 06:22:28,793 - notification_service - INFO - [notification_service.py:521] - Notification queue processor cancelled
2025-07-01 06:22:28,794 - notification_service - INFO - [notification_service.py:230] - Notification service stopped
2025-07-01 06:22:30,007 - notification_service - INFO - [notification_service.py:200] - Notification service initialized
2025-07-01 06:22:30,156 - notification_service - INFO - [notification_service.py:210] - Notification service started
2025-07-01 06:22:30,157 - notification_service - INFO - [notification_service.py:481] - Notification queue processor started
2025-07-01 06:22:35,353 - notification_service - INFO - [notification_service.py:521] - Notification queue processor cancelled
2025-07-01 06:22:35,355 - notification_service - INFO - [notification_service.py:230] - Notification service stopped
2025-07-01 06:22:36,553 - notification_service - INFO - [notification_service.py:200] - Notification service initialized
2025-07-01 06:22:36,701 - notification_service - INFO - [notification_service.py:210] - Notification service started
2025-07-01 06:22:36,702 - notification_service - INFO - [notification_service.py:481] - Notification queue processor started
2025-07-01 06:23:08,895 - notification_service - INFO - [notification_service.py:521] - Notification queue processor cancelled
2025-07-01 06:23:08,898 - notification_service - INFO - [notification_service.py:230] - Notification service stopped
2025-07-01 06:23:10,100 - notification_service - INFO - [notification_service.py:200] - Notification service initialized
2025-07-01 06:23:10,249 - notification_service - INFO - [notification_service.py:210] - Notification service started
2025-07-01 06:23:10,250 - notification_service - INFO - [notification_service.py:481] - Notification queue processor started
2025-07-01 06:23:18,586 - notification_service - INFO - [notification_service.py:521] - Notification queue processor cancelled
2025-07-01 06:23:18,587 - notification_service - INFO - [notification_service.py:230] - Notification service stopped
2025-07-01 06:23:19,760 - notification_service - INFO - [notification_service.py:200] - Notification service initialized
2025-07-01 06:23:19,912 - notification_service - INFO - [notification_service.py:210] - Notification service started
2025-07-01 06:23:19,913 - notification_service - INFO - [notification_service.py:481] - Notification queue processor started
2025-07-01 06:33:23,477 - notification_service - INFO - [notification_service.py:200] - Notification service initialized
2025-07-01 06:33:23,688 - notification_service - INFO - [notification_service.py:210] - Notification service started
2025-07-01 06:33:23,689 - notification_service - INFO - [notification_service.py:481] - Notification queue processor started
2025-07-01 06:49:32,409 - notification_service - INFO - [notification_service.py:521] - Notification queue processor cancelled
2025-07-01 06:49:32,411 - notification_service - INFO - [notification_service.py:230] - Notification service stopped
2025-07-01 06:54:21,501 - notification_service - INFO - [notification_service.py:200] - Notification service initialized
2025-07-01 06:54:21,666 - notification_service - INFO - [notification_service.py:210] - Notification service started
2025-07-01 06:54:21,668 - notification_service - INFO - [notification_service.py:481] - Notification queue processor started
2025-07-01 06:58:32,007 - notification_service - INFO - [notification_service.py:521] - Notification queue processor cancelled
2025-07-01 06:58:32,010 - notification_service - INFO - [notification_service.py:230] - Notification service stopped
2025-07-01 06:58:33,244 - notification_service - INFO - [notification_service.py:200] - Notification service initialized
2025-07-01 06:58:33,385 - notification_service - INFO - [notification_service.py:210] - Notification service started
2025-07-01 06:58:33,386 - notification_service - INFO - [notification_service.py:481] - Notification queue processor started
2025-07-01 06:58:41,429 - notification_service - INFO - [notification_service.py:521] - Notification queue processor cancelled
2025-07-01 06:58:41,433 - notification_service - INFO - [notification_service.py:230] - Notification service stopped
2025-07-01 06:58:42,654 - notification_service - INFO - [notification_service.py:200] - Notification service initialized
2025-07-01 06:58:42,797 - notification_service - INFO - [notification_service.py:210] - Notification service started
2025-07-01 06:58:42,798 - notification_service - INFO - [notification_service.py:481] - Notification queue processor started
2025-07-01 06:59:17,670 - notification_service - INFO - [notification_service.py:521] - Notification queue processor cancelled
2025-07-01 06:59:17,675 - notification_service - INFO - [notification_service.py:230] - Notification service stopped
2025-07-01 06:59:18,874 - notification_service - INFO - [notification_service.py:200] - Notification service initialized
2025-07-01 06:59:19,009 - notification_service - INFO - [notification_service.py:210] - Notification service started
2025-07-01 06:59:19,010 - notification_service - INFO - [notification_service.py:481] - Notification queue processor started
2025-07-01 06:59:55,444 - notification_service - INFO - [notification_service.py:521] - Notification queue processor cancelled
2025-07-01 06:59:55,446 - notification_service - INFO - [notification_service.py:230] - Notification service stopped
2025-07-01 06:59:56,641 - notification_service - INFO - [notification_service.py:200] - Notification service initialized
2025-07-01 06:59:56,780 - notification_service - INFO - [notification_service.py:210] - Notification service started
2025-07-01 06:59:56,782 - notification_service - INFO - [notification_service.py:481] - Notification queue processor started
2025-07-01 07:00:00,941 - notification_service - INFO - [notification_service.py:521] - Notification queue processor cancelled
2025-07-01 07:00:00,943 - notification_service - INFO - [notification_service.py:230] - Notification service stopped
2025-07-01 07:00:02,146 - notification_service - INFO - [notification_service.py:200] - Notification service initialized
2025-07-01 07:00:02,286 - notification_service - INFO - [notification_service.py:210] - Notification service started
2025-07-01 07:00:02,287 - notification_service - INFO - [notification_service.py:481] - Notification queue processor started
2025-07-01 07:00:06,475 - notification_service - INFO - [notification_service.py:521] - Notification queue processor cancelled
2025-07-01 07:00:06,476 - notification_service - INFO - [notification_service.py:230] - Notification service stopped
2025-07-01 07:00:07,697 - notification_service - INFO - [notification_service.py:200] - Notification service initialized
2025-07-01 07:00:07,834 - notification_service - INFO - [notification_service.py:210] - Notification service started
2025-07-01 07:00:07,835 - notification_service - INFO - [notification_service.py:481] - Notification queue processor started
2025-07-01 07:01:46,313 - notification_service - INFO - [notification_service.py:521] - Notification queue processor cancelled
2025-07-01 07:01:46,315 - notification_service - INFO - [notification_service.py:230] - Notification service stopped
2025-07-01 07:02:01,458 - notification_service - INFO - [notification_service.py:200] - Notification service initialized
2025-07-01 07:02:01,591 - notification_service - INFO - [notification_service.py:210] - Notification service started
2025-07-01 07:02:01,592 - notification_service - INFO - [notification_service.py:481] - Notification queue processor started
2025-07-01 09:10:09,258 - notification_service - INFO - [notification_service.py:200] - Notification service initialized
2025-07-01 09:10:09,484 - notification_service - INFO - [notification_service.py:210] - Notification service started
2025-07-01 09:10:09,485 - notification_service - INFO - [notification_service.py:481] - Notification queue processor started
2025-07-01 09:17:05,588 - notification_service - INFO - [notification_service.py:521] - Notification queue processor cancelled
2025-07-01 09:17:05,590 - notification_service - INFO - [notification_service.py:230] - Notification service stopped
2025-07-01 09:17:07,218 - notification_service - INFO - [notification_service.py:200] - Notification service initialized
2025-07-01 09:17:07,370 - notification_service - INFO - [notification_service.py:210] - Notification service started
2025-07-01 09:17:07,372 - notification_service - INFO - [notification_service.py:481] - Notification queue processor started
2025-07-01 09:35:47,158 - notification_service - INFO - [notification_service.py:521] - Notification queue processor cancelled
2025-07-01 09:35:47,163 - notification_service - INFO - [notification_service.py:230] - Notification service stopped
2025-07-01 09:35:48,506 - notification_service - INFO - [notification_service.py:200] - Notification service initialized
2025-07-01 09:35:48,643 - notification_service - INFO - [notification_service.py:210] - Notification service started
2025-07-01 09:35:48,644 - notification_service - INFO - [notification_service.py:481] - Notification queue processor started
2025-07-01 09:35:53,724 - notification_service - INFO - [notification_service.py:521] - Notification queue processor cancelled
2025-07-01 09:35:53,726 - notification_service - INFO - [notification_service.py:230] - Notification service stopped
2025-07-01 09:35:54,946 - notification_service - INFO - [notification_service.py:200] - Notification service initialized
2025-07-01 09:35:55,088 - notification_service - INFO - [notification_service.py:210] - Notification service started
2025-07-01 09:35:55,089 - notification_service - INFO - [notification_service.py:481] - Notification queue processor started
2025-07-01 09:36:07,669 - notification_service - INFO - [notification_service.py:521] - Notification queue processor cancelled
2025-07-01 09:36:07,672 - notification_service - INFO - [notification_service.py:230] - Notification service stopped
2025-07-01 09:36:08,870 - notification_service - INFO - [notification_service.py:200] - Notification service initialized
2025-07-01 09:36:09,008 - notification_service - INFO - [notification_service.py:210] - Notification service started
2025-07-01 09:36:09,009 - notification_service - INFO - [notification_service.py:481] - Notification queue processor started
2025-07-01 09:36:14,242 - notification_service - INFO - [notification_service.py:521] - Notification queue processor cancelled
2025-07-01 09:36:14,248 - notification_service - INFO - [notification_service.py:230] - Notification service stopped
2025-07-01 09:36:15,451 - notification_service - INFO - [notification_service.py:200] - Notification service initialized
2025-07-01 09:36:15,586 - notification_service - INFO - [notification_service.py:210] - Notification service started
2025-07-01 09:36:15,587 - notification_service - INFO - [notification_service.py:481] - Notification queue processor started
2025-07-01 09:49:14,104 - notification_service - INFO - [notification_service.py:521] - Notification queue processor cancelled
2025-07-01 09:49:14,105 - notification_service - INFO - [notification_service.py:230] - Notification service stopped
2025-07-01 09:49:15,368 - notification_service - INFO - [notification_service.py:200] - Notification service initialized
2025-07-01 09:49:15,502 - notification_service - INFO - [notification_service.py:210] - Notification service started
2025-07-01 09:49:15,503 - notification_service - INFO - [notification_service.py:481] - Notification queue processor started
2025-07-01 09:49:25,941 - notification_service - INFO - [notification_service.py:521] - Notification queue processor cancelled
2025-07-01 09:49:25,943 - notification_service - INFO - [notification_service.py:230] - Notification service stopped
2025-07-01 09:49:27,122 - notification_service - INFO - [notification_service.py:200] - Notification service initialized
2025-07-01 09:49:27,255 - notification_service - INFO - [notification_service.py:210] - Notification service started
2025-07-01 09:49:27,255 - notification_service - INFO - [notification_service.py:481] - Notification queue processor started
2025-07-01 09:49:32,459 - notification_service - INFO - [notification_service.py:521] - Notification queue processor cancelled
2025-07-01 09:49:32,460 - notification_service - INFO - [notification_service.py:230] - Notification service stopped
2025-07-01 09:49:33,683 - notification_service - INFO - [notification_service.py:200] - Notification service initialized
2025-07-01 09:49:33,815 - notification_service - INFO - [notification_service.py:210] - Notification service started
2025-07-01 09:49:33,816 - notification_service - INFO - [notification_service.py:481] - Notification queue processor started
2025-07-01 09:49:40,054 - notification_service - INFO - [notification_service.py:521] - Notification queue processor cancelled
2025-07-01 09:49:40,055 - notification_service - INFO - [notification_service.py:230] - Notification service stopped
2025-07-01 09:49:41,241 - notification_service - INFO - [notification_service.py:200] - Notification service initialized
2025-07-01 09:49:41,370 - notification_service - INFO - [notification_service.py:210] - Notification service started
2025-07-01 09:49:41,371 - notification_service - INFO - [notification_service.py:481] - Notification queue processor started
2025-07-01 09:52:53,975 - notification_service - INFO - [notification_service.py:521] - Notification queue processor cancelled
2025-07-01 09:52:53,977 - notification_service - INFO - [notification_service.py:230] - Notification service stopped
2025-07-01 09:53:01,267 - notification_service - INFO - [notification_service.py:200] - Notification service initialized
2025-07-01 09:53:01,396 - notification_service - INFO - [notification_service.py:210] - Notification service started
2025-07-01 09:53:01,397 - notification_service - INFO - [notification_service.py:481] - Notification queue processor started
2025-07-01 10:04:13,875 - notification_service - INFO - [notification_service.py:200] - Notification service initialized
2025-07-01 10:04:14,093 - notification_service - INFO - [notification_service.py:210] - Notification service started
2025-07-01 10:04:14,095 - notification_service - INFO - [notification_service.py:481] - Notification queue processor started
2025-07-01 10:07:50,586 - notification_service - INFO - [notification_service.py:521] - Notification queue processor cancelled
2025-07-01 10:07:50,588 - notification_service - INFO - [notification_service.py:230] - Notification service stopped
2025-07-01 10:07:52,156 - notification_service - INFO - [notification_service.py:200] - Notification service initialized
2025-07-01 10:07:52,307 - notification_service - INFO - [notification_service.py:210] - Notification service started
2025-07-01 10:07:52,309 - notification_service - INFO - [notification_service.py:481] - Notification queue processor started
2025-07-01 10:09:30,038 - notification_service - INFO - [notification_service.py:521] - Notification queue processor cancelled
2025-07-01 10:09:30,040 - notification_service - INFO - [notification_service.py:230] - Notification service stopped
2025-07-01 10:09:42,117 - notification_service - INFO - [notification_service.py:200] - Notification service initialized
2025-07-01 10:09:42,245 - notification_service - INFO - [notification_service.py:210] - Notification service started
2025-07-01 10:09:42,247 - notification_service - INFO - [notification_service.py:481] - Notification queue processor started
2025-07-01 10:18:40,196 - notification_service - INFO - [notification_service.py:521] - Notification queue processor cancelled
2025-07-01 10:18:40,197 - notification_service - INFO - [notification_service.py:230] - Notification service stopped
2025-07-01 10:18:41,594 - notification_service - INFO - [notification_service.py:200] - Notification service initialized
2025-07-01 10:18:41,724 - notification_service - INFO - [notification_service.py:210] - Notification service started
2025-07-01 10:18:41,724 - notification_service - INFO - [notification_service.py:481] - Notification queue processor started
2025-07-01 10:19:02,386 - notification_service - INFO - [notification_service.py:521] - Notification queue processor cancelled
2025-07-01 10:19:02,388 - notification_service - INFO - [notification_service.py:230] - Notification service stopped
2025-07-01 10:19:03,635 - notification_service - INFO - [notification_service.py:200] - Notification service initialized
2025-07-01 10:19:03,764 - notification_service - INFO - [notification_service.py:210] - Notification service started
2025-07-01 10:19:03,764 - notification_service - INFO - [notification_service.py:481] - Notification queue processor started
2025-07-01 10:20:00,660 - notification_service - INFO - [notification_service.py:521] - Notification queue processor cancelled
2025-07-01 10:20:00,661 - notification_service - INFO - [notification_service.py:230] - Notification service stopped
2025-07-01 10:20:01,884 - notification_service - INFO - [notification_service.py:200] - Notification service initialized
2025-07-01 10:20:02,035 - notification_service - INFO - [notification_service.py:210] - Notification service started
2025-07-01 10:20:02,036 - notification_service - INFO - [notification_service.py:481] - Notification queue processor started
2025-07-01 10:28:16,331 - notification_service - INFO - [notification_service.py:521] - Notification queue processor cancelled
2025-07-01 10:28:16,333 - notification_service - INFO - [notification_service.py:230] - Notification service stopped
2025-07-01 10:28:17,614 - notification_service - INFO - [notification_service.py:200] - Notification service initialized
2025-07-01 10:28:17,743 - notification_service - INFO - [notification_service.py:210] - Notification service started
2025-07-01 10:28:17,744 - notification_service - INFO - [notification_service.py:481] - Notification queue processor started
2025-07-01 10:33:43,559 - notification_service - INFO - [notification_service.py:521] - Notification queue processor cancelled
2025-07-01 10:33:43,562 - notification_service - INFO - [notification_service.py:230] - Notification service stopped
2025-07-01 10:33:44,840 - notification_service - INFO - [notification_service.py:200] - Notification service initialized
2025-07-01 10:33:44,974 - notification_service - INFO - [notification_service.py:210] - Notification service started
2025-07-01 10:33:44,974 - notification_service - INFO - [notification_service.py:481] - Notification queue processor started
2025-07-01 10:33:52,219 - notification_service - INFO - [notification_service.py:521] - Notification queue processor cancelled
2025-07-01 10:33:52,221 - notification_service - INFO - [notification_service.py:230] - Notification service stopped
2025-07-01 10:33:53,394 - notification_service - INFO - [notification_service.py:200] - Notification service initialized
2025-07-01 10:33:53,527 - notification_service - INFO - [notification_service.py:210] - Notification service started
2025-07-01 10:33:53,528 - notification_service - INFO - [notification_service.py:481] - Notification queue processor started
2025-07-01 10:34:03,850 - notification_service - INFO - [notification_service.py:521] - Notification queue processor cancelled
2025-07-01 10:34:03,851 - notification_service - INFO - [notification_service.py:230] - Notification service stopped
2025-07-01 10:34:05,051 - notification_service - INFO - [notification_service.py:200] - Notification service initialized
2025-07-01 10:34:05,202 - notification_service - INFO - [notification_service.py:210] - Notification service started
2025-07-01 10:34:05,203 - notification_service - INFO - [notification_service.py:481] - Notification queue processor started
2025-07-01 10:34:16,271 - notification_service - INFO - [notification_service.py:521] - Notification queue processor cancelled
2025-07-01 10:34:16,273 - notification_service - INFO - [notification_service.py:230] - Notification service stopped
2025-07-01 10:35:23,411 - notification_service - INFO - [notification_service.py:200] - Notification service initialized
2025-07-01 10:35:23,559 - notification_service - INFO - [notification_service.py:210] - Notification service started
2025-07-01 10:35:23,561 - notification_service - INFO - [notification_service.py:481] - Notification queue processor started
2025-07-01 13:02:27,013 - notification_service - INFO - [notification_service.py:200] - Notification service initialized
2025-07-01 13:02:27,320 - notification_service - INFO - [notification_service.py:210] - Notification service started
2025-07-01 13:02:27,323 - notification_service - INFO - [notification_service.py:481] - Notification queue processor started
2025-07-01 13:28:22,941 - notification_service - INFO - [notification_service.py:521] - Notification queue processor cancelled
2025-07-01 13:28:22,944 - notification_service - INFO - [notification_service.py:230] - Notification service stopped
2025-07-01 13:28:25,397 - notification_service - INFO - [notification_service.py:200] - Notification service initialized
2025-07-01 13:28:25,598 - notification_service - INFO - [notification_service.py:210] - Notification service started
2025-07-01 13:28:25,598 - notification_service - INFO - [notification_service.py:481] - Notification queue processor started
2025-07-01 13:35:00,800 - notification_service - INFO - [notification_service.py:521] - Notification queue processor cancelled
2025-07-01 13:35:00,801 - notification_service - INFO - [notification_service.py:230] - Notification service stopped
2025-07-01 13:35:02,036 - notification_service - INFO - [notification_service.py:200] - Notification service initialized
2025-07-01 13:35:02,184 - notification_service - INFO - [notification_service.py:210] - Notification service started
2025-07-01 13:35:02,184 - notification_service - INFO - [notification_service.py:481] - Notification queue processor started
2025-07-01 13:35:30,247 - notification_service - INFO - [notification_service.py:521] - Notification queue processor cancelled
2025-07-01 13:35:30,250 - notification_service - INFO - [notification_service.py:230] - Notification service stopped
2025-07-01 13:35:31,453 - notification_service - INFO - [notification_service.py:200] - Notification service initialized
2025-07-01 13:35:31,598 - notification_service - INFO - [notification_service.py:210] - Notification service started
2025-07-01 13:35:31,598 - notification_service - INFO - [notification_service.py:481] - Notification queue processor started
2025-07-01 13:35:49,356 - notification_service - INFO - [notification_service.py:521] - Notification queue processor cancelled
2025-07-01 13:35:49,357 - notification_service - INFO - [notification_service.py:230] - Notification service stopped
2025-07-01 13:35:50,542 - notification_service - INFO - [notification_service.py:200] - Notification service initialized
2025-07-01 13:35:50,687 - notification_service - INFO - [notification_service.py:210] - Notification service started
2025-07-01 13:35:50,688 - notification_service - INFO - [notification_service.py:481] - Notification queue processor started
2025-07-01 13:39:12,842 - notification_service - INFO - [notification_service.py:521] - Notification queue processor cancelled
2025-07-01 13:39:12,843 - notification_service - INFO - [notification_service.py:230] - Notification service stopped
2025-07-01 13:39:21,291 - notification_service - INFO - [notification_service.py:200] - Notification service initialized
2025-07-01 13:39:21,428 - notification_service - INFO - [notification_service.py:210] - Notification service started
2025-07-01 13:39:21,430 - notification_service - INFO - [notification_service.py:481] - Notification queue processor started
2025-07-01 13:48:05,939 - notification_service - INFO - [notification_service.py:521] - Notification queue processor cancelled
2025-07-01 13:48:05,940 - notification_service - INFO - [notification_service.py:230] - Notification service stopped
2025-07-01 13:48:07,215 - notification_service - INFO - [notification_service.py:200] - Notification service initialized
2025-07-01 13:48:07,359 - notification_service - INFO - [notification_service.py:210] - Notification service started
2025-07-01 13:48:07,360 - notification_service - INFO - [notification_service.py:481] - Notification queue processor started
2025-07-01 13:49:26,957 - notification_service - INFO - [notification_service.py:521] - Notification queue processor cancelled
2025-07-01 13:49:26,958 - notification_service - INFO - [notification_service.py:230] - Notification service stopped
2025-07-01 13:49:28,203 - notification_service - INFO - [notification_service.py:200] - Notification service initialized
2025-07-01 13:49:28,345 - notification_service - INFO - [notification_service.py:210] - Notification service started
2025-07-01 13:49:28,346 - notification_service - INFO - [notification_service.py:481] - Notification queue processor started
2025-07-01 14:02:23,143 - notification_service - INFO - [notification_service.py:200] - Notification service initialized
2025-07-01 14:02:23,426 - notification_service - INFO - [notification_service.py:210] - Notification service started
2025-07-01 14:02:23,428 - notification_service - INFO - [notification_service.py:481] - Notification queue processor started
2025-07-01 14:13:24,520 - notification_service - INFO - [notification_service.py:521] - Notification queue processor cancelled
2025-07-01 14:13:24,521 - notification_service - INFO - [notification_service.py:230] - Notification service stopped
2025-07-01 14:13:26,063 - notification_service - INFO - [notification_service.py:200] - Notification service initialized
2025-07-01 14:13:26,219 - notification_service - INFO - [notification_service.py:210] - Notification service started
2025-07-01 14:13:26,220 - notification_service - INFO - [notification_service.py:481] - Notification queue processor started
2025-07-01 14:14:48,450 - notification_service - INFO - [notification_service.py:521] - Notification queue processor cancelled
2025-07-01 14:14:48,450 - notification_service - INFO - [notification_service.py:230] - Notification service stopped
2025-07-01 14:14:49,653 - notification_service - INFO - [notification_service.py:200] - Notification service initialized
2025-07-01 14:14:49,792 - notification_service - INFO - [notification_service.py:210] - Notification service started
2025-07-01 14:14:49,794 - notification_service - INFO - [notification_service.py:481] - Notification queue processor started
2025-07-01 14:25:13,241 - notification_service - INFO - [notification_service.py:521] - Notification queue processor cancelled
2025-07-01 14:25:13,243 - notification_service - INFO - [notification_service.py:230] - Notification service stopped
2025-07-01 14:25:14,576 - notification_service - INFO - [notification_service.py:200] - Notification service initialized
2025-07-01 14:25:14,708 - notification_service - INFO - [notification_service.py:210] - Notification service started
2025-07-01 14:25:14,709 - notification_service - INFO - [notification_service.py:481] - Notification queue processor started
2025-07-01 14:25:22,930 - notification_service - INFO - [notification_service.py:521] - Notification queue processor cancelled
2025-07-01 14:25:22,937 - notification_service - INFO - [notification_service.py:230] - Notification service stopped
2025-07-01 14:25:24,089 - notification_service - INFO - [notification_service.py:200] - Notification service initialized
2025-07-01 14:25:24,222 - notification_service - INFO - [notification_service.py:210] - Notification service started
2025-07-01 14:25:24,223 - notification_service - INFO - [notification_service.py:481] - Notification queue processor started
2025-07-01 14:43:41,333 - notification_service - INFO - [notification_service.py:521] - Notification queue processor cancelled
2025-07-01 14:43:41,335 - notification_service - INFO - [notification_service.py:230] - Notification service stopped
2025-07-01 14:43:42,623 - notification_service - INFO - [notification_service.py:200] - Notification service initialized
2025-07-01 14:43:42,759 - notification_service - INFO - [notification_service.py:210] - Notification service started
2025-07-01 14:43:42,760 - notification_service - INFO - [notification_service.py:481] - Notification queue processor started
2025-07-01 14:44:37,474 - notification_service - INFO - [notification_service.py:521] - Notification queue processor cancelled
2025-07-01 14:44:37,475 - notification_service - INFO - [notification_service.py:230] - Notification service stopped
2025-07-01 14:44:38,674 - notification_service - INFO - [notification_service.py:200] - Notification service initialized
2025-07-01 14:44:38,811 - notification_service - INFO - [notification_service.py:210] - Notification service started
2025-07-01 14:44:38,812 - notification_service - INFO - [notification_service.py:481] - Notification queue processor started
2025-07-01 14:45:00,431 - notification_service - INFO - [notification_service.py:521] - Notification queue processor cancelled
2025-07-01 14:45:00,432 - notification_service - INFO - [notification_service.py:230] - Notification service stopped
2025-07-01 14:45:01,648 - notification_service - INFO - [notification_service.py:200] - Notification service initialized
2025-07-01 14:45:01,789 - notification_service - INFO - [notification_service.py:210] - Notification service started
2025-07-01 14:45:01,789 - notification_service - INFO - [notification_service.py:481] - Notification queue processor started
2025-07-01 14:45:20,417 - notification_service - INFO - [notification_service.py:521] - Notification queue processor cancelled
2025-07-01 14:45:20,418 - notification_service - INFO - [notification_service.py:230] - Notification service stopped
2025-07-01 14:45:21,602 - notification_service - INFO - [notification_service.py:200] - Notification service initialized
2025-07-01 14:45:21,744 - notification_service - INFO - [notification_service.py:210] - Notification service started
2025-07-01 14:45:21,745 - notification_service - INFO - [notification_service.py:481] - Notification queue processor started
2025-07-01 14:59:33,690 - notification_service - INFO - [notification_service.py:521] - Notification queue processor cancelled
2025-07-01 14:59:33,691 - notification_service - INFO - [notification_service.py:230] - Notification service stopped
2025-07-01 14:59:34,941 - notification_service - INFO - [notification_service.py:200] - Notification service initialized
2025-07-01 14:59:35,083 - notification_service - INFO - [notification_service.py:210] - Notification service started
2025-07-01 14:59:35,084 - notification_service - INFO - [notification_service.py:481] - Notification queue processor started
2025-07-01 15:05:55,135 - notification_service - INFO - [notification_service.py:200] - Notification service initialized
2025-07-01 15:05:55,376 - notification_service - INFO - [notification_service.py:210] - Notification service started
2025-07-01 15:05:55,379 - notification_service - INFO - [notification_service.py:481] - Notification queue processor started
2025-07-01 15:16:49,689 - notification_service - INFO - [notification_service.py:521] - Notification queue processor cancelled
2025-07-01 15:16:49,695 - notification_service - INFO - [notification_service.py:230] - Notification service stopped
2025-07-01 15:16:52,399 - notification_service - INFO - [notification_service.py:200] - Notification service initialized
2025-07-01 15:16:52,624 - notification_service - INFO - [notification_service.py:210] - Notification service started
2025-07-01 15:16:52,626 - notification_service - INFO - [notification_service.py:481] - Notification queue processor started
2025-07-01 15:18:14,978 - notification_service - INFO - [notification_service.py:521] - Notification queue processor cancelled
2025-07-01 15:18:14,980 - notification_service - INFO - [notification_service.py:230] - Notification service stopped
2025-07-01 15:18:16,309 - notification_service - INFO - [notification_service.py:200] - Notification service initialized
2025-07-01 15:18:16,442 - notification_service - INFO - [notification_service.py:210] - Notification service started
2025-07-01 15:18:16,443 - notification_service - INFO - [notification_service.py:481] - Notification queue processor started
2025-07-01 15:18:40,617 - notification_service - INFO - [notification_service.py:521] - Notification queue processor cancelled
2025-07-01 15:18:40,618 - notification_service - INFO - [notification_service.py:230] - Notification service stopped
2025-07-01 15:18:41,925 - notification_service - INFO - [notification_service.py:200] - Notification service initialized
2025-07-01 15:18:42,061 - notification_service - INFO - [notification_service.py:210] - Notification service started
2025-07-01 15:18:42,063 - notification_service - INFO - [notification_service.py:481] - Notification queue processor started
2025-07-01 15:19:40,157 - notification_service - INFO - [notification_service.py:521] - Notification queue processor cancelled
2025-07-01 15:19:40,159 - notification_service - INFO - [notification_service.py:230] - Notification service stopped
2025-07-01 15:19:41,415 - notification_service - INFO - [notification_service.py:200] - Notification service initialized
2025-07-01 15:19:41,558 - notification_service - INFO - [notification_service.py:210] - Notification service started
2025-07-01 15:19:41,559 - notification_service - INFO - [notification_service.py:481] - Notification queue processor started
2025-07-01 15:19:46,614 - notification_service - INFO - [notification_service.py:521] - Notification queue processor cancelled
2025-07-01 15:19:46,615 - notification_service - INFO - [notification_service.py:230] - Notification service stopped
2025-07-01 15:19:48,051 - notification_service - INFO - [notification_service.py:200] - Notification service initialized
2025-07-01 15:19:48,195 - notification_service - INFO - [notification_service.py:210] - Notification service started
2025-07-01 15:19:48,196 - notification_service - INFO - [notification_service.py:481] - Notification queue processor started
2025-07-01 15:23:10,958 - notification_service - INFO - [notification_service.py:521] - Notification queue processor cancelled
2025-07-01 15:23:10,959 - notification_service - INFO - [notification_service.py:230] - Notification service stopped
2025-07-01 15:24:28,468 - notification_service - INFO - [notification_service.py:200] - Notification service initialized
2025-07-01 15:24:28,610 - notification_service - INFO - [notification_service.py:210] - Notification service started
2025-07-01 15:24:28,611 - notification_service - INFO - [notification_service.py:481] - Notification queue processor started
2025-07-01 15:33:37,016 - notification_service - INFO - [notification_service.py:521] - Notification queue processor cancelled
2025-07-01 15:33:37,018 - notification_service - INFO - [notification_service.py:230] - Notification service stopped
2025-07-01 15:33:38,310 - notification_service - INFO - [notification_service.py:200] - Notification service initialized
2025-07-01 15:33:38,443 - notification_service - INFO - [notification_service.py:210] - Notification service started
2025-07-01 15:33:38,444 - notification_service - INFO - [notification_service.py:481] - Notification queue processor started
2025-07-01 15:35:28,039 - notification_service - INFO - [notification_service.py:521] - Notification queue processor cancelled
2025-07-01 15:35:28,039 - notification_service - INFO - [notification_service.py:230] - Notification service stopped
2025-07-01 15:35:29,265 - notification_service - INFO - [notification_service.py:200] - Notification service initialized
2025-07-01 15:35:29,406 - notification_service - INFO - [notification_service.py:210] - Notification service started
2025-07-01 15:35:29,406 - notification_service - INFO - [notification_service.py:481] - Notification queue processor started
2025-07-01 15:36:29,819 - notification_service - INFO - [notification_service.py:521] - Notification queue processor cancelled
2025-07-01 15:36:29,820 - notification_service - INFO - [notification_service.py:230] - Notification service stopped
2025-07-01 15:36:45,029 - notification_service - INFO - [notification_service.py:200] - Notification service initialized
2025-07-01 15:36:45,162 - notification_service - INFO - [notification_service.py:210] - Notification service started
2025-07-01 15:36:45,163 - notification_service - INFO - [notification_service.py:481] - Notification queue processor started
