2024-11-11 11:04:28,779 - scanner - INFO - PermissionScanner initialized with categorized Windows permissions
2024-11-11 11:04:35,347 - scanner - INFO - Analyzing permissions for: C:\ShareGuardTest
2024-11-11 11:04:35,349 - scanner - INFO - Analyzing permissions for: C:\ShareGuardTest\Common
2024-11-11 11:04:35,355 - scanner - INFO - Analyzing permissions for: C:\ShareGuardTest\Finance
2024-11-11 11:04:35,357 - scanner - INFO - Analyzing permissions for: C:\ShareGuardTest\HR
2024-11-11 11:04:35,360 - scanner - INFO - Analyzing permissions for: C:\ShareGuardTest\IT
2024-11-11 11:04:35,361 - scanner - INFO - Analyzing permissions for: C:\ShareGuardTest\Finance\Confidential
2024-11-11 11:04:35,362 - scanner - INFO - Analyzing permissions for: C:\ShareGuardTest\Finance\Reports
2024-11-11 11:04:35,363 - scanner - INFO - Analyzing permissions for: C:\ShareGuardTest\HR\Personnel
2024-11-11 11:04:35,364 - scanner - INFO - Analyzing permissions for: C:\ShareGuardTest\HR\Policies
2024-11-11 11:04:35,365 - scanner - INFO - Analyzing permissions for: C:\ShareGuardTest\IT\Documentation
2024-11-11 11:04:35,366 - scanner - INFO - Analyzing permissions for: C:\ShareGuardTest\IT\Projects
2024-11-11 11:04:35,436 - scanner - INFO - Analyzing permissions for: C:\ShareGuardTest
2024-11-11 11:04:35,437 - scanner - INFO - Analyzing permissions for: C:\ShareGuardTest\Common
2024-11-11 11:04:35,438 - scanner - INFO - Analyzing permissions for: C:\ShareGuardTest\Finance
2024-11-11 11:04:35,439 - scanner - INFO - Analyzing permissions for: C:\ShareGuardTest\HR
2024-11-11 11:04:35,440 - scanner - INFO - Analyzing permissions for: C:\ShareGuardTest\IT
2024-11-11 11:04:35,441 - scanner - INFO - Analyzing permissions for: C:\ShareGuardTest\Finance\Confidential
2024-11-11 11:04:35,447 - scanner - INFO - Analyzing permissions for: C:\ShareGuardTest\Finance\Reports
2024-11-11 11:04:35,448 - scanner - INFO - Analyzing permissions for: C:\ShareGuardTest\HR\Personnel
2024-11-11 11:04:35,449 - scanner - INFO - Analyzing permissions for: C:\ShareGuardTest\HR\Policies
2024-11-11 11:04:35,450 - scanner - INFO - Analyzing permissions for: C:\ShareGuardTest\IT\Documentation
2024-11-11 11:04:35,451 - scanner - INFO - Analyzing permissions for: C:\ShareGuardTest\IT\Projects
2024-11-11 11:04:35,502 - scanner - INFO - Analyzing permissions for: C:\ShareGuardTest
2024-11-11 11:04:35,503 - scanner - INFO - Analyzing permissions for: C:\ShareGuardTest\Common
2024-11-11 11:04:35,504 - scanner - INFO - Analyzing permissions for: C:\ShareGuardTest\Finance
2024-11-11 11:04:35,509 - scanner - INFO - Analyzing permissions for: C:\ShareGuardTest\HR
2024-11-11 11:04:35,510 - scanner - INFO - Analyzing permissions for: C:\ShareGuardTest\IT
2024-11-11 11:04:35,511 - scanner - INFO - Analyzing permissions for: C:\ShareGuardTest\Finance\Confidential
2024-11-11 11:04:35,512 - scanner - INFO - Analyzing permissions for: C:\ShareGuardTest\Finance\Reports
2024-11-11 11:04:35,513 - scanner - INFO - Analyzing permissions for: C:\ShareGuardTest\HR\Personnel
2024-11-11 11:04:35,514 - scanner - INFO - Analyzing permissions for: C:\ShareGuardTest\HR\Policies
2024-11-11 11:04:35,515 - scanner - INFO - Analyzing permissions for: C:\ShareGuardTest\IT\Documentation
2024-11-11 11:04:35,516 - scanner - INFO - Analyzing permissions for: C:\ShareGuardTest\IT\Projects
