2024-11-16 01:41:50,555 - scanner - INFO - PermissionScanner initialized with categorized Windows permissions
2024-11-16 01:50:44,550 - scanner - INFO - PermissionScanner initialized with categorized Windows permissions
2024-11-16 01:50:54,787 - scanner - INFO - PermissionScanner initialized with categorized Windows permissions
2024-11-16 01:56:21,365 - scanner - INFO - PermissionScanner initialized with categorized Windows permissions
2024-11-16 01:56:21,374 - scanner - INFO - PermissionScanner initialized with categorized Windows permissions
2024-11-16 01:57:13,179 - scanner - INFO - PermissionScanner initialized with categorized Windows permissions
2024-11-16 02:04:56,066 - scanner - INFO - PermissionScanner initialized with categorized Windows permissions
2024-11-16 02:12:03,072 - scanner - INFO - PermissionScanner initialized with categorized Windows permissions
2024-11-16 02:14:46,723 - scanner - INFO - PermissionScanner initialized with categorized Windows permissions
2024-11-16 02:18:03,945 - scanner - INFO - PermissionScanner initialized with categorized Windows permissions
2024-11-16 02:26:00,500 - scanner - INFO - PermissionScanner initialized with categorized Windows permissions
2024-11-16 02:31:01,935 - scanner - INFO - PermissionScanner initialized with categorized Windows permissions
2024-11-16 02:46:56,340 - scanner - INFO - PermissionScanner initialized with categorized Windows permissions
2024-11-16 03:42:51,152 - scanner - INFO - PermissionScanner initialized with categorized Windows permissions
2024-11-16 03:57:30,650 - scanner - INFO - PermissionScanner initialized with categorized Windows permissions
2024-11-16 04:05:32,608 - scanner - INFO - PermissionScanner initialized with categorized Windows permissions
2024-11-16 04:05:39,006 - scanner - INFO - PermissionScanner initialized with categorized Windows permissions
2024-11-16 04:07:04,362 - scanner - INFO - PermissionScanner initialized with categorized Windows permissions
2024-11-16 04:17:27,919 - scanner - INFO - PermissionScanner initialized with categorized Windows permissions
2024-11-16 05:35:50,644 - scanner - INFO - PermissionScanner initialized with categorized Windows permissions
2024-11-16 07:10:19,706 - scanner - INFO - PermissionScanner initialized with categorized Windows permissions
2024-11-16 07:11:31,930 - scanner - INFO - PermissionScanner initialized with categorized Windows permissions
2024-11-16 08:17:52,953 - scanner - INFO - PermissionScanner initialized with categorized Windows permissions
2024-11-16 08:18:02,295 - scanner - INFO - PermissionScanner initialized with categorized Windows permissions
2024-11-16 08:21:33,614 - scanner - INFO - PermissionScanner initialized with categorized Windows permissions
2024-11-16 08:22:09,527 - scanner - INFO - PermissionScanner initialized with categorized Windows permissions
2024-11-16 08:44:19,412 - scanner - INFO - PermissionScanner initialized with categorized Windows permissions
2024-11-16 08:44:33,758 - scanner - INFO - PermissionScanner initialized with categorized Windows permissions
2024-11-16 08:49:19,529 - scanner - INFO - PermissionScanner initialized with categorized Windows permissions
2024-11-16 08:51:17,055 - scanner - INFO - PermissionScanner initialized with categorized Windows permissions
2024-11-16 08:56:49,220 - scanner - INFO - PermissionScanner initialized with categorized Windows permissions
2024-11-16 08:57:21,406 - scanner - INFO - Analyzing permissions for: C:\ShareGuardTest
2024-11-16 08:57:21,408 - scanner - INFO - Analyzing permissions for: C:\ShareGuardTest\Common
2024-11-16 08:57:27,681 - scanner - INFO - Analyzing permissions for: C:\ShareGuardTest\Finance
2024-11-16 08:57:27,684 - scanner - INFO - Analyzing permissions for: C:\ShareGuardTest\Finance\Confidential
2024-11-16 08:57:27,685 - scanner - INFO - Analyzing permissions for: C:\ShareGuardTest\Finance\Reports
2024-11-16 08:57:27,686 - scanner - INFO - Analyzing permissions for: C:\ShareGuardTest\HR
2024-11-16 08:57:27,689 - scanner - INFO - Analyzing permissions for: C:\ShareGuardTest\HR\Personnel
2024-11-16 08:57:27,690 - scanner - INFO - Analyzing permissions for: C:\ShareGuardTest\HR\Policies
2024-11-16 08:57:27,691 - scanner - INFO - Analyzing permissions for: C:\ShareGuardTest\IT
2024-11-16 08:57:27,693 - scanner - INFO - Analyzing permissions for: C:\ShareGuardTest\IT\Documentation
2024-11-16 08:57:27,694 - scanner - INFO - Analyzing permissions for: C:\ShareGuardTest\IT\Projects
2024-11-16 08:57:44,891 - scanner - INFO - Analyzing permissions for: C:\ShareGuardTest
2024-11-16 08:57:44,893 - scanner - INFO - Analyzing permissions for: C:\ShareGuardTest\Common
2024-11-16 08:57:44,894 - scanner - INFO - Analyzing permissions for: C:\ShareGuardTest\Finance
2024-11-16 08:57:44,895 - scanner - INFO - Analyzing permissions for: C:\ShareGuardTest\Finance\Confidential
2024-11-16 08:57:44,896 - scanner - INFO - Analyzing permissions for: C:\ShareGuardTest\Finance\Reports
2024-11-16 08:57:44,898 - scanner - INFO - Analyzing permissions for: C:\ShareGuardTest\HR
2024-11-16 08:57:44,899 - scanner - INFO - Analyzing permissions for: C:\ShareGuardTest\HR\Personnel
2024-11-16 08:57:44,900 - scanner - INFO - Analyzing permissions for: C:\ShareGuardTest\HR\Policies
2024-11-16 08:57:44,901 - scanner - INFO - Analyzing permissions for: C:\ShareGuardTest\IT
2024-11-16 08:57:44,902 - scanner - INFO - Analyzing permissions for: C:\ShareGuardTest\IT\Documentation
2024-11-16 08:57:44,903 - scanner - INFO - Analyzing permissions for: C:\ShareGuardTest\IT\Projects
2024-11-16 08:58:30,028 - scanner - INFO - Analyzing permissions for: C:\ShareGuardTest
2024-11-16 08:58:30,032 - scanner - INFO - Analyzing permissions for: C:\ShareGuardTest\Common
2024-11-16 08:58:30,035 - scanner - INFO - Analyzing permissions for: C:\ShareGuardTest\Finance
2024-11-16 08:58:30,037 - scanner - INFO - Analyzing permissions for: C:\ShareGuardTest\Finance\Confidential
2024-11-16 08:58:30,038 - scanner - INFO - Analyzing permissions for: C:\ShareGuardTest\Finance\Reports
2024-11-16 08:58:30,041 - scanner - INFO - Analyzing permissions for: C:\ShareGuardTest\HR
2024-11-16 08:58:30,042 - scanner - INFO - Analyzing permissions for: C:\ShareGuardTest\HR\Personnel
2024-11-16 08:58:30,044 - scanner - INFO - Analyzing permissions for: C:\ShareGuardTest\HR\Policies
2024-11-16 08:58:30,045 - scanner - INFO - Analyzing permissions for: C:\ShareGuardTest\IT
2024-11-16 08:58:30,047 - scanner - INFO - Analyzing permissions for: C:\ShareGuardTest\IT\Documentation
2024-11-16 08:58:30,049 - scanner - INFO - Analyzing permissions for: C:\ShareGuardTest\IT\Projects
2024-11-16 08:58:31,301 - scanner - INFO - PermissionScanner initialized with categorized Windows permissions
2024-11-16 08:58:32,495 - scanner - INFO - Analyzing permissions for: C:\ShareGuardTest
2024-11-16 08:58:32,497 - scanner - INFO - Analyzing permissions for: C:\ShareGuardTest\Common
2024-11-16 08:58:34,791 - scanner - INFO - Analyzing permissions for: C:\ShareGuardTest\Finance
2024-11-16 08:58:34,794 - scanner - INFO - Analyzing permissions for: C:\ShareGuardTest\Finance\Confidential
2024-11-16 08:58:34,795 - scanner - INFO - Analyzing permissions for: C:\ShareGuardTest\Finance\Reports
2024-11-16 08:58:34,796 - scanner - INFO - Analyzing permissions for: C:\ShareGuardTest\HR
2024-11-16 08:58:34,799 - scanner - INFO - Analyzing permissions for: C:\ShareGuardTest\HR\Personnel
2024-11-16 08:58:34,800 - scanner - INFO - Analyzing permissions for: C:\ShareGuardTest\HR\Policies
2024-11-16 08:58:34,801 - scanner - INFO - Analyzing permissions for: C:\ShareGuardTest\IT
2024-11-16 08:58:34,804 - scanner - INFO - Analyzing permissions for: C:\ShareGuardTest\IT\Documentation
2024-11-16 08:58:34,805 - scanner - INFO - Analyzing permissions for: C:\ShareGuardTest\IT\Projects
2024-11-16 08:59:54,889 - scanner - INFO - Analyzing permissions for: C:\ShareGuardTest
2024-11-16 08:59:54,891 - scanner - INFO - Analyzing permissions for: C:\ShareGuardTest\Common
2024-11-16 08:59:54,892 - scanner - INFO - Analyzing permissions for: C:\ShareGuardTest\Finance
2024-11-16 08:59:54,894 - scanner - INFO - Analyzing permissions for: C:\ShareGuardTest\Finance\Confidential
2024-11-16 08:59:54,895 - scanner - INFO - Analyzing permissions for: C:\ShareGuardTest\Finance\Reports
2024-11-16 08:59:54,896 - scanner - INFO - Analyzing permissions for: C:\ShareGuardTest\HR
2024-11-16 08:59:54,898 - scanner - INFO - Analyzing permissions for: C:\ShareGuardTest\HR\Personnel
2024-11-16 08:59:54,899 - scanner - INFO - Analyzing permissions for: C:\ShareGuardTest\HR\Policies
2024-11-16 08:59:54,901 - scanner - INFO - Analyzing permissions for: C:\ShareGuardTest\IT
2024-11-16 08:59:54,903 - scanner - INFO - Analyzing permissions for: C:\ShareGuardTest\IT\Documentation
2024-11-16 08:59:54,904 - scanner - INFO - Analyzing permissions for: C:\ShareGuardTest\IT\Projects
2024-11-16 09:01:14,442 - scanner - INFO - PermissionScanner initialized with categorized Windows permissions
2024-11-16 09:01:48,495 - scanner - INFO - Analyzing permissions for: C:\ShareGuardTest
2024-11-16 09:01:48,497 - scanner - INFO - Analyzing permissions for: C:\ShareGuardTest\Common
2024-11-16 09:01:50,834 - scanner - INFO - Analyzing permissions for: C:\ShareGuardTest\Finance
2024-11-16 09:01:50,837 - scanner - INFO - Analyzing permissions for: C:\ShareGuardTest\Finance\Confidential
2024-11-16 09:01:50,837 - scanner - INFO - Analyzing permissions for: C:\ShareGuardTest\Finance\Reports
2024-11-16 09:01:50,839 - scanner - INFO - Analyzing permissions for: C:\ShareGuardTest\HR
2024-11-16 09:01:50,842 - scanner - INFO - Analyzing permissions for: C:\ShareGuardTest\HR\Personnel
2024-11-16 09:01:50,842 - scanner - INFO - Analyzing permissions for: C:\ShareGuardTest\HR\Policies
2024-11-16 09:01:50,844 - scanner - INFO - Analyzing permissions for: C:\ShareGuardTest\IT
2024-11-16 09:01:50,846 - scanner - INFO - Analyzing permissions for: C:\ShareGuardTest\IT\Documentation
2024-11-16 09:01:50,847 - scanner - INFO - Analyzing permissions for: C:\ShareGuardTest\IT\Projects
2024-11-16 09:09:46,419 - scanner - INFO - Analyzing permissions for: C:\ShareGuardTest
2024-11-16 09:09:46,421 - scanner - INFO - Analyzing permissions for: C:\ShareGuardTest\Common
2024-11-16 09:09:46,422 - scanner - INFO - Analyzing permissions for: C:\ShareGuardTest\Finance
2024-11-16 09:09:46,423 - scanner - INFO - Analyzing permissions for: C:\ShareGuardTest\Finance\Confidential
2024-11-16 09:09:46,424 - scanner - INFO - Analyzing permissions for: C:\ShareGuardTest\Finance\Reports
2024-11-16 09:09:46,426 - scanner - INFO - Analyzing permissions for: C:\ShareGuardTest\HR
2024-11-16 09:09:46,427 - scanner - INFO - Analyzing permissions for: C:\ShareGuardTest\HR\Personnel
2024-11-16 09:09:46,428 - scanner - INFO - Analyzing permissions for: C:\ShareGuardTest\HR\Policies
2024-11-16 09:09:46,429 - scanner - INFO - Analyzing permissions for: C:\ShareGuardTest\IT
2024-11-16 09:09:46,430 - scanner - INFO - Analyzing permissions for: C:\ShareGuardTest\IT\Documentation
2024-11-16 09:09:46,431 - scanner - INFO - Analyzing permissions for: C:\ShareGuardTest\IT\Projects
2024-11-16 09:26:07,148 - scanner - INFO - PermissionScanner initialized with categorized Windows permissions
2024-11-16 09:26:39,248 - scanner - INFO - Analyzing permissions for: C:\ShareGuardTest
2024-11-16 09:26:39,249 - scanner - INFO - Analyzing permissions for: C:\ShareGuardTest\Common
2024-11-16 09:26:41,558 - scanner - INFO - Analyzing permissions for: C:\ShareGuardTest\Finance
2024-11-16 09:26:41,562 - scanner - INFO - Analyzing permissions for: C:\ShareGuardTest\Finance\Confidential
2024-11-16 09:26:41,562 - scanner - INFO - Analyzing permissions for: C:\ShareGuardTest\Finance\Reports
2024-11-16 09:26:41,564 - scanner - INFO - Analyzing permissions for: C:\ShareGuardTest\HR
2024-11-16 09:26:41,567 - scanner - INFO - Analyzing permissions for: C:\ShareGuardTest\HR\Personnel
2024-11-16 09:26:41,567 - scanner - INFO - Analyzing permissions for: C:\ShareGuardTest\HR\Policies
2024-11-16 09:26:41,569 - scanner - INFO - Analyzing permissions for: C:\ShareGuardTest\IT
2024-11-16 09:26:41,571 - scanner - INFO - Analyzing permissions for: C:\ShareGuardTest\IT\Documentation
2024-11-16 09:26:41,572 - scanner - INFO - Analyzing permissions for: C:\ShareGuardTest\IT\Projects
2024-11-16 09:29:19,712 - scanner - INFO - Analyzing permissions for: C:\ShareGuardTest
2024-11-16 09:29:19,714 - scanner - INFO - Analyzing permissions for: C:\ShareGuardTest\Common
2024-11-16 09:29:19,716 - scanner - INFO - Analyzing permissions for: C:\ShareGuardTest\Finance
2024-11-16 09:29:19,719 - scanner - INFO - Analyzing permissions for: C:\ShareGuardTest\Finance\Confidential
2024-11-16 09:29:19,720 - scanner - INFO - Analyzing permissions for: C:\ShareGuardTest\Finance\Reports
2024-11-16 09:29:19,721 - scanner - INFO - Analyzing permissions for: C:\ShareGuardTest\HR
2024-11-16 09:29:19,722 - scanner - INFO - Analyzing permissions for: C:\ShareGuardTest\HR\Personnel
2024-11-16 09:29:19,723 - scanner - INFO - Analyzing permissions for: C:\ShareGuardTest\HR\Policies
2024-11-16 09:29:19,725 - scanner - INFO - Analyzing permissions for: C:\ShareGuardTest\IT
2024-11-16 09:29:19,726 - scanner - INFO - Analyzing permissions for: C:\ShareGuardTest\IT\Documentation
2024-11-16 09:29:19,727 - scanner - INFO - Analyzing permissions for: C:\ShareGuardTest\IT\Projects
2024-11-16 09:30:36,178 - scanner - INFO - PermissionScanner initialized with categorized Windows permissions
2024-11-16 09:30:41,926 - scanner - INFO - PermissionScanner initialized with categorized Windows permissions
2024-11-16 09:31:49,573 - scanner - INFO - Analyzing permissions for: C:\ShareGuardTest\Finance
2024-11-16 09:31:55,697 - scanner - INFO - Analyzing permissions for: C:\ShareGuardTest\Finance\Confidential
2024-11-16 09:31:55,698 - scanner - INFO - Analyzing permissions for: C:\ShareGuardTest\Finance\Reports
2024-11-16 10:03:16,725 - scanner - INFO - PermissionScanner initialized with categorized Windows permissions
2024-11-16 10:17:46,186 - scanner - INFO - PermissionScanner initialized with categorized Windows permissions
2024-11-16 11:26:43,102 - scanner - INFO - PermissionScanner initialized with categorized Windows permissions
2024-11-16 11:26:49,462 - scanner - INFO - PermissionScanner initialized with categorized Windows permissions
2024-11-16 11:27:35,065 - scanner - INFO - PermissionScanner initialized with categorized Windows permissions
2024-11-16 11:27:39,321 - scanner - INFO - PermissionScanner initialized with categorized Windows permissions
2024-11-16 11:27:57,403 - scanner - INFO - Analyzing permissions for: C:\ShareGuardTest\IT
2024-11-16 11:27:59,677 - scanner - INFO - Analyzing permissions for: C:\ShareGuardTest\IT\Documentation
2024-11-16 11:27:59,679 - scanner - INFO - Analyzing permissions for: C:\ShareGuardTest\IT\Projects
2024-11-16 11:44:08,604 - scanner - INFO - PermissionScanner initialized with categorized Windows permissions
2024-11-16 11:51:48,642 - scanner - INFO - PermissionScanner initialized with categorized Windows permissions
2024-11-16 11:52:13,995 - scanner - INFO - Analyzing permissions for: C:\ShareGuardTest\IT
2024-11-16 11:52:19,171 - scanner - INFO - Analyzing permissions for: C:\ShareGuardTest\IT\Documentation
2024-11-16 11:52:19,176 - scanner - INFO - Analyzing permissions for: C:\ShareGuardTest\IT\Projects
2024-11-16 11:57:31,659 - scanner - INFO - PermissionScanner initialized with categorized Windows permissions
2024-11-16 11:57:31,669 - scanner - INFO - PermissionScanner initialized with categorized Windows permissions
2024-11-16 12:04:25,375 - scanner - INFO - PermissionScanner initialized with categorized Windows permissions
2024-11-16 12:05:07,345 - scanner - INFO - PermissionScanner initialized with categorized Windows permissions
2024-11-16 12:05:56,304 - scanner - INFO - PermissionScanner initialized with categorized Windows permissions
2024-11-16 12:08:15,560 - scanner - INFO - PermissionScanner initialized with categorized Windows permissions
2024-11-16 12:08:15,581 - scanner - INFO - PermissionScanner initialized with categorized Windows permissions
2024-11-16 12:09:32,077 - scanner - INFO - Analyzing permissions for: C:\ShareGuardTest\IT
2024-11-16 12:09:38,626 - scanner - INFO - Analyzing permissions for: C:\ShareGuardTest\IT\Documentation
2024-11-16 12:09:38,627 - scanner - INFO - Analyzing permissions for: C:\ShareGuardTest\IT\Projects
2024-11-16 12:58:53,823 - scanner - INFO - PermissionScanner initialized with categorized Windows permissions
2024-11-16 12:58:53,841 - scanner - INFO - PermissionScanner initialized with categorized Windows permissions
2024-11-16 13:10:33,386 - scanner - INFO - PermissionScanner initialized with categorized Windows permissions
2024-11-16 13:10:33,404 - scanner - INFO - PermissionScanner initialized with categorized Windows permissions
2024-11-16 13:11:01,017 - scanner - INFO - Analyzing permissions for: C:\ShareGuardTest\IT
2024-11-16 13:11:06,466 - scanner - INFO - Analyzing permissions for: C:\ShareGuardTest\IT\Documentation
2024-11-16 13:11:06,467 - scanner - INFO - Analyzing permissions for: C:\ShareGuardTest\IT\Projects
2024-11-16 13:41:29,626 - scanner - INFO - PermissionScanner initialized with categorized Windows permissions
2024-11-16 13:41:29,644 - scanner - INFO - PermissionScanner initialized with categorized Windows permissions
2024-11-16 13:41:35,859 - scanner - INFO - PermissionScanner initialized with categorized Windows permissions
2024-11-16 13:41:35,876 - scanner - INFO - PermissionScanner initialized with categorized Windows permissions
2024-11-16 13:43:32,684 - scanner - INFO - PermissionScanner initialized with categorized Windows permissions
2024-11-16 13:43:32,701 - scanner - INFO - PermissionScanner initialized with categorized Windows permissions
2024-11-16 13:45:34,668 - scanner - INFO - PermissionScanner initialized with categorized Windows permissions
2024-11-16 13:45:34,686 - scanner - INFO - PermissionScanner initialized with categorized Windows permissions
2024-11-16 13:47:19,125 - scanner - INFO - PermissionScanner initialized with categorized Windows permissions
2024-11-16 13:47:19,143 - scanner - INFO - PermissionScanner initialized with categorized Windows permissions
2024-11-16 13:47:23,194 - scanner - INFO - PermissionScanner initialized with categorized Windows permissions
2024-11-16 13:47:23,212 - scanner - INFO - PermissionScanner initialized with categorized Windows permissions
2024-11-16 13:48:01,828 - scanner - INFO - PermissionScanner initialized with categorized Windows permissions
2024-11-16 13:48:01,849 - scanner - INFO - PermissionScanner initialized with categorized Windows permissions
