2024-11-10 05:14:43,076 - scanner - INFO - PermissionScanner initialized with categorized Windows permissions
2024-11-10 05:14:43,077 - scanner - INFO - Analyzing permissions for: C:\ShareGuardTest\IT
2024-11-10 05:16:51,547 - scanner - INFO - PermissionScanner initialized with categorized Windows permissions
2024-11-10 05:16:51,548 - scanner - INFO - Analyzing permissions for: C:\ShareGuardTest\IT
2024-11-10 05:16:53,875 - scanner - INFO - Analyzing permissions for: C:\ShareGuardTest\Finance
2024-11-10 05:16:53,927 - scanner - INFO - Analyzing permissions for: C:\ShareGuardTest\HR
2024-11-10 05:16:53,968 - scanner - INFO - Analyzing permissions for: C:\ShareGuardTest\Common
2024-11-10 06:53:15,754 - scanner - INFO - PermissionScanner initialized with categorized Windows permissions
2024-11-10 06:53:15,755 - scanner - INFO - Analyzing permissions for: C:\ShareGuardTest\IT
2024-11-10 06:53:22,260 - scanner - INFO - Analyzing permissions for: C:\ShareGuardTest\Finance
2024-11-10 06:53:22,308 - scanner - INFO - Analyzing permissions for: C:\ShareGuardTest\HR
2024-11-10 06:53:22,352 - scanner - INFO - Analyzing permissions for: C:\ShareGuardTest\Common
2024-11-10 07:03:59,574 - scanner - INFO - PermissionScanner initialized with categorized Windows permissions
2024-11-10 07:04:05,311 - scanner - INFO - Analyzing permissions for: C:\ShareGuardTest
2024-11-10 07:04:05,314 - scanner - INFO - Analyzing permissions for: C:\ShareGuardTest\Common
2024-11-10 07:04:05,329 - scanner - INFO - Analyzing permissions for: C:\ShareGuardTest\Finance
2024-11-10 07:04:05,336 - scanner - INFO - Analyzing permissions for: C:\ShareGuardTest\HR
2024-11-10 07:04:05,342 - scanner - INFO - Analyzing permissions for: C:\ShareGuardTest\IT
2024-11-10 07:04:05,346 - scanner - INFO - Analyzing permissions for: C:\ShareGuardTest\Finance\Confidential
2024-11-10 07:04:05,348 - scanner - INFO - Analyzing permissions for: C:\ShareGuardTest\Finance\Reports
2024-11-10 07:04:05,350 - scanner - INFO - Analyzing permissions for: C:\ShareGuardTest\HR\Personnel
2024-11-10 07:04:05,352 - scanner - INFO - Analyzing permissions for: C:\ShareGuardTest\HR\Policies
2024-11-10 07:04:05,355 - scanner - INFO - Analyzing permissions for: C:\ShareGuardTest\IT\Documentation
2024-11-10 07:04:05,356 - scanner - INFO - Analyzing permissions for: C:\ShareGuardTest\IT\Projects
2024-11-10 07:04:05,406 - scanner - INFO - Analyzing permissions for: C:\ShareGuardTest
2024-11-10 07:04:05,407 - scanner - INFO - Analyzing permissions for: C:\ShareGuardTest\Common
2024-11-10 07:04:05,408 - scanner - INFO - Analyzing permissions for: C:\ShareGuardTest\Finance
2024-11-10 07:04:05,408 - scanner - INFO - Analyzing permissions for: C:\ShareGuardTest\HR
2024-11-10 07:04:05,409 - scanner - INFO - Analyzing permissions for: C:\ShareGuardTest\IT
2024-11-10 07:04:05,412 - scanner - INFO - Analyzing permissions for: C:\ShareGuardTest\Finance\Confidential
2024-11-10 07:04:05,413 - scanner - INFO - Analyzing permissions for: C:\ShareGuardTest\Finance\Reports
2024-11-10 07:04:05,414 - scanner - INFO - Analyzing permissions for: C:\ShareGuardTest\HR\Personnel
2024-11-10 07:04:05,415 - scanner - INFO - Analyzing permissions for: C:\ShareGuardTest\HR\Policies
2024-11-10 07:04:05,416 - scanner - INFO - Analyzing permissions for: C:\ShareGuardTest\IT\Documentation
2024-11-10 07:04:05,417 - scanner - INFO - Analyzing permissions for: C:\ShareGuardTest\IT\Projects
2024-11-10 07:04:05,452 - scanner - INFO - Analyzing permissions for: C:\ShareGuardTest
2024-11-10 07:04:05,453 - scanner - INFO - Analyzing permissions for: C:\ShareGuardTest\Common
2024-11-10 07:04:05,454 - scanner - INFO - Analyzing permissions for: C:\ShareGuardTest\Finance
2024-11-10 07:04:05,455 - scanner - INFO - Analyzing permissions for: C:\ShareGuardTest\HR
2024-11-10 07:04:05,455 - scanner - INFO - Analyzing permissions for: C:\ShareGuardTest\IT
2024-11-10 07:04:05,457 - scanner - INFO - Analyzing permissions for: C:\ShareGuardTest\Finance\Confidential
2024-11-10 07:04:05,462 - scanner - INFO - Analyzing permissions for: C:\ShareGuardTest\Finance\Reports
2024-11-10 07:04:05,463 - scanner - INFO - Analyzing permissions for: C:\ShareGuardTest\HR\Personnel
2024-11-10 07:04:05,463 - scanner - INFO - Analyzing permissions for: C:\ShareGuardTest\HR\Policies
2024-11-10 07:04:05,464 - scanner - INFO - Analyzing permissions for: C:\ShareGuardTest\IT\Documentation
2024-11-10 07:04:05,465 - scanner - INFO - Analyzing permissions for: C:\ShareGuardTest\IT\Projects
2024-11-10 07:14:42,896 - scanner - INFO - PermissionScanner initialized with categorized Windows permissions
2024-11-10 07:14:48,655 - scanner - INFO - Analyzing permissions for: C:\ShareGuardTest
2024-11-10 07:14:48,657 - scanner - INFO - Analyzing permissions for: C:\ShareGuardTest\Common
2024-11-10 07:14:48,663 - scanner - INFO - Analyzing permissions for: C:\ShareGuardTest\Finance
2024-11-10 07:14:48,667 - scanner - INFO - Analyzing permissions for: C:\ShareGuardTest\HR
2024-11-10 07:14:48,670 - scanner - INFO - Analyzing permissions for: C:\ShareGuardTest\IT
2024-11-10 07:14:48,672 - scanner - INFO - Analyzing permissions for: C:\ShareGuardTest\Finance\Confidential
2024-11-10 07:14:48,673 - scanner - INFO - Analyzing permissions for: C:\ShareGuardTest\Finance\Reports
2024-11-10 07:14:48,674 - scanner - INFO - Analyzing permissions for: C:\ShareGuardTest\HR\Personnel
2024-11-10 07:14:48,675 - scanner - INFO - Analyzing permissions for: C:\ShareGuardTest\HR\Policies
2024-11-10 07:14:48,676 - scanner - INFO - Analyzing permissions for: C:\ShareGuardTest\IT\Documentation
2024-11-10 07:14:48,677 - scanner - INFO - Analyzing permissions for: C:\ShareGuardTest\IT\Projects
2024-11-10 07:14:48,717 - scanner - INFO - Analyzing permissions for: C:\ShareGuardTest
2024-11-10 07:14:48,722 - scanner - INFO - Analyzing permissions for: C:\ShareGuardTest\Common
2024-11-10 07:14:48,722 - scanner - INFO - Analyzing permissions for: C:\ShareGuardTest\Finance
2024-11-10 07:14:48,723 - scanner - INFO - Analyzing permissions for: C:\ShareGuardTest\HR
2024-11-10 07:14:48,724 - scanner - INFO - Analyzing permissions for: C:\ShareGuardTest\IT
2024-11-10 07:14:48,725 - scanner - INFO - Analyzing permissions for: C:\ShareGuardTest\Finance\Confidential
2024-11-10 07:14:48,726 - scanner - INFO - Analyzing permissions for: C:\ShareGuardTest\Finance\Reports
2024-11-10 07:14:48,727 - scanner - INFO - Analyzing permissions for: C:\ShareGuardTest\HR\Personnel
2024-11-10 07:14:48,728 - scanner - INFO - Analyzing permissions for: C:\ShareGuardTest\HR\Policies
2024-11-10 07:14:48,729 - scanner - INFO - Analyzing permissions for: C:\ShareGuardTest\IT\Documentation
2024-11-10 07:14:48,730 - scanner - INFO - Analyzing permissions for: C:\ShareGuardTest\IT\Projects
2024-11-10 07:14:48,763 - scanner - INFO - Analyzing permissions for: C:\ShareGuardTest
2024-11-10 07:14:48,765 - scanner - INFO - Analyzing permissions for: C:\ShareGuardTest\Common
2024-11-10 07:14:48,766 - scanner - INFO - Analyzing permissions for: C:\ShareGuardTest\Finance
2024-11-10 07:14:48,767 - scanner - INFO - Analyzing permissions for: C:\ShareGuardTest\HR
2024-11-10 07:14:48,768 - scanner - INFO - Analyzing permissions for: C:\ShareGuardTest\IT
2024-11-10 07:14:48,769 - scanner - INFO - Analyzing permissions for: C:\ShareGuardTest\Finance\Confidential
2024-11-10 07:14:48,770 - scanner - INFO - Analyzing permissions for: C:\ShareGuardTest\Finance\Reports
2024-11-10 07:14:48,771 - scanner - INFO - Analyzing permissions for: C:\ShareGuardTest\HR\Personnel
2024-11-10 07:14:48,771 - scanner - INFO - Analyzing permissions for: C:\ShareGuardTest\HR\Policies
2024-11-10 07:14:48,772 - scanner - INFO - Analyzing permissions for: C:\ShareGuardTest\IT\Documentation
2024-11-10 07:14:48,773 - scanner - INFO - Analyzing permissions for: C:\ShareGuardTest\IT\Projects
2024-11-10 07:18:07,625 - scanner - INFO - PermissionScanner initialized with categorized Windows permissions
2024-11-10 07:18:09,951 - scanner - INFO - Analyzing permissions for: C:\ShareGuardTest
2024-11-10 07:18:09,953 - scanner - INFO - Analyzing permissions for: C:\ShareGuardTest\Common
2024-11-10 07:18:09,959 - scanner - INFO - Analyzing permissions for: C:\ShareGuardTest\Finance
2024-11-10 07:18:09,962 - scanner - INFO - Analyzing permissions for: C:\ShareGuardTest\HR
2024-11-10 07:18:09,964 - scanner - INFO - Analyzing permissions for: C:\ShareGuardTest\IT
2024-11-10 07:18:09,966 - scanner - INFO - Analyzing permissions for: C:\ShareGuardTest\Finance\Confidential
2024-11-10 07:18:09,967 - scanner - INFO - Analyzing permissions for: C:\ShareGuardTest\Finance\Reports
2024-11-10 07:18:09,968 - scanner - INFO - Analyzing permissions for: C:\ShareGuardTest\HR\Personnel
2024-11-10 07:18:09,969 - scanner - INFO - Analyzing permissions for: C:\ShareGuardTest\HR\Policies
2024-11-10 07:18:09,970 - scanner - INFO - Analyzing permissions for: C:\ShareGuardTest\IT\Documentation
2024-11-10 07:18:09,971 - scanner - INFO - Analyzing permissions for: C:\ShareGuardTest\IT\Projects
2024-11-10 07:18:10,024 - scanner - INFO - Analyzing permissions for: C:\ShareGuardTest
2024-11-10 07:18:10,025 - scanner - INFO - Analyzing permissions for: C:\ShareGuardTest\Common
2024-11-10 07:18:10,025 - scanner - INFO - Analyzing permissions for: C:\ShareGuardTest\Finance
2024-11-10 07:18:10,026 - scanner - INFO - Analyzing permissions for: C:\ShareGuardTest\HR
2024-11-10 07:18:10,033 - scanner - INFO - Analyzing permissions for: C:\ShareGuardTest\IT
2024-11-10 07:18:10,034 - scanner - INFO - Analyzing permissions for: C:\ShareGuardTest\Finance\Confidential
2024-11-10 07:18:10,034 - scanner - INFO - Analyzing permissions for: C:\ShareGuardTest\Finance\Reports
2024-11-10 07:18:10,035 - scanner - INFO - Analyzing permissions for: C:\ShareGuardTest\HR\Personnel
2024-11-10 07:18:10,036 - scanner - INFO - Analyzing permissions for: C:\ShareGuardTest\HR\Policies
2024-11-10 07:18:10,038 - scanner - INFO - Analyzing permissions for: C:\ShareGuardTest\IT\Documentation
2024-11-10 07:18:10,039 - scanner - INFO - Analyzing permissions for: C:\ShareGuardTest\IT\Projects
2024-11-10 07:18:10,082 - scanner - INFO - Analyzing permissions for: C:\ShareGuardTest
2024-11-10 07:18:10,083 - scanner - INFO - Analyzing permissions for: C:\ShareGuardTest\Common
2024-11-10 07:18:10,084 - scanner - INFO - Analyzing permissions for: C:\ShareGuardTest\Finance
2024-11-10 07:18:10,085 - scanner - INFO - Analyzing permissions for: C:\ShareGuardTest\HR
2024-11-10 07:18:10,086 - scanner - INFO - Analyzing permissions for: C:\ShareGuardTest\IT
2024-11-10 07:18:10,087 - scanner - INFO - Analyzing permissions for: C:\ShareGuardTest\Finance\Confidential
2024-11-10 07:18:10,088 - scanner - INFO - Analyzing permissions for: C:\ShareGuardTest\Finance\Reports
2024-11-10 07:18:10,089 - scanner - INFO - Analyzing permissions for: C:\ShareGuardTest\HR\Personnel
2024-11-10 07:18:10,095 - scanner - INFO - Analyzing permissions for: C:\ShareGuardTest\HR\Policies
2024-11-10 07:18:10,096 - scanner - INFO - Analyzing permissions for: C:\ShareGuardTest\IT\Documentation
2024-11-10 07:18:10,097 - scanner - INFO - Analyzing permissions for: C:\ShareGuardTest\IT\Projects
2024-11-10 07:25:41,070 - scanner - INFO - PermissionScanner initialized with categorized Windows permissions
2024-11-10 07:25:50,501 - scanner - INFO - Analyzing permissions for: C:\ShareGuardTest
2024-11-10 07:25:50,502 - scanner - INFO - Analyzing permissions for: C:\ShareGuardTest\Common
2024-11-10 07:25:50,508 - scanner - INFO - Analyzing permissions for: C:\ShareGuardTest\Finance
2024-11-10 07:25:50,511 - scanner - INFO - Analyzing permissions for: C:\ShareGuardTest\HR
2024-11-10 07:25:50,513 - scanner - INFO - Analyzing permissions for: C:\ShareGuardTest\IT
2024-11-10 07:25:50,515 - scanner - INFO - Analyzing permissions for: C:\ShareGuardTest\Finance\Confidential
2024-11-10 07:25:50,515 - scanner - INFO - Analyzing permissions for: C:\ShareGuardTest\Finance\Reports
2024-11-10 07:25:50,516 - scanner - INFO - Analyzing permissions for: C:\ShareGuardTest\HR\Personnel
2024-11-10 07:25:50,517 - scanner - INFO - Analyzing permissions for: C:\ShareGuardTest\HR\Policies
2024-11-10 07:25:50,518 - scanner - INFO - Analyzing permissions for: C:\ShareGuardTest\IT\Documentation
2024-11-10 07:25:50,519 - scanner - INFO - Analyzing permissions for: C:\ShareGuardTest\IT\Projects
2024-11-10 07:25:50,567 - scanner - INFO - Analyzing permissions for: C:\ShareGuardTest
2024-11-10 07:25:50,572 - scanner - INFO - Analyzing permissions for: C:\ShareGuardTest\Common
2024-11-10 07:25:50,573 - scanner - INFO - Analyzing permissions for: C:\ShareGuardTest\Finance
2024-11-10 07:25:50,574 - scanner - INFO - Analyzing permissions for: C:\ShareGuardTest\HR
2024-11-10 07:25:50,575 - scanner - INFO - Analyzing permissions for: C:\ShareGuardTest\IT
2024-11-10 07:25:50,576 - scanner - INFO - Analyzing permissions for: C:\ShareGuardTest\Finance\Confidential
2024-11-10 07:25:50,576 - scanner - INFO - Analyzing permissions for: C:\ShareGuardTest\Finance\Reports
2024-11-10 07:25:50,578 - scanner - INFO - Analyzing permissions for: C:\ShareGuardTest\HR\Personnel
2024-11-10 07:25:50,578 - scanner - INFO - Analyzing permissions for: C:\ShareGuardTest\HR\Policies
2024-11-10 07:25:50,579 - scanner - INFO - Analyzing permissions for: C:\ShareGuardTest\IT\Documentation
2024-11-10 07:25:50,580 - scanner - INFO - Analyzing permissions for: C:\ShareGuardTest\IT\Projects
2024-11-10 07:25:50,622 - scanner - INFO - Analyzing permissions for: C:\ShareGuardTest
2024-11-10 07:25:50,623 - scanner - INFO - Analyzing permissions for: C:\ShareGuardTest\Common
2024-11-10 07:25:50,623 - scanner - INFO - Analyzing permissions for: C:\ShareGuardTest\Finance
2024-11-10 07:25:50,624 - scanner - INFO - Analyzing permissions for: C:\ShareGuardTest\HR
2024-11-10 07:25:50,625 - scanner - INFO - Analyzing permissions for: C:\ShareGuardTest\IT
2024-11-10 07:25:50,626 - scanner - INFO - Analyzing permissions for: C:\ShareGuardTest\Finance\Confidential
2024-11-10 07:25:50,627 - scanner - INFO - Analyzing permissions for: C:\ShareGuardTest\Finance\Reports
2024-11-10 07:25:50,629 - scanner - INFO - Analyzing permissions for: C:\ShareGuardTest\HR\Personnel
2024-11-10 07:25:50,633 - scanner - INFO - Analyzing permissions for: C:\ShareGuardTest\HR\Policies
2024-11-10 07:25:50,634 - scanner - INFO - Analyzing permissions for: C:\ShareGuardTest\IT\Documentation
2024-11-10 07:25:50,635 - scanner - INFO - Analyzing permissions for: C:\ShareGuardTest\IT\Projects
2024-11-10 07:26:54,728 - scanner - INFO - PermissionScanner initialized with categorized Windows permissions
2024-11-10 07:27:04,114 - scanner - INFO - Analyzing permissions for: C:\ShareGuardTest
2024-11-10 07:27:04,116 - scanner - INFO - Analyzing permissions for: C:\ShareGuardTest\Common
2024-11-10 07:27:04,122 - scanner - INFO - Analyzing permissions for: C:\ShareGuardTest\Finance
2024-11-10 07:27:04,125 - scanner - INFO - Analyzing permissions for: C:\ShareGuardTest\HR
2024-11-10 07:27:04,127 - scanner - INFO - Analyzing permissions for: C:\ShareGuardTest\IT
2024-11-10 07:27:04,129 - scanner - INFO - Analyzing permissions for: C:\ShareGuardTest\Finance\Confidential
2024-11-10 07:27:04,130 - scanner - INFO - Analyzing permissions for: C:\ShareGuardTest\Finance\Reports
2024-11-10 07:27:04,131 - scanner - INFO - Analyzing permissions for: C:\ShareGuardTest\HR\Personnel
2024-11-10 07:27:04,132 - scanner - INFO - Analyzing permissions for: C:\ShareGuardTest\HR\Policies
2024-11-10 07:27:04,133 - scanner - INFO - Analyzing permissions for: C:\ShareGuardTest\IT\Documentation
2024-11-10 07:27:04,134 - scanner - INFO - Analyzing permissions for: C:\ShareGuardTest\IT\Projects
2024-11-10 07:27:04,186 - scanner - INFO - Analyzing permissions for: C:\ShareGuardTest
2024-11-10 07:27:04,187 - scanner - INFO - Analyzing permissions for: C:\ShareGuardTest\Common
2024-11-10 07:27:04,188 - scanner - INFO - Analyzing permissions for: C:\ShareGuardTest\Finance
2024-11-10 07:27:04,189 - scanner - INFO - Analyzing permissions for: C:\ShareGuardTest\HR
2024-11-10 07:27:04,190 - scanner - INFO - Analyzing permissions for: C:\ShareGuardTest\IT
2024-11-10 07:27:04,191 - scanner - INFO - Analyzing permissions for: C:\ShareGuardTest\Finance\Confidential
2024-11-10 07:27:04,191 - scanner - INFO - Analyzing permissions for: C:\ShareGuardTest\Finance\Reports
2024-11-10 07:27:04,192 - scanner - INFO - Analyzing permissions for: C:\ShareGuardTest\HR\Personnel
2024-11-10 07:27:04,193 - scanner - INFO - Analyzing permissions for: C:\ShareGuardTest\HR\Policies
2024-11-10 07:27:04,194 - scanner - INFO - Analyzing permissions for: C:\ShareGuardTest\IT\Documentation
2024-11-10 07:27:04,199 - scanner - INFO - Analyzing permissions for: C:\ShareGuardTest\IT\Projects
2024-11-10 07:27:04,236 - scanner - INFO - Analyzing permissions for: C:\ShareGuardTest
2024-11-10 07:27:04,237 - scanner - INFO - Analyzing permissions for: C:\ShareGuardTest\Common
2024-11-10 07:27:04,238 - scanner - INFO - Analyzing permissions for: C:\ShareGuardTest\Finance
2024-11-10 07:27:04,239 - scanner - INFO - Analyzing permissions for: C:\ShareGuardTest\HR
2024-11-10 07:27:04,240 - scanner - INFO - Analyzing permissions for: C:\ShareGuardTest\IT
2024-11-10 07:27:04,241 - scanner - INFO - Analyzing permissions for: C:\ShareGuardTest\Finance\Confidential
2024-11-10 07:27:04,241 - scanner - INFO - Analyzing permissions for: C:\ShareGuardTest\Finance\Reports
2024-11-10 07:27:04,245 - scanner - INFO - Analyzing permissions for: C:\ShareGuardTest\HR\Personnel
2024-11-10 07:27:04,246 - scanner - INFO - Analyzing permissions for: C:\ShareGuardTest\HR\Policies
2024-11-10 07:27:04,247 - scanner - INFO - Analyzing permissions for: C:\ShareGuardTest\IT\Documentation
2024-11-10 07:27:04,248 - scanner - INFO - Analyzing permissions for: C:\ShareGuardTest\IT\Projects
2024-11-10 07:31:59,523 - scanner - INFO - PermissionScanner initialized with categorized Windows permissions
2024-11-10 07:32:08,819 - scanner - INFO - Analyzing permissions for: C:\ShareGuardTest
2024-11-10 07:32:08,821 - scanner - INFO - Analyzing permissions for: C:\ShareGuardTest\Common
2024-11-10 07:32:08,827 - scanner - INFO - Analyzing permissions for: C:\ShareGuardTest\Finance
2024-11-10 07:32:08,830 - scanner - INFO - Analyzing permissions for: C:\ShareGuardTest\HR
2024-11-10 07:32:08,832 - scanner - INFO - Analyzing permissions for: C:\ShareGuardTest\IT
2024-11-10 07:32:08,834 - scanner - INFO - Analyzing permissions for: C:\ShareGuardTest\Finance\Confidential
2024-11-10 07:32:08,835 - scanner - INFO - Analyzing permissions for: C:\ShareGuardTest\Finance\Reports
2024-11-10 07:32:08,836 - scanner - INFO - Analyzing permissions for: C:\ShareGuardTest\HR\Personnel
2024-11-10 07:32:08,836 - scanner - INFO - Analyzing permissions for: C:\ShareGuardTest\HR\Policies
2024-11-10 07:32:08,837 - scanner - INFO - Analyzing permissions for: C:\ShareGuardTest\IT\Documentation
2024-11-10 07:32:08,838 - scanner - INFO - Analyzing permissions for: C:\ShareGuardTest\IT\Projects
2024-11-10 07:34:52,953 - scanner - INFO - PermissionScanner initialized with categorized Windows permissions
2024-11-10 07:34:55,305 - scanner - INFO - Analyzing permissions for: C:\ShareGuardTest
2024-11-10 07:34:55,308 - scanner - INFO - Analyzing permissions for: C:\ShareGuardTest\Common
2024-11-10 07:34:55,315 - scanner - INFO - Analyzing permissions for: C:\ShareGuardTest\Finance
2024-11-10 07:34:55,318 - scanner - INFO - Analyzing permissions for: C:\ShareGuardTest\HR
2024-11-10 07:34:55,320 - scanner - INFO - Analyzing permissions for: C:\ShareGuardTest\IT
2024-11-10 07:34:55,322 - scanner - INFO - Analyzing permissions for: C:\ShareGuardTest\Finance\Confidential
2024-11-10 07:34:55,323 - scanner - INFO - Analyzing permissions for: C:\ShareGuardTest\Finance\Reports
2024-11-10 07:34:55,324 - scanner - INFO - Analyzing permissions for: C:\ShareGuardTest\HR\Personnel
2024-11-10 07:34:55,325 - scanner - INFO - Analyzing permissions for: C:\ShareGuardTest\HR\Policies
2024-11-10 07:34:55,326 - scanner - INFO - Analyzing permissions for: C:\ShareGuardTest\IT\Documentation
2024-11-10 07:34:55,327 - scanner - INFO - Analyzing permissions for: C:\ShareGuardTest\IT\Projects
2024-11-10 07:34:55,383 - scanner - INFO - Analyzing permissions for: C:\ShareGuardTest
2024-11-10 07:34:55,384 - scanner - INFO - Analyzing permissions for: C:\ShareGuardTest\Common
2024-11-10 07:34:55,385 - scanner - INFO - Analyzing permissions for: C:\ShareGuardTest\Finance
2024-11-10 07:34:55,386 - scanner - INFO - Analyzing permissions for: C:\ShareGuardTest\HR
2024-11-10 07:34:55,387 - scanner - INFO - Analyzing permissions for: C:\ShareGuardTest\IT
2024-11-10 07:34:55,388 - scanner - INFO - Analyzing permissions for: C:\ShareGuardTest\Finance\Confidential
2024-11-10 07:34:55,389 - scanner - INFO - Analyzing permissions for: C:\ShareGuardTest\Finance\Reports
2024-11-10 07:34:55,390 - scanner - INFO - Analyzing permissions for: C:\ShareGuardTest\HR\Personnel
2024-11-10 07:34:55,391 - scanner - INFO - Analyzing permissions for: C:\ShareGuardTest\HR\Policies
2024-11-10 07:34:55,394 - scanner - INFO - Analyzing permissions for: C:\ShareGuardTest\IT\Documentation
2024-11-10 07:34:55,395 - scanner - INFO - Analyzing permissions for: C:\ShareGuardTest\IT\Projects
2024-11-10 07:34:55,435 - scanner - INFO - Analyzing permissions for: C:\ShareGuardTest
2024-11-10 07:34:55,436 - scanner - INFO - Analyzing permissions for: C:\ShareGuardTest\Common
2024-11-10 07:34:55,437 - scanner - INFO - Analyzing permissions for: C:\ShareGuardTest\Finance
2024-11-10 07:34:55,438 - scanner - INFO - Analyzing permissions for: C:\ShareGuardTest\HR
2024-11-10 07:34:55,441 - scanner - INFO - Analyzing permissions for: C:\ShareGuardTest\IT
2024-11-10 07:34:55,442 - scanner - INFO - Analyzing permissions for: C:\ShareGuardTest\Finance\Confidential
2024-11-10 07:34:55,442 - scanner - INFO - Analyzing permissions for: C:\ShareGuardTest\Finance\Reports
2024-11-10 07:34:55,444 - scanner - INFO - Analyzing permissions for: C:\ShareGuardTest\HR\Personnel
2024-11-10 07:34:55,444 - scanner - INFO - Analyzing permissions for: C:\ShareGuardTest\HR\Policies
2024-11-10 07:34:55,445 - scanner - INFO - Analyzing permissions for: C:\ShareGuardTest\IT\Documentation
2024-11-10 07:34:55,446 - scanner - INFO - Analyzing permissions for: C:\ShareGuardTest\IT\Projects
2024-11-10 07:40:35,755 - scanner - INFO - PermissionScanner initialized with categorized Windows permissions
2024-11-10 07:40:38,089 - scanner - INFO - Analyzing permissions for: C:\ShareGuardTest
2024-11-10 07:40:38,094 - scanner - INFO - Analyzing permissions for: C:\ShareGuardTest\Common
2024-11-10 07:40:38,108 - scanner - INFO - Analyzing permissions for: C:\ShareGuardTest\Finance
2024-11-10 07:40:38,111 - scanner - INFO - Analyzing permissions for: C:\ShareGuardTest\HR
2024-11-10 07:40:38,115 - scanner - INFO - Analyzing permissions for: C:\ShareGuardTest\IT
2024-11-10 07:40:38,117 - scanner - INFO - Analyzing permissions for: C:\ShareGuardTest\Finance\Confidential
2024-11-10 07:40:38,118 - scanner - INFO - Analyzing permissions for: C:\ShareGuardTest\Finance\Reports
2024-11-10 07:40:38,119 - scanner - INFO - Analyzing permissions for: C:\ShareGuardTest\HR\Personnel
2024-11-10 07:40:38,120 - scanner - INFO - Analyzing permissions for: C:\ShareGuardTest\HR\Policies
2024-11-10 07:40:38,121 - scanner - INFO - Analyzing permissions for: C:\ShareGuardTest\IT\Documentation
2024-11-10 07:40:38,122 - scanner - INFO - Analyzing permissions for: C:\ShareGuardTest\IT\Projects
2024-11-10 07:40:38,177 - scanner - INFO - Analyzing permissions for: C:\ShareGuardTest
2024-11-10 07:40:38,178 - scanner - INFO - Analyzing permissions for: C:\ShareGuardTest\Common
2024-11-10 07:40:38,179 - scanner - INFO - Analyzing permissions for: C:\ShareGuardTest\Finance
2024-11-10 07:40:38,180 - scanner - INFO - Analyzing permissions for: C:\ShareGuardTest\HR
2024-11-10 07:40:38,181 - scanner - INFO - Analyzing permissions for: C:\ShareGuardTest\IT
2024-11-10 07:40:38,182 - scanner - INFO - Analyzing permissions for: C:\ShareGuardTest\Finance\Confidential
2024-11-10 07:40:38,184 - scanner - INFO - Analyzing permissions for: C:\ShareGuardTest\Finance\Reports
2024-11-10 07:40:38,185 - scanner - INFO - Analyzing permissions for: C:\ShareGuardTest\HR\Personnel
2024-11-10 07:40:38,186 - scanner - INFO - Analyzing permissions for: C:\ShareGuardTest\HR\Policies
2024-11-10 07:40:38,187 - scanner - INFO - Analyzing permissions for: C:\ShareGuardTest\IT\Documentation
2024-11-10 07:40:38,188 - scanner - INFO - Analyzing permissions for: C:\ShareGuardTest\IT\Projects
2024-11-10 07:40:38,231 - scanner - INFO - Analyzing permissions for: C:\ShareGuardTest
2024-11-10 07:40:38,235 - scanner - INFO - Analyzing permissions for: C:\ShareGuardTest\Common
2024-11-10 07:40:38,237 - scanner - INFO - Analyzing permissions for: C:\ShareGuardTest\Finance
2024-11-10 07:40:38,238 - scanner - INFO - Analyzing permissions for: C:\ShareGuardTest\HR
2024-11-10 07:40:38,239 - scanner - INFO - Analyzing permissions for: C:\ShareGuardTest\IT
2024-11-10 07:40:38,240 - scanner - INFO - Analyzing permissions for: C:\ShareGuardTest\Finance\Confidential
2024-11-10 07:40:38,241 - scanner - INFO - Analyzing permissions for: C:\ShareGuardTest\Finance\Reports
2024-11-10 07:40:38,243 - scanner - INFO - Analyzing permissions for: C:\ShareGuardTest\HR\Personnel
2024-11-10 07:40:38,243 - scanner - INFO - Analyzing permissions for: C:\ShareGuardTest\HR\Policies
2024-11-10 07:40:38,247 - scanner - INFO - Analyzing permissions for: C:\ShareGuardTest\IT\Documentation
2024-11-10 07:40:38,248 - scanner - INFO - Analyzing permissions for: C:\ShareGuardTest\IT\Projects
2024-11-10 08:09:35,357 - scanner - INFO - PermissionScanner initialized with categorized Windows permissions
2024-11-10 08:09:44,728 - scanner - INFO - Analyzing permissions for: C:\ShareGuardTest
2024-11-10 08:09:44,730 - scanner - INFO - Analyzing permissions for: C:\ShareGuardTest\Common
2024-11-10 08:09:44,736 - scanner - INFO - Analyzing permissions for: C:\ShareGuardTest\Finance
2024-11-10 08:09:44,739 - scanner - INFO - Analyzing permissions for: C:\ShareGuardTest\HR
2024-11-10 08:09:44,741 - scanner - INFO - Analyzing permissions for: C:\ShareGuardTest\IT
2024-11-10 08:09:44,743 - scanner - INFO - Analyzing permissions for: C:\ShareGuardTest\Finance\Confidential
2024-11-10 08:09:44,744 - scanner - INFO - Analyzing permissions for: C:\ShareGuardTest\Finance\Reports
2024-11-10 08:09:44,745 - scanner - INFO - Analyzing permissions for: C:\ShareGuardTest\HR\Personnel
2024-11-10 08:09:44,746 - scanner - INFO - Analyzing permissions for: C:\ShareGuardTest\HR\Policies
2024-11-10 08:09:44,747 - scanner - INFO - Analyzing permissions for: C:\ShareGuardTest\IT\Documentation
2024-11-10 08:09:44,747 - scanner - INFO - Analyzing permissions for: C:\ShareGuardTest\IT\Projects
2024-11-10 08:09:44,807 - scanner - INFO - Analyzing permissions for: C:\ShareGuardTest
2024-11-10 08:09:44,811 - scanner - INFO - Analyzing permissions for: C:\ShareGuardTest\Common
2024-11-10 08:09:44,812 - scanner - INFO - Analyzing permissions for: C:\ShareGuardTest\Finance
2024-11-10 08:09:44,813 - scanner - INFO - Analyzing permissions for: C:\ShareGuardTest\HR
2024-11-10 08:09:44,813 - scanner - INFO - Analyzing permissions for: C:\ShareGuardTest\IT
2024-11-10 08:09:44,814 - scanner - INFO - Analyzing permissions for: C:\ShareGuardTest\Finance\Confidential
2024-11-10 08:09:44,815 - scanner - INFO - Analyzing permissions for: C:\ShareGuardTest\Finance\Reports
2024-11-10 08:09:44,816 - scanner - INFO - Analyzing permissions for: C:\ShareGuardTest\HR\Personnel
2024-11-10 08:09:44,817 - scanner - INFO - Analyzing permissions for: C:\ShareGuardTest\HR\Policies
2024-11-10 08:09:44,818 - scanner - INFO - Analyzing permissions for: C:\ShareGuardTest\IT\Documentation
2024-11-10 08:09:44,819 - scanner - INFO - Analyzing permissions for: C:\ShareGuardTest\IT\Projects
2024-11-10 08:09:44,869 - scanner - INFO - Analyzing permissions for: C:\ShareGuardTest
2024-11-10 08:09:44,870 - scanner - INFO - Analyzing permissions for: C:\ShareGuardTest\Common
2024-11-10 08:09:44,873 - scanner - INFO - Analyzing permissions for: C:\ShareGuardTest\Finance
2024-11-10 08:09:44,874 - scanner - INFO - Analyzing permissions for: C:\ShareGuardTest\HR
2024-11-10 08:09:44,875 - scanner - INFO - Analyzing permissions for: C:\ShareGuardTest\IT
2024-11-10 08:09:44,876 - scanner - INFO - Analyzing permissions for: C:\ShareGuardTest\Finance\Confidential
2024-11-10 08:09:44,876 - scanner - INFO - Analyzing permissions for: C:\ShareGuardTest\Finance\Reports
2024-11-10 08:09:44,878 - scanner - INFO - Analyzing permissions for: C:\ShareGuardTest\HR\Personnel
2024-11-10 08:09:44,878 - scanner - INFO - Analyzing permissions for: C:\ShareGuardTest\HR\Policies
2024-11-10 08:09:44,879 - scanner - INFO - Analyzing permissions for: C:\ShareGuardTest\IT\Documentation
2024-11-10 08:09:44,880 - scanner - INFO - Analyzing permissions for: C:\ShareGuardTest\IT\Projects
2024-11-10 08:13:54,369 - scanner - INFO - PermissionScanner initialized with categorized Windows permissions
2024-11-10 08:13:56,692 - scanner - INFO - Analyzing permissions for: C:\ShareGuardTest
2024-11-10 08:13:56,693 - scanner - INFO - Analyzing permissions for: C:\ShareGuardTest\Common
2024-11-10 08:13:56,698 - scanner - INFO - Analyzing permissions for: C:\ShareGuardTest\Finance
2024-11-10 08:13:56,700 - scanner - INFO - Analyzing permissions for: C:\ShareGuardTest\HR
2024-11-10 08:13:56,703 - scanner - INFO - Analyzing permissions for: C:\ShareGuardTest\IT
2024-11-10 08:13:56,704 - scanner - INFO - Analyzing permissions for: C:\ShareGuardTest\Finance\Confidential
2024-11-10 08:13:56,705 - scanner - INFO - Analyzing permissions for: C:\ShareGuardTest\Finance\Reports
2024-11-10 08:13:56,706 - scanner - INFO - Analyzing permissions for: C:\ShareGuardTest\HR\Personnel
2024-11-10 08:13:56,707 - scanner - INFO - Analyzing permissions for: C:\ShareGuardTest\HR\Policies
2024-11-10 08:13:56,708 - scanner - INFO - Analyzing permissions for: C:\ShareGuardTest\IT\Documentation
2024-11-10 08:13:56,709 - scanner - INFO - Analyzing permissions for: C:\ShareGuardTest\IT\Projects
2024-11-10 08:13:56,772 - scanner - INFO - Analyzing permissions for: C:\ShareGuardTest
2024-11-10 08:13:56,773 - scanner - INFO - Analyzing permissions for: C:\ShareGuardTest\Common
2024-11-10 08:13:56,774 - scanner - INFO - Analyzing permissions for: C:\ShareGuardTest\Finance
2024-11-10 08:13:56,775 - scanner - INFO - Analyzing permissions for: C:\ShareGuardTest\HR
2024-11-10 08:13:56,776 - scanner - INFO - Analyzing permissions for: C:\ShareGuardTest\IT
2024-11-10 08:13:56,777 - scanner - INFO - Analyzing permissions for: C:\ShareGuardTest\Finance\Confidential
2024-11-10 08:13:56,780 - scanner - INFO - Analyzing permissions for: C:\ShareGuardTest\Finance\Reports
2024-11-10 08:13:56,781 - scanner - INFO - Analyzing permissions for: C:\ShareGuardTest\HR\Personnel
2024-11-10 08:13:56,782 - scanner - INFO - Analyzing permissions for: C:\ShareGuardTest\HR\Policies
2024-11-10 08:13:56,783 - scanner - INFO - Analyzing permissions for: C:\ShareGuardTest\IT\Documentation
2024-11-10 08:13:56,784 - scanner - INFO - Analyzing permissions for: C:\ShareGuardTest\IT\Projects
2024-11-10 08:13:56,835 - scanner - INFO - Analyzing permissions for: C:\ShareGuardTest
2024-11-10 08:13:56,836 - scanner - INFO - Analyzing permissions for: C:\ShareGuardTest\Common
2024-11-10 08:13:56,836 - scanner - INFO - Analyzing permissions for: C:\ShareGuardTest\Finance
2024-11-10 08:13:56,837 - scanner - INFO - Analyzing permissions for: C:\ShareGuardTest\HR
2024-11-10 08:13:56,838 - scanner - INFO - Analyzing permissions for: C:\ShareGuardTest\IT
2024-11-10 08:13:56,839 - scanner - INFO - Analyzing permissions for: C:\ShareGuardTest\Finance\Confidential
2024-11-10 08:13:56,840 - scanner - INFO - Analyzing permissions for: C:\ShareGuardTest\Finance\Reports
2024-11-10 08:13:56,843 - scanner - INFO - Analyzing permissions for: C:\ShareGuardTest\HR\Personnel
2024-11-10 08:13:56,844 - scanner - INFO - Analyzing permissions for: C:\ShareGuardTest\HR\Policies
2024-11-10 08:13:56,845 - scanner - INFO - Analyzing permissions for: C:\ShareGuardTest\IT\Documentation
2024-11-10 08:13:56,846 - scanner - INFO - Analyzing permissions for: C:\ShareGuardTest\IT\Projects
2024-11-10 08:18:44,502 - scanner - INFO - PermissionScanner initialized with categorized Windows permissions
2024-11-10 08:18:53,873 - scanner - INFO - Analyzing permissions for: C:\ShareGuardTest
2024-11-10 08:18:53,878 - scanner - INFO - Analyzing permissions for: C:\ShareGuardTest\Common
2024-11-10 08:18:53,891 - scanner - INFO - Analyzing permissions for: C:\ShareGuardTest\Finance
2024-11-10 08:18:53,896 - scanner - INFO - Analyzing permissions for: C:\ShareGuardTest\HR
2024-11-10 08:18:53,900 - scanner - INFO - Analyzing permissions for: C:\ShareGuardTest\IT
2024-11-10 08:18:53,903 - scanner - INFO - Analyzing permissions for: C:\ShareGuardTest\Finance\Confidential
2024-11-10 08:18:53,904 - scanner - INFO - Analyzing permissions for: C:\ShareGuardTest\Finance\Reports
2024-11-10 08:18:53,905 - scanner - INFO - Analyzing permissions for: C:\ShareGuardTest\HR\Personnel
2024-11-10 08:18:53,906 - scanner - INFO - Analyzing permissions for: C:\ShareGuardTest\HR\Policies
2024-11-10 08:18:53,908 - scanner - INFO - Analyzing permissions for: C:\ShareGuardTest\IT\Documentation
2024-11-10 08:18:53,909 - scanner - INFO - Analyzing permissions for: C:\ShareGuardTest\IT\Projects
2024-11-10 08:18:53,972 - scanner - INFO - Analyzing permissions for: C:\ShareGuardTest
2024-11-10 08:18:53,976 - scanner - INFO - Analyzing permissions for: C:\ShareGuardTest\Common
2024-11-10 08:18:53,976 - scanner - INFO - Analyzing permissions for: C:\ShareGuardTest\Finance
2024-11-10 08:18:53,977 - scanner - INFO - Analyzing permissions for: C:\ShareGuardTest\HR
2024-11-10 08:18:53,979 - scanner - INFO - Analyzing permissions for: C:\ShareGuardTest\IT
2024-11-10 08:18:53,980 - scanner - INFO - Analyzing permissions for: C:\ShareGuardTest\Finance\Confidential
2024-11-10 08:18:53,981 - scanner - INFO - Analyzing permissions for: C:\ShareGuardTest\Finance\Reports
2024-11-10 08:18:53,982 - scanner - INFO - Analyzing permissions for: C:\ShareGuardTest\HR\Personnel
2024-11-10 08:18:53,982 - scanner - INFO - Analyzing permissions for: C:\ShareGuardTest\HR\Policies
2024-11-10 08:18:53,983 - scanner - INFO - Analyzing permissions for: C:\ShareGuardTest\IT\Documentation
2024-11-10 08:18:53,984 - scanner - INFO - Analyzing permissions for: C:\ShareGuardTest\IT\Projects
2024-11-10 08:18:54,033 - scanner - INFO - Analyzing permissions for: C:\ShareGuardTest
2024-11-10 08:18:54,038 - scanner - INFO - Analyzing permissions for: C:\ShareGuardTest\Common
2024-11-10 08:18:54,039 - scanner - INFO - Analyzing permissions for: C:\ShareGuardTest\Finance
2024-11-10 08:18:54,040 - scanner - INFO - Analyzing permissions for: C:\ShareGuardTest\HR
2024-11-10 08:18:54,041 - scanner - INFO - Analyzing permissions for: C:\ShareGuardTest\IT
2024-11-10 08:18:54,042 - scanner - INFO - Analyzing permissions for: C:\ShareGuardTest\Finance\Confidential
2024-11-10 08:18:54,042 - scanner - INFO - Analyzing permissions for: C:\ShareGuardTest\Finance\Reports
2024-11-10 08:18:54,043 - scanner - INFO - Analyzing permissions for: C:\ShareGuardTest\HR\Personnel
2024-11-10 08:18:54,044 - scanner - INFO - Analyzing permissions for: C:\ShareGuardTest\HR\Policies
2024-11-10 08:18:54,046 - scanner - INFO - Analyzing permissions for: C:\ShareGuardTest\IT\Documentation
2024-11-10 08:18:54,047 - scanner - INFO - Analyzing permissions for: C:\ShareGuardTest\IT\Projects
2024-11-10 08:23:39,970 - scanner - INFO - PermissionScanner initialized with categorized Windows permissions
2024-11-10 08:23:49,335 - scanner - INFO - Analyzing permissions for: C:\ShareGuardTest
2024-11-10 08:23:49,337 - scanner - INFO - Analyzing permissions for: C:\ShareGuardTest\Common
2024-11-10 08:23:49,345 - scanner - INFO - Analyzing permissions for: C:\ShareGuardTest\Finance
2024-11-10 08:23:49,348 - scanner - INFO - Analyzing permissions for: C:\ShareGuardTest\HR
2024-11-10 08:23:49,350 - scanner - INFO - Analyzing permissions for: C:\ShareGuardTest\IT
2024-11-10 08:23:49,352 - scanner - INFO - Analyzing permissions for: C:\ShareGuardTest\Finance\Confidential
2024-11-10 08:23:49,352 - scanner - INFO - Analyzing permissions for: C:\ShareGuardTest\Finance\Reports
2024-11-10 08:23:49,353 - scanner - INFO - Analyzing permissions for: C:\ShareGuardTest\HR\Personnel
2024-11-10 08:23:49,354 - scanner - INFO - Analyzing permissions for: C:\ShareGuardTest\HR\Policies
2024-11-10 08:23:49,355 - scanner - INFO - Analyzing permissions for: C:\ShareGuardTest\IT\Documentation
2024-11-10 08:23:49,356 - scanner - INFO - Analyzing permissions for: C:\ShareGuardTest\IT\Projects
2024-11-10 08:23:49,417 - scanner - INFO - Analyzing permissions for: C:\ShareGuardTest
2024-11-10 08:23:49,418 - scanner - INFO - Analyzing permissions for: C:\ShareGuardTest\Common
2024-11-10 08:23:49,419 - scanner - INFO - Analyzing permissions for: C:\ShareGuardTest\Finance
2024-11-10 08:23:49,420 - scanner - INFO - Analyzing permissions for: C:\ShareGuardTest\HR
2024-11-10 08:23:49,420 - scanner - INFO - Analyzing permissions for: C:\ShareGuardTest\IT
2024-11-10 08:23:49,421 - scanner - INFO - Analyzing permissions for: C:\ShareGuardTest\Finance\Confidential
2024-11-10 08:23:49,422 - scanner - INFO - Analyzing permissions for: C:\ShareGuardTest\Finance\Reports
2024-11-10 08:23:49,429 - scanner - INFO - Analyzing permissions for: C:\ShareGuardTest\HR\Personnel
2024-11-10 08:23:49,430 - scanner - INFO - Analyzing permissions for: C:\ShareGuardTest\HR\Policies
2024-11-10 08:23:49,431 - scanner - INFO - Analyzing permissions for: C:\ShareGuardTest\IT\Documentation
2024-11-10 08:23:49,432 - scanner - INFO - Analyzing permissions for: C:\ShareGuardTest\IT\Projects
2024-11-10 08:23:49,481 - scanner - INFO - Analyzing permissions for: C:\ShareGuardTest
2024-11-10 08:23:49,482 - scanner - INFO - Analyzing permissions for: C:\ShareGuardTest\Common
2024-11-10 08:23:49,482 - scanner - INFO - Analyzing permissions for: C:\ShareGuardTest\Finance
2024-11-10 08:23:49,483 - scanner - INFO - Analyzing permissions for: C:\ShareGuardTest\HR
2024-11-10 08:23:49,484 - scanner - INFO - Analyzing permissions for: C:\ShareGuardTest\IT
2024-11-10 08:23:49,490 - scanner - INFO - Analyzing permissions for: C:\ShareGuardTest\Finance\Confidential
2024-11-10 08:23:49,491 - scanner - INFO - Analyzing permissions for: C:\ShareGuardTest\Finance\Reports
2024-11-10 08:23:49,492 - scanner - INFO - Analyzing permissions for: C:\ShareGuardTest\HR\Personnel
2024-11-10 08:23:49,493 - scanner - INFO - Analyzing permissions for: C:\ShareGuardTest\HR\Policies
2024-11-10 08:23:49,494 - scanner - INFO - Analyzing permissions for: C:\ShareGuardTest\IT\Documentation
2024-11-10 08:23:49,495 - scanner - INFO - Analyzing permissions for: C:\ShareGuardTest\IT\Projects
2024-11-10 08:27:40,143 - scanner - INFO - PermissionScanner initialized with categorized Windows permissions
2024-11-10 08:27:42,425 - scanner - INFO - Analyzing permissions for: C:\ShareGuardTest
2024-11-10 08:27:42,426 - scanner - INFO - Analyzing permissions for: C:\ShareGuardTest\Common
2024-11-10 08:27:42,431 - scanner - INFO - Analyzing permissions for: C:\ShareGuardTest\Finance
2024-11-10 08:27:42,433 - scanner - INFO - Analyzing permissions for: C:\ShareGuardTest\HR
2024-11-10 08:27:42,436 - scanner - INFO - Analyzing permissions for: C:\ShareGuardTest\IT
2024-11-10 08:27:42,437 - scanner - INFO - Analyzing permissions for: C:\ShareGuardTest\Finance\Confidential
2024-11-10 08:27:42,438 - scanner - INFO - Analyzing permissions for: C:\ShareGuardTest\Finance\Reports
2024-11-10 08:27:42,439 - scanner - INFO - Analyzing permissions for: C:\ShareGuardTest\HR\Personnel
2024-11-10 08:27:42,440 - scanner - INFO - Analyzing permissions for: C:\ShareGuardTest\HR\Policies
2024-11-10 08:27:42,441 - scanner - INFO - Analyzing permissions for: C:\ShareGuardTest\IT\Documentation
2024-11-10 08:27:42,442 - scanner - INFO - Analyzing permissions for: C:\ShareGuardTest\IT\Projects
2024-11-10 08:33:16,180 - scanner - INFO - PermissionScanner initialized with categorized Windows permissions
2024-11-10 08:33:25,057 - scanner - INFO - Analyzing permissions for: C:\ShareGuardTest
2024-11-10 08:33:25,062 - scanner - INFO - Analyzing permissions for: C:\ShareGuardTest\Common
2024-11-10 08:33:25,068 - scanner - INFO - Analyzing permissions for: C:\ShareGuardTest\Finance
2024-11-10 08:33:25,071 - scanner - INFO - Analyzing permissions for: C:\ShareGuardTest\HR
2024-11-10 08:33:25,073 - scanner - INFO - Analyzing permissions for: C:\ShareGuardTest\IT
2024-11-10 08:33:25,075 - scanner - INFO - Analyzing permissions for: C:\ShareGuardTest\Finance\Confidential
2024-11-10 08:33:25,076 - scanner - INFO - Analyzing permissions for: C:\ShareGuardTest\Finance\Reports
2024-11-10 08:33:25,077 - scanner - INFO - Analyzing permissions for: C:\ShareGuardTest\HR\Personnel
2024-11-10 08:33:25,077 - scanner - INFO - Analyzing permissions for: C:\ShareGuardTest\HR\Policies
2024-11-10 08:33:25,078 - scanner - INFO - Analyzing permissions for: C:\ShareGuardTest\IT\Documentation
2024-11-10 08:33:25,079 - scanner - INFO - Analyzing permissions for: C:\ShareGuardTest\IT\Projects
2024-11-10 08:36:56,836 - scanner - INFO - PermissionScanner initialized with categorized Windows permissions
2024-11-10 08:36:59,185 - scanner - INFO - Analyzing permissions for: C:\ShareGuardTest
2024-11-10 08:36:59,186 - scanner - INFO - Analyzing permissions for: C:\ShareGuardTest\Common
2024-11-10 08:36:59,191 - scanner - INFO - Analyzing permissions for: C:\ShareGuardTest\Finance
2024-11-10 08:36:59,194 - scanner - INFO - Analyzing permissions for: C:\ShareGuardTest\HR
2024-11-10 08:36:59,196 - scanner - INFO - Analyzing permissions for: C:\ShareGuardTest\IT
2024-11-10 08:36:59,198 - scanner - INFO - Analyzing permissions for: C:\ShareGuardTest\Finance\Confidential
2024-11-10 08:36:59,198 - scanner - INFO - Analyzing permissions for: C:\ShareGuardTest\Finance\Reports
2024-11-10 08:36:59,199 - scanner - INFO - Analyzing permissions for: C:\ShareGuardTest\HR\Personnel
2024-11-10 08:36:59,200 - scanner - INFO - Analyzing permissions for: C:\ShareGuardTest\HR\Policies
2024-11-10 08:36:59,201 - scanner - INFO - Analyzing permissions for: C:\ShareGuardTest\IT\Documentation
2024-11-10 08:36:59,202 - scanner - INFO - Analyzing permissions for: C:\ShareGuardTest\IT\Projects
2024-11-10 08:36:59,271 - scanner - INFO - Analyzing permissions for: C:\ShareGuardTest
2024-11-10 08:36:59,277 - scanner - INFO - Analyzing permissions for: C:\ShareGuardTest\Common
2024-11-10 08:36:59,278 - scanner - INFO - Analyzing permissions for: C:\ShareGuardTest\Finance
2024-11-10 08:36:59,278 - scanner - INFO - Analyzing permissions for: C:\ShareGuardTest\HR
2024-11-10 08:36:59,279 - scanner - INFO - Analyzing permissions for: C:\ShareGuardTest\IT
2024-11-10 08:36:59,280 - scanner - INFO - Analyzing permissions for: C:\ShareGuardTest\Finance\Confidential
2024-11-10 08:36:59,281 - scanner - INFO - Analyzing permissions for: C:\ShareGuardTest\Finance\Reports
2024-11-10 08:36:59,282 - scanner - INFO - Analyzing permissions for: C:\ShareGuardTest\HR\Personnel
2024-11-10 08:36:59,283 - scanner - INFO - Analyzing permissions for: C:\ShareGuardTest\HR\Policies
2024-11-10 08:36:59,284 - scanner - INFO - Analyzing permissions for: C:\ShareGuardTest\IT\Documentation
2024-11-10 08:36:59,285 - scanner - INFO - Analyzing permissions for: C:\ShareGuardTest\IT\Projects
2024-11-10 08:36:59,344 - scanner - INFO - Analyzing permissions for: C:\ShareGuardTest
2024-11-10 08:36:59,345 - scanner - INFO - Analyzing permissions for: C:\ShareGuardTest\Common
2024-11-10 08:36:59,345 - scanner - INFO - Analyzing permissions for: C:\ShareGuardTest\Finance
2024-11-10 08:36:59,346 - scanner - INFO - Analyzing permissions for: C:\ShareGuardTest\HR
2024-11-10 08:36:59,347 - scanner - INFO - Analyzing permissions for: C:\ShareGuardTest\IT
2024-11-10 08:36:59,348 - scanner - INFO - Analyzing permissions for: C:\ShareGuardTest\Finance\Confidential
2024-11-10 08:36:59,351 - scanner - INFO - Analyzing permissions for: C:\ShareGuardTest\Finance\Reports
2024-11-10 08:36:59,352 - scanner - INFO - Analyzing permissions for: C:\ShareGuardTest\HR\Personnel
2024-11-10 08:36:59,353 - scanner - INFO - Analyzing permissions for: C:\ShareGuardTest\HR\Policies
2024-11-10 08:36:59,354 - scanner - INFO - Analyzing permissions for: C:\ShareGuardTest\IT\Documentation
2024-11-10 08:36:59,355 - scanner - INFO - Analyzing permissions for: C:\ShareGuardTest\IT\Projects
2024-11-10 10:06:39,976 - scanner - INFO - PermissionScanner initialized with categorized Windows permissions
2024-11-10 10:06:45,521 - scanner - INFO - Analyzing permissions for: C:\ShareGuardTest
2024-11-10 10:06:45,523 - scanner - INFO - Analyzing permissions for: C:\ShareGuardTest\Common
2024-11-10 10:06:45,528 - scanner - INFO - Analyzing permissions for: C:\ShareGuardTest\Finance
2024-11-10 10:06:45,530 - scanner - INFO - Analyzing permissions for: C:\ShareGuardTest\HR
2024-11-10 10:06:45,533 - scanner - INFO - Analyzing permissions for: C:\ShareGuardTest\IT
2024-11-10 10:06:45,534 - scanner - INFO - Analyzing permissions for: C:\ShareGuardTest\Finance\Confidential
2024-11-10 10:06:45,535 - scanner - INFO - Analyzing permissions for: C:\ShareGuardTest\Finance\Reports
2024-11-10 10:06:45,536 - scanner - INFO - Analyzing permissions for: C:\ShareGuardTest\HR\Personnel
2024-11-10 10:06:45,537 - scanner - INFO - Analyzing permissions for: C:\ShareGuardTest\HR\Policies
2024-11-10 10:06:45,538 - scanner - INFO - Analyzing permissions for: C:\ShareGuardTest\IT\Documentation
2024-11-10 10:06:45,539 - scanner - INFO - Analyzing permissions for: C:\ShareGuardTest\IT\Projects
2024-11-10 10:06:45,609 - scanner - INFO - Analyzing permissions for: C:\ShareGuardTest
2024-11-10 10:06:45,612 - scanner - INFO - Analyzing permissions for: C:\ShareGuardTest\Common
2024-11-10 10:06:45,612 - scanner - INFO - Analyzing permissions for: C:\ShareGuardTest\Finance
2024-11-10 10:06:45,613 - scanner - INFO - Analyzing permissions for: C:\ShareGuardTest\HR
2024-11-10 10:06:45,614 - scanner - INFO - Analyzing permissions for: C:\ShareGuardTest\IT
2024-11-10 10:06:45,615 - scanner - INFO - Analyzing permissions for: C:\ShareGuardTest\Finance\Confidential
2024-11-10 10:06:45,616 - scanner - INFO - Analyzing permissions for: C:\ShareGuardTest\Finance\Reports
2024-11-10 10:06:45,617 - scanner - INFO - Analyzing permissions for: C:\ShareGuardTest\HR\Personnel
2024-11-10 10:06:45,618 - scanner - INFO - Analyzing permissions for: C:\ShareGuardTest\HR\Policies
2024-11-10 10:06:45,619 - scanner - INFO - Analyzing permissions for: C:\ShareGuardTest\IT\Documentation
2024-11-10 10:06:45,619 - scanner - INFO - Analyzing permissions for: C:\ShareGuardTest\IT\Projects
2024-11-10 10:06:45,673 - scanner - INFO - Analyzing permissions for: C:\ShareGuardTest
2024-11-10 10:06:45,677 - scanner - INFO - Analyzing permissions for: C:\ShareGuardTest\Common
2024-11-10 10:06:45,678 - scanner - INFO - Analyzing permissions for: C:\ShareGuardTest\Finance
2024-11-10 10:06:45,679 - scanner - INFO - Analyzing permissions for: C:\ShareGuardTest\HR
2024-11-10 10:06:45,680 - scanner - INFO - Analyzing permissions for: C:\ShareGuardTest\IT
2024-11-10 10:06:45,681 - scanner - INFO - Analyzing permissions for: C:\ShareGuardTest\Finance\Confidential
2024-11-10 10:06:45,682 - scanner - INFO - Analyzing permissions for: C:\ShareGuardTest\Finance\Reports
2024-11-10 10:06:45,683 - scanner - INFO - Analyzing permissions for: C:\ShareGuardTest\HR\Personnel
2024-11-10 10:06:45,684 - scanner - INFO - Analyzing permissions for: C:\ShareGuardTest\HR\Policies
2024-11-10 10:06:45,685 - scanner - INFO - Analyzing permissions for: C:\ShareGuardTest\IT\Documentation
2024-11-10 10:06:45,686 - scanner - INFO - Analyzing permissions for: C:\ShareGuardTest\IT\Projects
2024-11-10 13:17:53,958 - scanner - INFO - PermissionScanner initialized with categorized Windows permissions
2024-11-10 13:18:03,350 - scanner - INFO - Analyzing permissions for: C:\ShareGuardTest
2024-11-10 13:18:03,352 - scanner - INFO - Analyzing permissions for: C:\ShareGuardTest\Common
2024-11-10 13:18:03,358 - scanner - INFO - Analyzing permissions for: C:\ShareGuardTest\Finance
2024-11-10 13:18:03,361 - scanner - INFO - Analyzing permissions for: C:\ShareGuardTest\HR
2024-11-10 13:18:03,363 - scanner - INFO - Analyzing permissions for: C:\ShareGuardTest\IT
2024-11-10 13:18:03,365 - scanner - INFO - Analyzing permissions for: C:\ShareGuardTest\Finance\Confidential
2024-11-10 13:18:03,366 - scanner - INFO - Analyzing permissions for: C:\ShareGuardTest\Finance\Reports
2024-11-10 13:18:03,367 - scanner - INFO - Analyzing permissions for: C:\ShareGuardTest\HR\Personnel
2024-11-10 13:18:03,367 - scanner - INFO - Analyzing permissions for: C:\ShareGuardTest\HR\Policies
2024-11-10 13:18:03,370 - scanner - INFO - Analyzing permissions for: C:\ShareGuardTest\IT\Documentation
2024-11-10 13:18:03,371 - scanner - INFO - Analyzing permissions for: C:\ShareGuardTest\IT\Projects
2024-11-10 13:18:03,439 - scanner - INFO - Analyzing permissions for: C:\ShareGuardTest
2024-11-10 13:18:03,440 - scanner - INFO - Analyzing permissions for: C:\ShareGuardTest\Common
2024-11-10 13:18:03,441 - scanner - INFO - Analyzing permissions for: C:\ShareGuardTest\Finance
2024-11-10 13:18:03,442 - scanner - INFO - Analyzing permissions for: C:\ShareGuardTest\HR
2024-11-10 13:18:03,443 - scanner - INFO - Analyzing permissions for: C:\ShareGuardTest\IT
2024-11-10 13:18:03,444 - scanner - INFO - Analyzing permissions for: C:\ShareGuardTest\Finance\Confidential
2024-11-10 13:18:03,444 - scanner - INFO - Analyzing permissions for: C:\ShareGuardTest\Finance\Reports
2024-11-10 13:18:03,445 - scanner - INFO - Analyzing permissions for: C:\ShareGuardTest\HR\Personnel
2024-11-10 13:18:03,447 - scanner - INFO - Analyzing permissions for: C:\ShareGuardTest\HR\Policies
2024-11-10 13:18:03,448 - scanner - INFO - Analyzing permissions for: C:\ShareGuardTest\IT\Documentation
2024-11-10 13:18:03,449 - scanner - INFO - Analyzing permissions for: C:\ShareGuardTest\IT\Projects
2024-11-10 13:18:03,492 - scanner - INFO - Analyzing permissions for: C:\ShareGuardTest
2024-11-10 13:18:03,497 - scanner - INFO - Analyzing permissions for: C:\ShareGuardTest\Common
2024-11-10 13:18:03,498 - scanner - INFO - Analyzing permissions for: C:\ShareGuardTest\Finance
2024-11-10 13:18:03,499 - scanner - INFO - Analyzing permissions for: C:\ShareGuardTest\HR
2024-11-10 13:18:03,500 - scanner - INFO - Analyzing permissions for: C:\ShareGuardTest\IT
2024-11-10 13:18:03,501 - scanner - INFO - Analyzing permissions for: C:\ShareGuardTest\Finance\Confidential
2024-11-10 13:18:03,502 - scanner - INFO - Analyzing permissions for: C:\ShareGuardTest\Finance\Reports
2024-11-10 13:18:03,503 - scanner - INFO - Analyzing permissions for: C:\ShareGuardTest\HR\Personnel
2024-11-10 13:18:03,503 - scanner - INFO - Analyzing permissions for: C:\ShareGuardTest\HR\Policies
2024-11-10 13:18:03,504 - scanner - INFO - Analyzing permissions for: C:\ShareGuardTest\IT\Documentation
2024-11-10 13:18:03,505 - scanner - INFO - Analyzing permissions for: C:\ShareGuardTest\IT\Projects
