2025-07-03 03:47:00,320 - target_routes - DEBUG - [target_routes.py:149] - Listing targets with params: skip=0, limit=100, sort_by=created_at, sort_desc=True
2025-07-03 03:47:00,321 - target_routes - DEBUG - [target_routes.py:150] - Filters: search=None, department=None, frequency=None, status=None
2025-07-03 03:47:00,323 - target_routes - DEBUG - [target_routes.py:192] - Retrieved 3 targets
2025-07-03 03:47:00,399 - target_routes - DEBUG - [target_routes.py:451] - Retrieving stats for target ID: 5
2025-07-03 03:47:00,408 - target_routes - DEBUG - [target_routes.py:451] - Retrieving stats for target ID: 4
2025-07-03 03:47:00,414 - target_routes - DEBUG - [target_routes.py:451] - Retrieving stats for target ID: 1
2025-07-03 03:47:05,801 - target_routes - DEBUG - [target_routes.py:149] - Listing targets with params: skip=0, limit=100, sort_by=created_at, sort_desc=True
2025-07-03 03:47:05,801 - target_routes - DEBUG - [target_routes.py:150] - Filters: search=None, department=None, frequency=None, status=None
2025-07-03 03:47:05,802 - target_routes - DEBUG - [target_routes.py:192] - Retrieved 3 targets
2025-07-03 03:47:52,275 - target_routes - DEBUG - [target_routes.py:149] - Listing targets with params: skip=0, limit=100, sort_by=created_at, sort_desc=True
2025-07-03 03:47:52,275 - target_routes - DEBUG - [target_routes.py:150] - Filters: search=None, department=None, frequency=None, status=None
2025-07-03 03:47:52,278 - target_routes - DEBUG - [target_routes.py:192] - Retrieved 3 targets
2025-07-03 03:50:47,900 - target_routes - DEBUG - [target_routes.py:451] - Retrieving stats for target ID: 5
2025-07-03 03:50:47,905 - target_routes - DEBUG - [target_routes.py:451] - Retrieving stats for target ID: 1
2025-07-03 03:50:47,909 - target_routes - DEBUG - [target_routes.py:451] - Retrieving stats for target ID: 4
2025-07-03 03:50:47,915 - target_routes - DEBUG - [target_routes.py:149] - Listing targets with params: skip=0, limit=100, sort_by=created_at, sort_desc=True
2025-07-03 03:50:47,915 - target_routes - DEBUG - [target_routes.py:150] - Filters: search=None, department=None, frequency=None, status=None
2025-07-03 03:50:47,916 - target_routes - DEBUG - [target_routes.py:192] - Retrieved 3 targets
2025-07-03 03:52:17,091 - target_routes - DEBUG - [target_routes.py:149] - Listing targets with params: skip=0, limit=100, sort_by=created_at, sort_desc=True
2025-07-03 03:52:17,093 - target_routes - DEBUG - [target_routes.py:150] - Filters: search=None, department=None, frequency=None, status=None
2025-07-03 03:52:17,094 - target_routes - DEBUG - [target_routes.py:192] - Retrieved 3 targets
2025-07-03 03:54:51,773 - target_routes - DEBUG - [target_routes.py:149] - Listing targets with params: skip=0, limit=100, sort_by=created_at, sort_desc=True
2025-07-03 03:54:51,773 - target_routes - DEBUG - [target_routes.py:150] - Filters: search=None, department=None, frequency=None, status=None
2025-07-03 03:54:51,773 - target_routes - DEBUG - [target_routes.py:192] - Retrieved 3 targets
2025-07-03 04:30:03,911 - target_routes - DEBUG - [target_routes.py:149] - Listing targets with params: skip=0, limit=100, sort_by=created_at, sort_desc=True
2025-07-03 04:30:03,911 - target_routes - DEBUG - [target_routes.py:150] - Filters: search=None, department=None, frequency=None, status=None
2025-07-03 04:30:03,916 - target_routes - DEBUG - [target_routes.py:192] - Retrieved 3 targets
2025-07-03 04:30:51,449 - target_routes - DEBUG - [target_routes.py:149] - Listing targets with params: skip=0, limit=100, sort_by=created_at, sort_desc=True
2025-07-03 04:30:51,449 - target_routes - DEBUG - [target_routes.py:150] - Filters: search=None, department=None, frequency=None, status=None
2025-07-03 04:30:51,450 - target_routes - DEBUG - [target_routes.py:192] - Retrieved 3 targets
2025-07-03 04:30:51,490 - target_routes - DEBUG - [target_routes.py:451] - Retrieving stats for target ID: 5
2025-07-03 04:30:51,500 - target_routes - DEBUG - [target_routes.py:451] - Retrieving stats for target ID: 4
2025-07-03 04:30:51,507 - target_routes - DEBUG - [target_routes.py:451] - Retrieving stats for target ID: 1
2025-07-03 04:30:53,946 - target_routes - DEBUG - [target_routes.py:149] - Listing targets with params: skip=0, limit=100, sort_by=created_at, sort_desc=True
2025-07-03 04:30:53,946 - target_routes - DEBUG - [target_routes.py:150] - Filters: search=None, department=None, frequency=None, status=None
2025-07-03 04:30:53,946 - target_routes - DEBUG - [target_routes.py:192] - Retrieved 3 targets
2025-07-03 04:31:07,173 - target_routes - DEBUG - [target_routes.py:149] - Listing targets with params: skip=0, limit=100, sort_by=created_at, sort_desc=True
2025-07-03 04:31:07,173 - target_routes - DEBUG - [target_routes.py:150] - Filters: search=None, department=None, frequency=None, status=None
2025-07-03 04:31:07,174 - target_routes - DEBUG - [target_routes.py:192] - Retrieved 3 targets
2025-07-03 04:31:08,797 - target_routes - DEBUG - [target_routes.py:149] - Listing targets with params: skip=0, limit=100, sort_by=created_at, sort_desc=True
2025-07-03 04:31:08,797 - target_routes - DEBUG - [target_routes.py:150] - Filters: search=None, department=None, frequency=None, status=None
2025-07-03 04:31:08,798 - target_routes - DEBUG - [target_routes.py:192] - Retrieved 3 targets
2025-07-03 04:31:45,613 - target_routes - DEBUG - [target_routes.py:149] - Listing targets with params: skip=0, limit=100, sort_by=created_at, sort_desc=True
2025-07-03 04:31:45,613 - target_routes - DEBUG - [target_routes.py:150] - Filters: search=None, department=None, frequency=None, status=None
2025-07-03 04:31:45,614 - target_routes - DEBUG - [target_routes.py:192] - Retrieved 3 targets
2025-07-03 04:32:36,540 - target_routes - DEBUG - [target_routes.py:149] - Listing targets with params: skip=0, limit=100, sort_by=created_at, sort_desc=True
2025-07-03 04:32:36,542 - target_routes - DEBUG - [target_routes.py:150] - Filters: search=None, department=None, frequency=None, status=None
2025-07-03 04:32:36,543 - target_routes - DEBUG - [target_routes.py:192] - Retrieved 3 targets
2025-07-03 04:33:09,679 - target_routes - DEBUG - [target_routes.py:149] - Listing targets with params: skip=0, limit=100, sort_by=created_at, sort_desc=True
2025-07-03 04:33:09,679 - target_routes - DEBUG - [target_routes.py:150] - Filters: search=None, department=None, frequency=None, status=None
2025-07-03 04:33:09,680 - target_routes - DEBUG - [target_routes.py:192] - Retrieved 3 targets
2025-07-03 04:33:12,269 - target_routes - DEBUG - [target_routes.py:451] - Retrieving stats for target ID: 5
2025-07-03 04:33:12,277 - target_routes - DEBUG - [target_routes.py:451] - Retrieving stats for target ID: 1
2025-07-03 04:33:12,284 - target_routes - DEBUG - [target_routes.py:451] - Retrieving stats for target ID: 4
2025-07-03 04:33:12,289 - target_routes - DEBUG - [target_routes.py:149] - Listing targets with params: skip=0, limit=100, sort_by=created_at, sort_desc=True
2025-07-03 04:33:12,290 - target_routes - DEBUG - [target_routes.py:150] - Filters: search=None, department=None, frequency=None, status=None
2025-07-03 04:33:12,290 - target_routes - DEBUG - [target_routes.py:192] - Retrieved 3 targets
2025-07-03 04:35:14,509 - target_routes - DEBUG - [target_routes.py:149] - Listing targets with params: skip=0, limit=100, sort_by=created_at, sort_desc=True
2025-07-03 04:35:14,509 - target_routes - DEBUG - [target_routes.py:150] - Filters: search=None, department=None, frequency=None, status=None
2025-07-03 04:35:14,510 - target_routes - DEBUG - [target_routes.py:192] - Retrieved 3 targets
2025-07-03 04:36:00,630 - target_routes - DEBUG - [target_routes.py:149] - Listing targets with params: skip=0, limit=100, sort_by=created_at, sort_desc=True
2025-07-03 04:36:00,630 - target_routes - DEBUG - [target_routes.py:150] - Filters: search=None, department=None, frequency=None, status=None
2025-07-03 04:36:00,631 - target_routes - DEBUG - [target_routes.py:192] - Retrieved 3 targets
2025-07-03 04:36:22,192 - target_routes - DEBUG - [target_routes.py:149] - Listing targets with params: skip=0, limit=100, sort_by=created_at, sort_desc=True
2025-07-03 04:36:22,193 - target_routes - DEBUG - [target_routes.py:150] - Filters: search=None, department=None, frequency=None, status=None
2025-07-03 04:36:22,194 - target_routes - DEBUG - [target_routes.py:192] - Retrieved 3 targets
2025-07-03 04:38:35,917 - target_routes - DEBUG - [target_routes.py:149] - Listing targets with params: skip=0, limit=100, sort_by=created_at, sort_desc=True
2025-07-03 04:38:35,917 - target_routes - DEBUG - [target_routes.py:150] - Filters: search=None, department=None, frequency=None, status=None
2025-07-03 04:38:35,920 - target_routes - DEBUG - [target_routes.py:192] - Retrieved 3 targets
2025-07-03 04:38:52,622 - target_routes - DEBUG - [target_routes.py:149] - Listing targets with params: skip=0, limit=100, sort_by=created_at, sort_desc=True
2025-07-03 04:38:52,622 - target_routes - DEBUG - [target_routes.py:150] - Filters: search=None, department=None, frequency=None, status=None
2025-07-03 04:38:52,623 - target_routes - DEBUG - [target_routes.py:192] - Retrieved 3 targets
2025-07-03 04:58:57,761 - target_routes - DEBUG - [target_routes.py:149] - Listing targets with params: skip=0, limit=100, sort_by=created_at, sort_desc=True
2025-07-03 04:58:57,761 - target_routes - DEBUG - [target_routes.py:150] - Filters: search=None, department=None, frequency=None, status=None
2025-07-03 04:58:57,765 - target_routes - DEBUG - [target_routes.py:192] - Retrieved 3 targets
2025-07-03 04:59:16,558 - target_routes - DEBUG - [target_routes.py:149] - Listing targets with params: skip=0, limit=100, sort_by=created_at, sort_desc=True
2025-07-03 04:59:16,558 - target_routes - DEBUG - [target_routes.py:150] - Filters: search=None, department=None, frequency=None, status=None
2025-07-03 04:59:16,559 - target_routes - DEBUG - [target_routes.py:192] - Retrieved 3 targets
2025-07-03 04:59:16,598 - target_routes - DEBUG - [target_routes.py:451] - Retrieving stats for target ID: 4
2025-07-03 04:59:16,619 - target_routes - DEBUG - [target_routes.py:451] - Retrieving stats for target ID: 5
2025-07-03 04:59:16,626 - target_routes - DEBUG - [target_routes.py:451] - Retrieving stats for target ID: 1
2025-07-03 05:12:51,587 - target_routes - DEBUG - [target_routes.py:149] - Listing targets with params: skip=0, limit=100, sort_by=created_at, sort_desc=True
2025-07-03 05:12:51,587 - target_routes - DEBUG - [target_routes.py:150] - Filters: search=None, department=None, frequency=None, status=None
2025-07-03 05:12:51,589 - target_routes - DEBUG - [target_routes.py:192] - Retrieved 3 targets
2025-07-03 10:31:48,758 - target_routes - DEBUG - [target_routes.py:149] - Listing targets with params: skip=0, limit=100, sort_by=created_at, sort_desc=True
2025-07-03 10:31:48,760 - target_routes - DEBUG - [target_routes.py:150] - Filters: search=None, department=None, frequency=None, status=None
2025-07-03 10:31:48,764 - target_routes - DEBUG - [target_routes.py:192] - Retrieved 3 targets
2025-07-03 15:00:58,941 - target_routes - DEBUG - [target_routes.py:149] - Listing targets with params: skip=0, limit=100, sort_by=created_at, sort_desc=True
2025-07-03 15:00:58,941 - target_routes - DEBUG - [target_routes.py:150] - Filters: search=None, department=None, frequency=None, status=None
2025-07-03 15:00:58,945 - target_routes - DEBUG - [target_routes.py:192] - Retrieved 3 targets
2025-07-03 15:00:58,984 - target_routes - DEBUG - [target_routes.py:451] - Retrieving stats for target ID: 1
2025-07-03 15:00:58,996 - target_routes - DEBUG - [target_routes.py:451] - Retrieving stats for target ID: 4
2025-07-03 15:00:59,001 - target_routes - DEBUG - [target_routes.py:451] - Retrieving stats for target ID: 5
2025-07-03 15:01:01,237 - target_routes - DEBUG - [target_routes.py:149] - Listing targets with params: skip=0, limit=100, sort_by=created_at, sort_desc=True
2025-07-03 15:01:01,237 - target_routes - DEBUG - [target_routes.py:150] - Filters: search=None, department=None, frequency=None, status=None
2025-07-03 15:01:01,238 - target_routes - DEBUG - [target_routes.py:192] - Retrieved 3 targets
2025-07-03 16:36:47,884 - target_routes - DEBUG - [target_routes.py:149] - Listing targets with params: skip=0, limit=100, sort_by=created_at, sort_desc=True
2025-07-03 16:36:47,884 - target_routes - DEBUG - [target_routes.py:150] - Filters: search=None, department=None, frequency=None, status=None
2025-07-03 16:36:47,888 - target_routes - DEBUG - [target_routes.py:192] - Retrieved 3 targets
2025-07-03 16:36:47,942 - target_routes - DEBUG - [target_routes.py:451] - Retrieving stats for target ID: 5
2025-07-03 16:36:47,953 - target_routes - DEBUG - [target_routes.py:451] - Retrieving stats for target ID: 4
2025-07-03 16:36:47,960 - target_routes - DEBUG - [target_routes.py:451] - Retrieving stats for target ID: 1
2025-07-03 16:36:49,333 - target_routes - DEBUG - [target_routes.py:149] - Listing targets with params: skip=0, limit=100, sort_by=created_at, sort_desc=True
2025-07-03 16:36:49,333 - target_routes - DEBUG - [target_routes.py:150] - Filters: search=None, department=None, frequency=None, status=None
2025-07-03 16:36:49,334 - target_routes - DEBUG - [target_routes.py:192] - Retrieved 3 targets
2025-07-03 16:38:03,134 - target_routes - DEBUG - [target_routes.py:149] - Listing targets with params: skip=0, limit=100, sort_by=created_at, sort_desc=True
2025-07-03 16:38:03,134 - target_routes - DEBUG - [target_routes.py:150] - Filters: search=None, department=None, frequency=None, status=None
2025-07-03 16:38:03,135 - target_routes - DEBUG - [target_routes.py:192] - Retrieved 3 targets
2025-07-03 16:38:03,209 - target_routes - DEBUG - [target_routes.py:451] - Retrieving stats for target ID: 5
2025-07-03 16:38:03,219 - target_routes - DEBUG - [target_routes.py:451] - Retrieving stats for target ID: 1
2025-07-03 16:38:03,227 - target_routes - DEBUG - [target_routes.py:451] - Retrieving stats for target ID: 4
2025-07-03 16:38:09,516 - target_routes - DEBUG - [target_routes.py:149] - Listing targets with params: skip=0, limit=100, sort_by=created_at, sort_desc=True
2025-07-03 16:38:09,517 - target_routes - DEBUG - [target_routes.py:150] - Filters: search=None, department=None, frequency=None, status=None
2025-07-03 16:38:09,518 - target_routes - DEBUG - [target_routes.py:192] - Retrieved 3 targets
2025-07-03 16:38:54,779 - target_routes - DEBUG - [target_routes.py:149] - Listing targets with params: skip=0, limit=100, sort_by=created_at, sort_desc=True
2025-07-03 16:38:54,780 - target_routes - DEBUG - [target_routes.py:150] - Filters: search=None, department=None, frequency=None, status=None
2025-07-03 16:38:54,781 - target_routes - DEBUG - [target_routes.py:192] - Retrieved 3 targets
2025-07-03 16:38:56,801 - target_routes - DEBUG - [target_routes.py:149] - Listing targets with params: skip=0, limit=100, sort_by=created_at, sort_desc=True
2025-07-03 16:38:56,802 - target_routes - DEBUG - [target_routes.py:150] - Filters: search=None, department=None, frequency=None, status=None
2025-07-03 16:38:56,805 - target_routes - DEBUG - [target_routes.py:192] - Retrieved 3 targets
2025-07-03 16:43:13,395 - target_routes - DEBUG - [target_routes.py:149] - Listing targets with params: skip=0, limit=100, sort_by=created_at, sort_desc=True
2025-07-03 16:43:13,397 - target_routes - DEBUG - [target_routes.py:150] - Filters: search=None, department=None, frequency=None, status=None
2025-07-03 16:43:13,400 - target_routes - DEBUG - [target_routes.py:192] - Retrieved 3 targets
2025-07-03 16:45:57,879 - target_routes - DEBUG - [target_routes.py:149] - Listing targets with params: skip=0, limit=100, sort_by=created_at, sort_desc=True
2025-07-03 16:45:57,880 - target_routes - DEBUG - [target_routes.py:150] - Filters: search=None, department=None, frequency=None, status=None
2025-07-03 16:45:57,881 - target_routes - DEBUG - [target_routes.py:192] - Retrieved 3 targets
2025-07-03 16:59:48,810 - target_routes - DEBUG - [target_routes.py:69] - Attempting to create target: ShareGuard Test Folder
2025-07-03 16:59:48,833 - target_routes - INFO - [target_routes.py:112] - Successfully created target: ShareGuard Test Folder
2025-07-03 17:06:49,840 - target_routes - DEBUG - [target_routes.py:149] - Listing targets with params: skip=0, limit=100, sort_by=created_at, sort_desc=True
2025-07-03 17:06:49,840 - target_routes - DEBUG - [target_routes.py:150] - Filters: search=None, department=None, frequency=None, status=None
2025-07-03 17:06:49,842 - target_routes - DEBUG - [target_routes.py:192] - Retrieved 4 targets
2025-07-03 17:07:06,011 - target_routes - DEBUG - [target_routes.py:149] - Listing targets with params: skip=0, limit=100, sort_by=created_at, sort_desc=True
2025-07-03 17:07:06,011 - target_routes - DEBUG - [target_routes.py:150] - Filters: search=None, department=None, frequency=None, status=None
2025-07-03 17:07:06,012 - target_routes - DEBUG - [target_routes.py:192] - Retrieved 4 targets
2025-07-03 17:30:40,826 - target_routes - DEBUG - [target_routes.py:149] - Listing targets with params: skip=0, limit=100, sort_by=created_at, sort_desc=True
2025-07-03 17:30:40,826 - target_routes - DEBUG - [target_routes.py:150] - Filters: search=None, department=None, frequency=None, status=None
2025-07-03 17:30:40,828 - target_routes - DEBUG - [target_routes.py:192] - Retrieved 4 targets
2025-07-03 17:30:42,233 - target_routes - DEBUG - [target_routes.py:149] - Listing targets with params: skip=0, limit=100, sort_by=created_at, sort_desc=True
2025-07-03 17:30:42,233 - target_routes - DEBUG - [target_routes.py:150] - Filters: search=None, department=None, frequency=None, status=None
2025-07-03 17:30:42,234 - target_routes - DEBUG - [target_routes.py:192] - Retrieved 4 targets
2025-07-03 17:31:22,391 - target_routes - DEBUG - [target_routes.py:149] - Listing targets with params: skip=0, limit=100, sort_by=created_at, sort_desc=True
2025-07-03 17:31:22,391 - target_routes - DEBUG - [target_routes.py:150] - Filters: search=None, department=None, frequency=None, status=None
2025-07-03 17:31:22,392 - target_routes - DEBUG - [target_routes.py:192] - Retrieved 4 targets
2025-07-03 17:33:11,083 - target_routes - DEBUG - [target_routes.py:149] - Listing targets with params: skip=0, limit=100, sort_by=created_at, sort_desc=True
2025-07-03 17:33:11,083 - target_routes - DEBUG - [target_routes.py:150] - Filters: search=None, department=None, frequency=None, status=None
2025-07-03 17:33:11,083 - target_routes - DEBUG - [target_routes.py:192] - Retrieved 4 targets
2025-07-03 17:33:42,725 - target_routes - DEBUG - [target_routes.py:149] - Listing targets with params: skip=0, limit=100, sort_by=created_at, sort_desc=True
2025-07-03 17:33:42,725 - target_routes - DEBUG - [target_routes.py:150] - Filters: search=None, department=None, frequency=None, status=None
2025-07-03 17:33:42,726 - target_routes - DEBUG - [target_routes.py:192] - Retrieved 4 targets
2025-07-03 17:50:04,345 - target_routes - DEBUG - [target_routes.py:149] - Listing targets with params: skip=0, limit=100, sort_by=created_at, sort_desc=True
2025-07-03 17:50:04,345 - target_routes - DEBUG - [target_routes.py:150] - Filters: search=None, department=None, frequency=None, status=None
2025-07-03 17:50:04,351 - target_routes - DEBUG - [target_routes.py:192] - Retrieved 4 targets
2025-07-03 18:02:02,608 - target_routes - DEBUG - [target_routes.py:149] - Listing targets with params: skip=0, limit=100, sort_by=created_at, sort_desc=True
2025-07-03 18:02:02,609 - target_routes - DEBUG - [target_routes.py:150] - Filters: search=None, department=None, frequency=None, status=None
2025-07-03 18:02:02,610 - target_routes - DEBUG - [target_routes.py:192] - Retrieved 4 targets
2025-07-03 18:03:09,735 - target_routes - DEBUG - [target_routes.py:149] - Listing targets with params: skip=0, limit=100, sort_by=created_at, sort_desc=True
2025-07-03 18:03:09,735 - target_routes - DEBUG - [target_routes.py:150] - Filters: search=None, department=None, frequency=None, status=None
2025-07-03 18:03:09,736 - target_routes - DEBUG - [target_routes.py:192] - Retrieved 4 targets
2025-07-03 18:03:18,763 - target_routes - DEBUG - [target_routes.py:149] - Listing targets with params: skip=0, limit=100, sort_by=created_at, sort_desc=True
2025-07-03 18:03:18,763 - target_routes - DEBUG - [target_routes.py:150] - Filters: search=None, department=None, frequency=None, status=None
2025-07-03 18:03:18,764 - target_routes - DEBUG - [target_routes.py:192] - Retrieved 4 targets
2025-07-03 18:16:42,334 - target_routes - DEBUG - [target_routes.py:149] - Listing targets with params: skip=0, limit=100, sort_by=created_at, sort_desc=True
2025-07-03 18:16:42,334 - target_routes - DEBUG - [target_routes.py:150] - Filters: search=None, department=None, frequency=None, status=None
2025-07-03 18:16:42,336 - target_routes - DEBUG - [target_routes.py:192] - Retrieved 4 targets
