2024-12-05 07:01:03,337 - target_routes - DEBUG - [target_routes.py:145] - Listing targets with params: skip=0, limit=100, sort_by=created_at, sort_desc=True
2024-12-05 07:01:03,341 - target_routes - DEBUG - [target_routes.py:165] - Retrieved 4 targets
2024-12-05 07:01:03,410 - target_routes - DEBUG - [target_routes.py:424] - Retrieving stats for target ID: 11
2024-12-05 07:01:03,424 - target_routes - DEBUG - [target_routes.py:424] - Retrieving stats for target ID: 3
2024-12-05 07:01:03,435 - target_routes - DEBUG - [target_routes.py:424] - Retrieving stats for target ID: 2
2024-12-05 07:01:03,446 - target_routes - DEBUG - [target_routes.py:424] - Retrieving stats for target ID: 1
2024-12-05 07:01:11,874 - target_routes - DEBUG - [target_routes.py:145] - Listing targets with params: skip=0, limit=100, sort_by=created_at, sort_desc=True
2024-12-05 07:01:11,876 - target_routes - DEBUG - [target_routes.py:165] - Retrieved 4 targets
2024-12-05 07:01:11,951 - target_routes - DEBUG - [target_routes.py:424] - Retrieving stats for target ID: 11
2024-12-05 07:01:11,967 - target_routes - DEBUG - [target_routes.py:424] - Retrieving stats for target ID: 3
2024-12-05 07:01:11,978 - target_routes - DEBUG - [target_routes.py:424] - Retrieving stats for target ID: 2
2024-12-05 07:01:11,985 - target_routes - DEBUG - [target_routes.py:424] - Retrieving stats for target ID: 1
2024-12-05 07:01:27,209 - target_routes - DEBUG - [target_routes.py:145] - Listing targets with params: skip=0, limit=100, sort_by=created_at, sort_desc=True
2024-12-05 07:01:27,211 - target_routes - DEBUG - [target_routes.py:165] - Retrieved 4 targets
2024-12-05 07:01:27,219 - target_routes - DEBUG - [target_routes.py:424] - Retrieving stats for target ID: 11
2024-12-05 07:01:27,241 - target_routes - DEBUG - [target_routes.py:424] - Retrieving stats for target ID: 3
2024-12-05 07:01:27,254 - target_routes - DEBUG - [target_routes.py:424] - Retrieving stats for target ID: 1
2024-12-05 07:01:27,265 - target_routes - DEBUG - [target_routes.py:424] - Retrieving stats for target ID: 2
2024-12-05 07:01:32,656 - target_routes - DEBUG - [target_routes.py:424] - Retrieving stats for target ID: 11
2024-12-05 07:01:32,667 - target_routes - DEBUG - [target_routes.py:424] - Retrieving stats for target ID: 3
2024-12-05 07:01:32,677 - target_routes - DEBUG - [target_routes.py:424] - Retrieving stats for target ID: 1
2024-12-05 07:01:32,688 - target_routes - DEBUG - [target_routes.py:424] - Retrieving stats for target ID: 2
2024-12-05 07:01:32,698 - target_routes - DEBUG - [target_routes.py:145] - Listing targets with params: skip=0, limit=100, sort_by=created_at, sort_desc=True
2024-12-05 07:01:32,700 - target_routes - DEBUG - [target_routes.py:165] - Retrieved 4 targets
2024-12-05 07:01:36,967 - target_routes - DEBUG - [target_routes.py:424] - Retrieving stats for target ID: 11
2024-12-05 07:01:36,978 - target_routes - DEBUG - [target_routes.py:424] - Retrieving stats for target ID: 3
2024-12-05 07:01:36,987 - target_routes - DEBUG - [target_routes.py:424] - Retrieving stats for target ID: 2
2024-12-05 07:01:36,998 - target_routes - DEBUG - [target_routes.py:424] - Retrieving stats for target ID: 1
2024-12-05 07:01:37,009 - target_routes - DEBUG - [target_routes.py:145] - Listing targets with params: skip=0, limit=100, sort_by=created_at, sort_desc=True
2024-12-05 07:01:37,010 - target_routes - DEBUG - [target_routes.py:165] - Retrieved 4 targets
2024-12-05 07:01:39,716 - target_routes - DEBUG - [target_routes.py:424] - Retrieving stats for target ID: 11
2024-12-05 07:01:39,729 - target_routes - DEBUG - [target_routes.py:424] - Retrieving stats for target ID: 3
2024-12-05 07:01:39,739 - target_routes - DEBUG - [target_routes.py:424] - Retrieving stats for target ID: 2
2024-12-05 07:01:39,748 - target_routes - DEBUG - [target_routes.py:145] - Listing targets with params: skip=0, limit=100, sort_by=created_at, sort_desc=True
2024-12-05 07:01:39,750 - target_routes - DEBUG - [target_routes.py:165] - Retrieved 4 targets
2024-12-05 07:01:39,758 - target_routes - DEBUG - [target_routes.py:424] - Retrieving stats for target ID: 1
2024-12-05 07:01:55,941 - target_routes - DEBUG - [target_routes.py:145] - Listing targets with params: skip=0, limit=100, sort_by=created_at, sort_desc=True
2024-12-05 07:01:55,943 - target_routes - DEBUG - [target_routes.py:165] - Retrieved 4 targets
2024-12-05 07:01:55,952 - target_routes - DEBUG - [target_routes.py:424] - Retrieving stats for target ID: 11
2024-12-05 07:01:55,963 - target_routes - DEBUG - [target_routes.py:424] - Retrieving stats for target ID: 2
2024-12-05 07:01:55,974 - target_routes - DEBUG - [target_routes.py:424] - Retrieving stats for target ID: 3
2024-12-05 07:01:55,995 - target_routes - DEBUG - [target_routes.py:424] - Retrieving stats for target ID: 1
2024-12-05 07:02:01,834 - target_routes - DEBUG - [target_routes.py:424] - Retrieving stats for target ID: 11
2024-12-05 07:02:01,845 - target_routes - DEBUG - [target_routes.py:424] - Retrieving stats for target ID: 2
2024-12-05 07:02:01,855 - target_routes - DEBUG - [target_routes.py:424] - Retrieving stats for target ID: 3
2024-12-05 07:02:01,867 - target_routes - DEBUG - [target_routes.py:145] - Listing targets with params: skip=0, limit=100, sort_by=created_at, sort_desc=True
2024-12-05 07:02:01,868 - target_routes - DEBUG - [target_routes.py:165] - Retrieved 4 targets
2024-12-05 07:02:01,873 - target_routes - DEBUG - [target_routes.py:424] - Retrieving stats for target ID: 1
2024-12-05 07:02:04,391 - target_routes - DEBUG - [target_routes.py:424] - Retrieving stats for target ID: 3
2024-12-05 07:02:04,404 - target_routes - DEBUG - [target_routes.py:424] - Retrieving stats for target ID: 11
2024-12-05 07:02:04,414 - target_routes - DEBUG - [target_routes.py:424] - Retrieving stats for target ID: 2
2024-12-05 07:02:04,424 - target_routes - DEBUG - [target_routes.py:424] - Retrieving stats for target ID: 1
2024-12-05 07:02:04,435 - target_routes - DEBUG - [target_routes.py:145] - Listing targets with params: skip=0, limit=100, sort_by=created_at, sort_desc=True
2024-12-05 07:02:04,436 - target_routes - DEBUG - [target_routes.py:165] - Retrieved 4 targets
2024-12-05 07:10:17,382 - target_routes - DEBUG - [target_routes.py:424] - Retrieving stats for target ID: 1
2024-12-05 07:10:17,396 - target_routes - DEBUG - [target_routes.py:145] - Listing targets with params: skip=0, limit=100, sort_by=created_at, sort_desc=True
2024-12-05 07:10:17,398 - target_routes - DEBUG - [target_routes.py:165] - Retrieved 4 targets
2024-12-05 07:10:17,408 - target_routes - DEBUG - [target_routes.py:424] - Retrieving stats for target ID: 2
2024-12-05 07:10:17,420 - target_routes - DEBUG - [target_routes.py:424] - Retrieving stats for target ID: 3
2024-12-05 07:10:17,431 - target_routes - DEBUG - [target_routes.py:424] - Retrieving stats for target ID: 11
2024-12-05 07:10:24,191 - target_routes - DEBUG - [target_routes.py:277] - Deleting target with ID: 11
2024-12-05 07:10:24,200 - target_routes - INFO - [target_routes.py:285] - Successfully deleted target: 11
2024-12-05 07:10:24,214 - target_routes - DEBUG - [target_routes.py:424] - Retrieving stats for target ID: 2
2024-12-05 07:10:24,226 - target_routes - DEBUG - [target_routes.py:145] - Listing targets with params: skip=0, limit=100, sort_by=created_at, sort_desc=True
2024-12-05 07:10:24,228 - target_routes - DEBUG - [target_routes.py:165] - Retrieved 3 targets
2024-12-05 07:10:24,236 - target_routes - DEBUG - [target_routes.py:424] - Retrieving stats for target ID: 3
2024-12-05 07:10:24,246 - target_routes - DEBUG - [target_routes.py:424] - Retrieving stats for target ID: 11
2024-12-05 07:10:24,248 - target_routes - WARNING - [target_routes.py:427] - Target not found with ID: 11
2024-12-05 07:10:24,259 - target_routes - DEBUG - [target_routes.py:424] - Retrieving stats for target ID: 1
2024-12-05 07:10:28,999 - target_routes - DEBUG - [target_routes.py:424] - Retrieving stats for target ID: 3
2024-12-05 07:10:29,012 - target_routes - DEBUG - [target_routes.py:424] - Retrieving stats for target ID: 2
2024-12-05 07:10:29,022 - target_routes - DEBUG - [target_routes.py:424] - Retrieving stats for target ID: 1
2024-12-05 07:10:29,032 - target_routes - DEBUG - [target_routes.py:145] - Listing targets with params: skip=0, limit=100, sort_by=created_at, sort_desc=True
2024-12-05 07:10:29,033 - target_routes - DEBUG - [target_routes.py:165] - Retrieved 3 targets
2024-12-05 07:10:30,602 - target_routes - DEBUG - [target_routes.py:424] - Retrieving stats for target ID: 3
2024-12-05 07:10:30,617 - target_routes - DEBUG - [target_routes.py:424] - Retrieving stats for target ID: 2
2024-12-05 07:10:30,628 - target_routes - DEBUG - [target_routes.py:424] - Retrieving stats for target ID: 1
2024-12-05 07:10:30,638 - target_routes - DEBUG - [target_routes.py:145] - Listing targets with params: skip=0, limit=100, sort_by=created_at, sort_desc=True
2024-12-05 07:10:30,640 - target_routes - DEBUG - [target_routes.py:165] - Retrieved 3 targets
2024-12-05 07:10:31,044 - target_routes - DEBUG - [target_routes.py:424] - Retrieving stats for target ID: 3
2024-12-05 07:10:31,055 - target_routes - DEBUG - [target_routes.py:424] - Retrieving stats for target ID: 2
2024-12-05 07:10:31,063 - target_routes - DEBUG - [target_routes.py:424] - Retrieving stats for target ID: 1
2024-12-05 07:10:31,074 - target_routes - DEBUG - [target_routes.py:145] - Listing targets with params: skip=0, limit=100, sort_by=created_at, sort_desc=True
2024-12-05 07:10:31,076 - target_routes - DEBUG - [target_routes.py:165] - Retrieved 3 targets
2024-12-05 07:10:34,552 - target_routes - DEBUG - [target_routes.py:145] - Listing targets with params: skip=0, limit=100, sort_by=created_at, sort_desc=True
2024-12-05 07:10:34,553 - target_routes - DEBUG - [target_routes.py:165] - Retrieved 3 targets
2024-12-05 07:10:34,643 - target_routes - DEBUG - [target_routes.py:424] - Retrieving stats for target ID: 3
2024-12-05 07:10:34,657 - target_routes - DEBUG - [target_routes.py:424] - Retrieving stats for target ID: 2
2024-12-05 07:10:34,668 - target_routes - DEBUG - [target_routes.py:424] - Retrieving stats for target ID: 1
2024-12-05 07:10:38,241 - target_routes - DEBUG - [target_routes.py:424] - Retrieving stats for target ID: 3
2024-12-05 07:10:38,252 - target_routes - DEBUG - [target_routes.py:424] - Retrieving stats for target ID: 2
2024-12-05 07:10:38,264 - target_routes - DEBUG - [target_routes.py:424] - Retrieving stats for target ID: 1
2024-12-05 07:10:38,274 - target_routes - DEBUG - [target_routes.py:145] - Listing targets with params: skip=0, limit=100, sort_by=created_at, sort_desc=True
2024-12-05 07:10:38,276 - target_routes - DEBUG - [target_routes.py:165] - Retrieved 3 targets
2024-12-05 07:10:40,321 - target_routes - DEBUG - [target_routes.py:424] - Retrieving stats for target ID: 3
2024-12-05 07:10:40,332 - target_routes - DEBUG - [target_routes.py:424] - Retrieving stats for target ID: 2
2024-12-05 07:10:40,343 - target_routes - DEBUG - [target_routes.py:424] - Retrieving stats for target ID: 1
2024-12-05 07:10:40,354 - target_routes - DEBUG - [target_routes.py:145] - Listing targets with params: skip=0, limit=100, sort_by=created_at, sort_desc=True
2024-12-05 07:10:40,356 - target_routes - DEBUG - [target_routes.py:165] - Retrieved 3 targets
2024-12-05 07:10:44,286 - target_routes - DEBUG - [target_routes.py:424] - Retrieving stats for target ID: 3
2024-12-05 07:10:44,297 - target_routes - DEBUG - [target_routes.py:424] - Retrieving stats for target ID: 2
2024-12-05 07:10:44,309 - target_routes - DEBUG - [target_routes.py:424] - Retrieving stats for target ID: 1
2024-12-05 07:10:44,320 - target_routes - DEBUG - [target_routes.py:145] - Listing targets with params: skip=0, limit=100, sort_by=created_at, sort_desc=True
2024-12-05 07:10:44,322 - target_routes - DEBUG - [target_routes.py:165] - Retrieved 3 targets
2024-12-05 07:10:45,308 - target_routes - DEBUG - [target_routes.py:424] - Retrieving stats for target ID: 2
2024-12-05 07:10:45,318 - target_routes - DEBUG - [target_routes.py:424] - Retrieving stats for target ID: 3
2024-12-05 07:10:45,329 - target_routes - DEBUG - [target_routes.py:145] - Listing targets with params: skip=0, limit=100, sort_by=created_at, sort_desc=True
2024-12-05 07:10:45,331 - target_routes - DEBUG - [target_routes.py:165] - Retrieved 3 targets
2024-12-05 07:10:45,340 - target_routes - DEBUG - [target_routes.py:424] - Retrieving stats for target ID: 1
2024-12-05 07:10:45,681 - target_routes - DEBUG - [target_routes.py:424] - Retrieving stats for target ID: 3
2024-12-05 07:10:45,692 - target_routes - DEBUG - [target_routes.py:424] - Retrieving stats for target ID: 1
2024-12-05 07:10:45,702 - target_routes - DEBUG - [target_routes.py:424] - Retrieving stats for target ID: 2
2024-12-05 07:10:45,714 - target_routes - DEBUG - [target_routes.py:145] - Listing targets with params: skip=0, limit=100, sort_by=created_at, sort_desc=True
2024-12-05 07:10:45,716 - target_routes - DEBUG - [target_routes.py:165] - Retrieved 3 targets
2024-12-05 07:10:46,333 - target_routes - DEBUG - [target_routes.py:424] - Retrieving stats for target ID: 3
2024-12-05 07:10:46,345 - target_routes - DEBUG - [target_routes.py:424] - Retrieving stats for target ID: 2
2024-12-05 07:10:46,356 - target_routes - DEBUG - [target_routes.py:145] - Listing targets with params: skip=0, limit=100, sort_by=created_at, sort_desc=True
2024-12-05 07:10:46,357 - target_routes - DEBUG - [target_routes.py:165] - Retrieved 3 targets
2024-12-05 07:10:46,363 - target_routes - DEBUG - [target_routes.py:424] - Retrieving stats for target ID: 1
2024-12-05 07:10:47,016 - target_routes - DEBUG - [target_routes.py:424] - Retrieving stats for target ID: 3
2024-12-05 07:10:47,027 - target_routes - DEBUG - [target_routes.py:424] - Retrieving stats for target ID: 2
2024-12-05 07:10:47,036 - target_routes - DEBUG - [target_routes.py:424] - Retrieving stats for target ID: 1
2024-12-05 07:10:47,046 - target_routes - DEBUG - [target_routes.py:145] - Listing targets with params: skip=0, limit=100, sort_by=created_at, sort_desc=True
2024-12-05 07:10:47,047 - target_routes - DEBUG - [target_routes.py:165] - Retrieved 3 targets
2024-12-05 07:11:17,571 - target_routes - DEBUG - [target_routes.py:145] - Listing targets with params: skip=0, limit=100, sort_by=created_at, sort_desc=True
2024-12-05 07:11:17,572 - target_routes - DEBUG - [target_routes.py:165] - Retrieved 3 targets
2024-12-05 07:11:17,576 - target_routes - DEBUG - [target_routes.py:424] - Retrieving stats for target ID: 3
2024-12-05 07:11:17,585 - target_routes - DEBUG - [target_routes.py:424] - Retrieving stats for target ID: 1
2024-12-05 07:11:17,593 - target_routes - DEBUG - [target_routes.py:424] - Retrieving stats for target ID: 2
2024-12-05 07:11:22,164 - target_routes - DEBUG - [target_routes.py:424] - Retrieving stats for target ID: 3
2024-12-05 07:11:22,176 - target_routes - DEBUG - [target_routes.py:145] - Listing targets with params: skip=0, limit=100, sort_by=created_at, sort_desc=True
2024-12-05 07:11:22,177 - target_routes - DEBUG - [target_routes.py:165] - Retrieved 3 targets
2024-12-05 07:11:22,184 - target_routes - DEBUG - [target_routes.py:424] - Retrieving stats for target ID: 2
2024-12-05 07:11:22,193 - target_routes - DEBUG - [target_routes.py:424] - Retrieving stats for target ID: 1
2024-12-05 07:11:22,271 - target_routes - DEBUG - [target_routes.py:145] - Listing targets with params: skip=0, limit=100, sort_by=created_at, sort_desc=True
2024-12-05 07:11:22,273 - target_routes - DEBUG - [target_routes.py:165] - Retrieved 3 targets
2024-12-05 07:11:34,150 - target_routes - DEBUG - [target_routes.py:145] - Listing targets with params: skip=0, limit=100, sort_by=created_at, sort_desc=True
2024-12-05 07:11:34,151 - target_routes - DEBUG - [target_routes.py:165] - Retrieved 3 targets
2024-12-05 07:11:34,164 - target_routes - DEBUG - [target_routes.py:424] - Retrieving stats for target ID: 3
2024-12-05 07:11:34,176 - target_routes - DEBUG - [target_routes.py:424] - Retrieving stats for target ID: 1
2024-12-05 07:11:34,190 - target_routes - DEBUG - [target_routes.py:424] - Retrieving stats for target ID: 2
2024-12-05 07:11:52,202 - target_routes - DEBUG - [target_routes.py:145] - Listing targets with params: skip=0, limit=100, sort_by=created_at, sort_desc=True
2024-12-05 07:11:52,204 - target_routes - DEBUG - [target_routes.py:165] - Retrieved 3 targets
2024-12-05 07:11:52,212 - target_routes - DEBUG - [target_routes.py:424] - Retrieving stats for target ID: 3
2024-12-05 07:11:52,271 - target_routes - DEBUG - [target_routes.py:424] - Retrieving stats for target ID: 1
2024-12-05 07:11:52,287 - target_routes - DEBUG - [target_routes.py:424] - Retrieving stats for target ID: 2
2024-12-05 07:11:52,387 - target_routes - DEBUG - [target_routes.py:145] - Listing targets with params: skip=0, limit=100, sort_by=created_at, sort_desc=True
2024-12-05 07:11:52,388 - target_routes - DEBUG - [target_routes.py:165] - Retrieved 3 targets
2024-12-05 07:11:52,450 - target_routes - DEBUG - [target_routes.py:424] - Retrieving stats for target ID: 3
2024-12-05 07:11:52,459 - target_routes - DEBUG - [target_routes.py:424] - Retrieving stats for target ID: 2
2024-12-05 07:11:52,471 - target_routes - DEBUG - [target_routes.py:424] - Retrieving stats for target ID: 1
