2025-06-17 04:22:17,817 - target_routes - DEBUG - [target_routes.py:145] - Listing targets with params: skip=0, limit=100, sort_by=created_at, sort_desc=True
2025-06-17 04:22:17,824 - target_routes - DEBUG - [target_routes.py:165] - Retrieved 3 targets
2025-06-17 04:22:17,891 - target_routes - DEBUG - [target_routes.py:424] - Retrieving stats for target ID: 3
2025-06-17 04:22:17,913 - target_routes - DEBUG - [target_routes.py:424] - Retrieving stats for target ID: 2
2025-06-17 04:22:17,927 - target_routes - DEBUG - [target_routes.py:424] - Retrieving stats for target ID: 1
2025-06-17 04:24:45,555 - target_routes - DEBUG - [target_routes.py:145] - Listing targets with params: skip=0, limit=100, sort_by=created_at, sort_desc=True
2025-06-17 04:24:45,558 - target_routes - DEBUG - [target_routes.py:165] - Retrieved 3 targets
2025-06-17 04:24:45,616 - target_routes - DEBUG - [target_routes.py:424] - Retrieving stats for target ID: 3
2025-06-17 04:24:45,630 - target_routes - DEBUG - [target_routes.py:424] - Retrieving stats for target ID: 2
2025-06-17 04:24:45,641 - target_routes - DEBUG - [target_routes.py:424] - Retrieving stats for target ID: 1
2025-06-17 04:24:54,310 - target_routes - DEBUG - [target_routes.py:424] - Retrieving stats for target ID: 3
2025-06-17 04:24:54,317 - target_routes - DEBUG - [target_routes.py:424] - Retrieving stats for target ID: 2
2025-06-17 04:24:54,325 - target_routes - DEBUG - [target_routes.py:424] - Retrieving stats for target ID: 1
2025-06-17 04:24:54,335 - target_routes - DEBUG - [target_routes.py:145] - Listing targets with params: skip=0, limit=100, sort_by=created_at, sort_desc=True
2025-06-17 04:24:54,336 - target_routes - DEBUG - [target_routes.py:165] - Retrieved 3 targets
2025-06-17 04:24:56,162 - target_routes - DEBUG - [target_routes.py:424] - Retrieving stats for target ID: 3
2025-06-17 04:24:56,170 - target_routes - DEBUG - [target_routes.py:424] - Retrieving stats for target ID: 1
2025-06-17 04:24:56,178 - target_routes - DEBUG - [target_routes.py:424] - Retrieving stats for target ID: 2
2025-06-17 04:24:56,184 - target_routes - DEBUG - [target_routes.py:145] - Listing targets with params: skip=0, limit=100, sort_by=created_at, sort_desc=True
2025-06-17 04:24:56,186 - target_routes - DEBUG - [target_routes.py:165] - Retrieved 3 targets
2025-06-17 04:24:57,242 - target_routes - DEBUG - [target_routes.py:424] - Retrieving stats for target ID: 3
2025-06-17 04:24:57,249 - target_routes - DEBUG - [target_routes.py:424] - Retrieving stats for target ID: 2
2025-06-17 04:24:57,261 - target_routes - DEBUG - [target_routes.py:424] - Retrieving stats for target ID: 1
2025-06-17 04:24:57,268 - target_routes - DEBUG - [target_routes.py:145] - Listing targets with params: skip=0, limit=100, sort_by=created_at, sort_desc=True
2025-06-17 04:24:57,269 - target_routes - DEBUG - [target_routes.py:165] - Retrieved 3 targets
2025-06-17 04:24:58,090 - target_routes - DEBUG - [target_routes.py:424] - Retrieving stats for target ID: 3
2025-06-17 04:24:58,098 - target_routes - DEBUG - [target_routes.py:424] - Retrieving stats for target ID: 1
2025-06-17 04:24:58,110 - target_routes - DEBUG - [target_routes.py:424] - Retrieving stats for target ID: 2
2025-06-17 04:24:58,118 - target_routes - DEBUG - [target_routes.py:145] - Listing targets with params: skip=0, limit=100, sort_by=created_at, sort_desc=True
2025-06-17 04:24:58,119 - target_routes - DEBUG - [target_routes.py:165] - Retrieved 3 targets
2025-06-17 04:26:51,920 - target_routes - DEBUG - [target_routes.py:424] - Retrieving stats for target ID: 2
2025-06-17 04:26:51,927 - target_routes - DEBUG - [target_routes.py:424] - Retrieving stats for target ID: 3
2025-06-17 04:26:51,937 - target_routes - DEBUG - [target_routes.py:424] - Retrieving stats for target ID: 1
2025-06-17 04:26:51,944 - target_routes - DEBUG - [target_routes.py:145] - Listing targets with params: skip=0, limit=100, sort_by=created_at, sort_desc=True
2025-06-17 04:26:51,945 - target_routes - DEBUG - [target_routes.py:165] - Retrieved 3 targets
2025-06-17 04:26:53,176 - target_routes - DEBUG - [target_routes.py:424] - Retrieving stats for target ID: 3
2025-06-17 04:26:53,185 - target_routes - DEBUG - [target_routes.py:145] - Listing targets with params: skip=0, limit=100, sort_by=created_at, sort_desc=True
2025-06-17 04:26:53,187 - target_routes - DEBUG - [target_routes.py:165] - Retrieved 3 targets
2025-06-17 04:26:53,192 - target_routes - DEBUG - [target_routes.py:424] - Retrieving stats for target ID: 2
2025-06-17 04:26:53,199 - target_routes - DEBUG - [target_routes.py:424] - Retrieving stats for target ID: 1
2025-06-17 04:26:54,513 - target_routes - DEBUG - [target_routes.py:424] - Retrieving stats for target ID: 3
2025-06-17 04:26:54,520 - target_routes - DEBUG - [target_routes.py:424] - Retrieving stats for target ID: 1
2025-06-17 04:26:54,527 - target_routes - DEBUG - [target_routes.py:424] - Retrieving stats for target ID: 2
2025-06-17 04:26:54,536 - target_routes - DEBUG - [target_routes.py:145] - Listing targets with params: skip=0, limit=100, sort_by=created_at, sort_desc=True
2025-06-17 04:26:54,537 - target_routes - DEBUG - [target_routes.py:165] - Retrieved 3 targets
2025-06-17 04:26:54,977 - target_routes - DEBUG - [target_routes.py:424] - Retrieving stats for target ID: 3
2025-06-17 04:26:54,984 - target_routes - DEBUG - [target_routes.py:424] - Retrieving stats for target ID: 1
2025-06-17 04:26:54,991 - target_routes - DEBUG - [target_routes.py:424] - Retrieving stats for target ID: 2
2025-06-17 04:26:54,999 - target_routes - DEBUG - [target_routes.py:145] - Listing targets with params: skip=0, limit=100, sort_by=created_at, sort_desc=True
2025-06-17 04:26:55,000 - target_routes - DEBUG - [target_routes.py:165] - Retrieved 3 targets
2025-06-17 04:26:55,559 - target_routes - DEBUG - [target_routes.py:424] - Retrieving stats for target ID: 3
2025-06-17 04:26:55,569 - target_routes - DEBUG - [target_routes.py:424] - Retrieving stats for target ID: 2
2025-06-17 04:26:55,576 - target_routes - DEBUG - [target_routes.py:424] - Retrieving stats for target ID: 1
2025-06-17 04:26:55,584 - target_routes - DEBUG - [target_routes.py:145] - Listing targets with params: skip=0, limit=100, sort_by=created_at, sort_desc=True
2025-06-17 04:26:55,585 - target_routes - DEBUG - [target_routes.py:165] - Retrieved 3 targets
2025-06-17 04:26:56,993 - target_routes - DEBUG - [target_routes.py:424] - Retrieving stats for target ID: 3
2025-06-17 04:26:57,006 - target_routes - DEBUG - [target_routes.py:424] - Retrieving stats for target ID: 2
2025-06-17 04:26:57,013 - target_routes - DEBUG - [target_routes.py:424] - Retrieving stats for target ID: 1
2025-06-17 04:26:57,020 - target_routes - DEBUG - [target_routes.py:145] - Listing targets with params: skip=0, limit=100, sort_by=created_at, sort_desc=True
2025-06-17 04:26:57,023 - target_routes - DEBUG - [target_routes.py:165] - Retrieved 3 targets
2025-06-17 04:26:57,658 - target_routes - DEBUG - [target_routes.py:424] - Retrieving stats for target ID: 3
2025-06-17 04:26:57,667 - target_routes - DEBUG - [target_routes.py:424] - Retrieving stats for target ID: 2
2025-06-17 04:26:57,674 - target_routes - DEBUG - [target_routes.py:424] - Retrieving stats for target ID: 1
2025-06-17 04:26:57,681 - target_routes - DEBUG - [target_routes.py:145] - Listing targets with params: skip=0, limit=100, sort_by=created_at, sort_desc=True
2025-06-17 04:26:57,682 - target_routes - DEBUG - [target_routes.py:165] - Retrieved 3 targets
2025-06-17 04:26:58,232 - target_routes - DEBUG - [target_routes.py:424] - Retrieving stats for target ID: 3
2025-06-17 04:26:58,241 - target_routes - DEBUG - [target_routes.py:424] - Retrieving stats for target ID: 2
2025-06-17 04:26:58,249 - target_routes - DEBUG - [target_routes.py:145] - Listing targets with params: skip=0, limit=100, sort_by=created_at, sort_desc=True
2025-06-17 04:26:58,250 - target_routes - DEBUG - [target_routes.py:165] - Retrieved 3 targets
2025-06-17 04:26:58,254 - target_routes - DEBUG - [target_routes.py:424] - Retrieving stats for target ID: 1
2025-06-17 04:27:14,622 - target_routes - DEBUG - [target_routes.py:424] - Retrieving stats for target ID: 2
2025-06-17 04:27:14,629 - target_routes - DEBUG - [target_routes.py:424] - Retrieving stats for target ID: 3
2025-06-17 04:27:14,638 - target_routes - DEBUG - [target_routes.py:424] - Retrieving stats for target ID: 1
2025-06-17 04:27:14,645 - target_routes - DEBUG - [target_routes.py:145] - Listing targets with params: skip=0, limit=100, sort_by=created_at, sort_desc=True
2025-06-17 04:27:14,646 - target_routes - DEBUG - [target_routes.py:165] - Retrieved 3 targets
2025-06-17 04:27:15,130 - target_routes - DEBUG - [target_routes.py:424] - Retrieving stats for target ID: 3
2025-06-17 04:27:15,141 - target_routes - DEBUG - [target_routes.py:424] - Retrieving stats for target ID: 2
2025-06-17 04:27:15,150 - target_routes - DEBUG - [target_routes.py:145] - Listing targets with params: skip=0, limit=100, sort_by=created_at, sort_desc=True
2025-06-17 04:27:15,152 - target_routes - DEBUG - [target_routes.py:165] - Retrieved 3 targets
2025-06-17 04:27:15,157 - target_routes - DEBUG - [target_routes.py:424] - Retrieving stats for target ID: 1
2025-06-17 04:27:15,468 - target_routes - DEBUG - [target_routes.py:424] - Retrieving stats for target ID: 3
2025-06-17 04:27:15,476 - target_routes - DEBUG - [target_routes.py:424] - Retrieving stats for target ID: 2
2025-06-17 04:27:15,485 - target_routes - DEBUG - [target_routes.py:424] - Retrieving stats for target ID: 1
2025-06-17 04:27:15,493 - target_routes - DEBUG - [target_routes.py:145] - Listing targets with params: skip=0, limit=100, sort_by=created_at, sort_desc=True
2025-06-17 04:27:15,494 - target_routes - DEBUG - [target_routes.py:165] - Retrieved 3 targets
2025-06-17 04:27:15,958 - target_routes - DEBUG - [target_routes.py:424] - Retrieving stats for target ID: 3
2025-06-17 04:27:15,969 - target_routes - DEBUG - [target_routes.py:424] - Retrieving stats for target ID: 2
2025-06-17 04:27:15,976 - target_routes - DEBUG - [target_routes.py:424] - Retrieving stats for target ID: 1
2025-06-17 04:27:15,983 - target_routes - DEBUG - [target_routes.py:145] - Listing targets with params: skip=0, limit=100, sort_by=created_at, sort_desc=True
2025-06-17 04:27:15,985 - target_routes - DEBUG - [target_routes.py:165] - Retrieved 3 targets
2025-06-17 04:27:16,369 - target_routes - DEBUG - [target_routes.py:424] - Retrieving stats for target ID: 2
2025-06-17 04:27:16,376 - target_routes - DEBUG - [target_routes.py:424] - Retrieving stats for target ID: 3
2025-06-17 04:27:16,383 - target_routes - DEBUG - [target_routes.py:424] - Retrieving stats for target ID: 1
2025-06-17 04:27:16,390 - target_routes - DEBUG - [target_routes.py:145] - Listing targets with params: skip=0, limit=100, sort_by=created_at, sort_desc=True
2025-06-17 04:27:16,391 - target_routes - DEBUG - [target_routes.py:165] - Retrieved 3 targets
2025-06-17 04:27:18,862 - target_routes - DEBUG - [target_routes.py:145] - Listing targets with params: skip=0, limit=100, sort_by=created_at, sort_desc=True
2025-06-17 04:27:18,864 - target_routes - DEBUG - [target_routes.py:165] - Retrieved 3 targets
2025-06-17 04:27:18,915 - target_routes - DEBUG - [target_routes.py:424] - Retrieving stats for target ID: 3
2025-06-17 04:27:18,924 - target_routes - DEBUG - [target_routes.py:424] - Retrieving stats for target ID: 2
2025-06-17 04:27:18,933 - target_routes - DEBUG - [target_routes.py:424] - Retrieving stats for target ID: 1
2025-06-17 04:27:21,179 - target_routes - DEBUG - [target_routes.py:145] - Listing targets with params: skip=0, limit=100, sort_by=created_at, sort_desc=True
2025-06-17 04:27:21,181 - target_routes - DEBUG - [target_routes.py:165] - Retrieved 3 targets
2025-06-17 04:27:21,229 - target_routes - DEBUG - [target_routes.py:424] - Retrieving stats for target ID: 3
2025-06-17 04:27:21,237 - target_routes - DEBUG - [target_routes.py:424] - Retrieving stats for target ID: 2
2025-06-17 04:27:21,244 - target_routes - DEBUG - [target_routes.py:424] - Retrieving stats for target ID: 1
2025-06-17 04:45:28,772 - target_routes - DEBUG - [target_routes.py:145] - Listing targets with params: skip=0, limit=100, sort_by=created_at, sort_desc=True
2025-06-17 04:45:28,809 - target_routes - DEBUG - [target_routes.py:165] - Retrieved 3 targets
2025-06-17 04:45:28,870 - target_routes - DEBUG - [target_routes.py:424] - Retrieving stats for target ID: 3
2025-06-17 04:45:28,895 - target_routes - DEBUG - [target_routes.py:424] - Retrieving stats for target ID: 2
2025-06-17 04:45:28,907 - target_routes - DEBUG - [target_routes.py:424] - Retrieving stats for target ID: 1
2025-06-17 04:45:34,349 - target_routes - DEBUG - [target_routes.py:145] - Listing targets with params: skip=0, limit=100, sort_by=created_at, sort_desc=True
2025-06-17 04:45:34,350 - target_routes - DEBUG - [target_routes.py:165] - Retrieved 3 targets
2025-06-17 04:45:34,367 - target_routes - DEBUG - [target_routes.py:424] - Retrieving stats for target ID: 2
2025-06-17 04:45:34,402 - target_routes - DEBUG - [target_routes.py:424] - Retrieving stats for target ID: 3
2025-06-17 04:45:34,423 - target_routes - DEBUG - [target_routes.py:424] - Retrieving stats for target ID: 1
2025-06-17 04:46:23,811 - target_routes - DEBUG - [target_routes.py:424] - Retrieving stats for target ID: 3
2025-06-17 04:46:23,824 - target_routes - DEBUG - [target_routes.py:424] - Retrieving stats for target ID: 2
2025-06-17 04:46:23,834 - target_routes - DEBUG - [target_routes.py:145] - Listing targets with params: skip=0, limit=100, sort_by=created_at, sort_desc=True
2025-06-17 04:46:23,835 - target_routes - DEBUG - [target_routes.py:165] - Retrieved 3 targets
2025-06-17 04:46:23,842 - target_routes - DEBUG - [target_routes.py:424] - Retrieving stats for target ID: 1
2025-06-17 04:46:25,342 - target_routes - DEBUG - [target_routes.py:424] - Retrieving stats for target ID: 3
2025-06-17 04:46:25,353 - target_routes - DEBUG - [target_routes.py:424] - Retrieving stats for target ID: 2
2025-06-17 04:46:25,364 - target_routes - DEBUG - [target_routes.py:424] - Retrieving stats for target ID: 1
2025-06-17 04:46:25,379 - target_routes - DEBUG - [target_routes.py:145] - Listing targets with params: skip=0, limit=100, sort_by=created_at, sort_desc=True
2025-06-17 04:46:25,380 - target_routes - DEBUG - [target_routes.py:165] - Retrieved 3 targets
2025-06-17 04:53:53,325 - target_routes - DEBUG - [target_routes.py:424] - Retrieving stats for target ID: 3
2025-06-17 04:53:53,338 - target_routes - DEBUG - [target_routes.py:424] - Retrieving stats for target ID: 2
2025-06-17 04:53:53,347 - target_routes - DEBUG - [target_routes.py:145] - Listing targets with params: skip=0, limit=100, sort_by=created_at, sort_desc=True
2025-06-17 04:53:53,349 - target_routes - DEBUG - [target_routes.py:165] - Retrieved 3 targets
2025-06-17 04:53:53,355 - target_routes - DEBUG - [target_routes.py:424] - Retrieving stats for target ID: 1
2025-06-17 04:53:56,601 - target_routes - DEBUG - [target_routes.py:424] - Retrieving stats for target ID: 3
2025-06-17 04:53:56,611 - target_routes - DEBUG - [target_routes.py:424] - Retrieving stats for target ID: 2
2025-06-17 04:53:56,620 - target_routes - DEBUG - [target_routes.py:145] - Listing targets with params: skip=0, limit=100, sort_by=created_at, sort_desc=True
2025-06-17 04:53:56,622 - target_routes - DEBUG - [target_routes.py:165] - Retrieved 3 targets
2025-06-17 04:53:56,629 - target_routes - DEBUG - [target_routes.py:424] - Retrieving stats for target ID: 1
2025-06-17 04:55:06,634 - target_routes - DEBUG - [target_routes.py:145] - Listing targets with params: skip=0, limit=100, sort_by=created_at, sort_desc=True
2025-06-17 04:55:06,639 - target_routes - DEBUG - [target_routes.py:165] - Retrieved 3 targets
2025-06-17 04:55:06,652 - target_routes - DEBUG - [target_routes.py:424] - Retrieving stats for target ID: 2
2025-06-17 04:55:06,664 - target_routes - DEBUG - [target_routes.py:424] - Retrieving stats for target ID: 1
2025-06-17 04:55:06,675 - target_routes - DEBUG - [target_routes.py:424] - Retrieving stats for target ID: 3
2025-06-17 04:57:31,200 - target_routes - DEBUG - [target_routes.py:145] - Listing targets with params: skip=0, limit=100, sort_by=created_at, sort_desc=True
2025-06-17 04:57:31,203 - target_routes - DEBUG - [target_routes.py:165] - Retrieved 3 targets
2025-06-17 04:57:39,364 - target_routes - DEBUG - [target_routes.py:145] - Listing targets with params: skip=0, limit=100, sort_by=created_at, sort_desc=True
2025-06-17 04:57:39,365 - target_routes - DEBUG - [target_routes.py:165] - Retrieved 3 targets
2025-06-17 04:57:39,428 - target_routes - DEBUG - [target_routes.py:424] - Retrieving stats for target ID: 3
2025-06-17 04:57:39,440 - target_routes - DEBUG - [target_routes.py:424] - Retrieving stats for target ID: 2
2025-06-17 04:57:39,451 - target_routes - DEBUG - [target_routes.py:424] - Retrieving stats for target ID: 1
2025-06-17 04:57:49,203 - target_routes - DEBUG - [target_routes.py:424] - Retrieving stats for target ID: 3
2025-06-17 04:57:49,213 - target_routes - DEBUG - [target_routes.py:424] - Retrieving stats for target ID: 2
2025-06-17 04:57:49,222 - target_routes - DEBUG - [target_routes.py:424] - Retrieving stats for target ID: 1
2025-06-17 04:57:49,232 - target_routes - DEBUG - [target_routes.py:145] - Listing targets with params: skip=0, limit=100, sort_by=created_at, sort_desc=True
2025-06-17 04:57:49,234 - target_routes - DEBUG - [target_routes.py:165] - Retrieved 3 targets
2025-06-17 04:57:55,972 - target_routes - DEBUG - [target_routes.py:145] - Listing targets with params: skip=0, limit=100, sort_by=created_at, sort_desc=True
2025-06-17 04:57:55,975 - target_routes - DEBUG - [target_routes.py:165] - Retrieved 3 targets
2025-06-17 04:57:56,126 - target_routes - DEBUG - [target_routes.py:424] - Retrieving stats for target ID: 2
2025-06-17 04:57:56,140 - target_routes - DEBUG - [target_routes.py:424] - Retrieving stats for target ID: 1
2025-06-17 04:57:56,152 - target_routes - DEBUG - [target_routes.py:424] - Retrieving stats for target ID: 3
2025-06-17 04:59:27,324 - target_routes - DEBUG - [target_routes.py:145] - Listing targets with params: skip=0, limit=100, sort_by=created_at, sort_desc=True
2025-06-17 04:59:27,325 - target_routes - DEBUG - [target_routes.py:165] - Retrieved 3 targets
2025-06-17 04:59:30,386 - target_routes - DEBUG - [target_routes.py:145] - Listing targets with params: skip=0, limit=100, sort_by=created_at, sort_desc=True
2025-06-17 04:59:30,387 - target_routes - DEBUG - [target_routes.py:165] - Retrieved 3 targets
2025-06-17 04:59:30,459 - target_routes - DEBUG - [target_routes.py:424] - Retrieving stats for target ID: 3
2025-06-17 04:59:30,470 - target_routes - DEBUG - [target_routes.py:424] - Retrieving stats for target ID: 2
2025-06-17 04:59:30,479 - target_routes - DEBUG - [target_routes.py:424] - Retrieving stats for target ID: 1
2025-06-17 04:59:47,231 - target_routes - DEBUG - [target_routes.py:145] - Listing targets with params: skip=0, limit=100, sort_by=created_at, sort_desc=True
2025-06-17 04:59:47,233 - target_routes - DEBUG - [target_routes.py:165] - Retrieved 3 targets
2025-06-17 04:59:47,245 - target_routes - DEBUG - [target_routes.py:424] - Retrieving stats for target ID: 1
2025-06-17 04:59:47,255 - target_routes - DEBUG - [target_routes.py:424] - Retrieving stats for target ID: 2
2025-06-17 04:59:47,266 - target_routes - DEBUG - [target_routes.py:424] - Retrieving stats for target ID: 3
2025-06-17 04:59:53,730 - target_routes - DEBUG - [target_routes.py:145] - Listing targets with params: skip=0, limit=100, sort_by=created_at, sort_desc=True
2025-06-17 04:59:53,732 - target_routes - DEBUG - [target_routes.py:165] - Retrieved 3 targets
2025-06-17 04:59:53,740 - target_routes - DEBUG - [target_routes.py:424] - Retrieving stats for target ID: 2
2025-06-17 04:59:53,750 - target_routes - DEBUG - [target_routes.py:424] - Retrieving stats for target ID: 1
2025-06-17 04:59:53,760 - target_routes - DEBUG - [target_routes.py:424] - Retrieving stats for target ID: 3
2025-06-17 05:00:55,592 - target_routes - DEBUG - [target_routes.py:145] - Listing targets with params: skip=0, limit=100, sort_by=created_at, sort_desc=True
2025-06-17 05:00:55,593 - target_routes - DEBUG - [target_routes.py:165] - Retrieved 3 targets
2025-06-17 05:00:59,094 - target_routes - DEBUG - [target_routes.py:145] - Listing targets with params: skip=0, limit=100, sort_by=created_at, sort_desc=True
2025-06-17 05:00:59,096 - target_routes - DEBUG - [target_routes.py:165] - Retrieved 3 targets
2025-06-17 05:00:59,154 - target_routes - DEBUG - [target_routes.py:424] - Retrieving stats for target ID: 3
2025-06-17 05:00:59,167 - target_routes - DEBUG - [target_routes.py:424] - Retrieving stats for target ID: 2
2025-06-17 05:00:59,177 - target_routes - DEBUG - [target_routes.py:424] - Retrieving stats for target ID: 1
2025-06-17 05:01:09,613 - target_routes - DEBUG - [target_routes.py:145] - Listing targets with params: skip=0, limit=100, sort_by=created_at, sort_desc=True
2025-06-17 05:01:09,614 - target_routes - DEBUG - [target_routes.py:165] - Retrieved 3 targets
2025-06-17 05:01:09,627 - target_routes - DEBUG - [target_routes.py:424] - Retrieving stats for target ID: 1
2025-06-17 05:01:09,639 - target_routes - DEBUG - [target_routes.py:424] - Retrieving stats for target ID: 2
2025-06-17 05:01:09,648 - target_routes - DEBUG - [target_routes.py:424] - Retrieving stats for target ID: 3
2025-06-17 05:05:03,595 - target_routes - DEBUG - [target_routes.py:424] - Retrieving stats for target ID: 1
2025-06-17 05:05:03,609 - target_routes - DEBUG - [target_routes.py:424] - Retrieving stats for target ID: 3
2025-06-17 05:05:03,622 - target_routes - DEBUG - [target_routes.py:424] - Retrieving stats for target ID: 2
2025-06-17 05:05:03,636 - target_routes - DEBUG - [target_routes.py:145] - Listing targets with params: skip=0, limit=100, sort_by=created_at, sort_desc=True
2025-06-17 05:05:03,638 - target_routes - DEBUG - [target_routes.py:165] - Retrieved 3 targets
2025-06-17 05:08:50,543 - target_routes - DEBUG - [target_routes.py:277] - Deleting target with ID: 3
2025-06-17 05:08:50,776 - target_routes - INFO - [target_routes.py:285] - Successfully deleted target: 3
2025-06-17 05:08:50,789 - target_routes - DEBUG - [target_routes.py:424] - Retrieving stats for target ID: 3
2025-06-17 05:08:50,790 - target_routes - WARNING - [target_routes.py:427] - Target not found with ID: 3
2025-06-17 05:08:50,803 - target_routes - DEBUG - [target_routes.py:424] - Retrieving stats for target ID: 2
2025-06-17 05:08:50,813 - target_routes - DEBUG - [target_routes.py:424] - Retrieving stats for target ID: 1
2025-06-17 05:08:50,821 - target_routes - DEBUG - [target_routes.py:145] - Listing targets with params: skip=0, limit=100, sort_by=created_at, sort_desc=True
2025-06-17 05:08:50,823 - target_routes - DEBUG - [target_routes.py:165] - Retrieved 2 targets
2025-06-17 05:09:05,408 - target_routes - DEBUG - [target_routes.py:69] - Attempting to create target: IT
2025-06-17 05:09:05,436 - target_routes - INFO - [target_routes.py:112] - Successfully created target: IT
2025-06-17 05:09:05,465 - target_routes - DEBUG - [target_routes.py:145] - Listing targets with params: skip=0, limit=100, sort_by=created_at, sort_desc=True
2025-06-17 05:09:05,466 - target_routes - DEBUG - [target_routes.py:165] - Retrieved 3 targets
2025-06-17 05:09:05,498 - target_routes - DEBUG - [target_routes.py:424] - Retrieving stats for target ID: 1004
2025-06-17 05:15:32,568 - target_routes - DEBUG - [target_routes.py:424] - Retrieving stats for target ID: 2
2025-06-17 05:15:32,581 - target_routes - DEBUG - [target_routes.py:145] - Listing targets with params: skip=0, limit=100, sort_by=created_at, sort_desc=True
2025-06-17 05:15:32,582 - target_routes - DEBUG - [target_routes.py:165] - Retrieved 3 targets
2025-06-17 05:15:32,590 - target_routes - DEBUG - [target_routes.py:424] - Retrieving stats for target ID: 1
2025-06-17 05:15:32,601 - target_routes - DEBUG - [target_routes.py:424] - Retrieving stats for target ID: 1004
2025-06-17 05:15:38,820 - target_routes - DEBUG - [target_routes.py:424] - Retrieving stats for target ID: 1004
2025-06-17 05:15:38,830 - target_routes - DEBUG - [target_routes.py:424] - Retrieving stats for target ID: 1
2025-06-17 05:15:38,837 - target_routes - DEBUG - [target_routes.py:424] - Retrieving stats for target ID: 2
2025-06-17 05:15:38,844 - target_routes - DEBUG - [target_routes.py:145] - Listing targets with params: skip=0, limit=100, sort_by=created_at, sort_desc=True
2025-06-17 05:15:38,845 - target_routes - DEBUG - [target_routes.py:165] - Retrieved 3 targets
2025-06-17 06:04:35,183 - target_routes - DEBUG - [target_routes.py:145] - Listing targets with params: skip=0, limit=100, sort_by=created_at, sort_desc=True
2025-06-17 06:04:35,190 - target_routes - DEBUG - [target_routes.py:165] - Retrieved 3 targets
2025-06-17 06:04:35,248 - target_routes - DEBUG - [target_routes.py:424] - Retrieving stats for target ID: 2
2025-06-17 06:04:35,274 - target_routes - DEBUG - [target_routes.py:424] - Retrieving stats for target ID: 1004
2025-06-17 06:04:35,287 - target_routes - DEBUG - [target_routes.py:424] - Retrieving stats for target ID: 1
